{
  "stats": {
    "suites": 8,
    "tests": 42,
    "passes": 41,
    "pending": 0,
    "failures": 1,
    "start": "2025-11-06T00:15:42.368Z",
    "end": "2025-11-06T00:15:42.609Z",
    "duration": 241,
    "testsRegistered": 42,
    "passPercent": 97.61904761904762,
    "pendingPercent": 0,
    "other": 0,
    "hasOther": false,
    "skipped": 0,
    "hasSkipped": false
  },
  "results": [
    {
      "uuid": "236a3161-a64e-4179-ad33-4494688d8d37",
      "title": "",
      "fullFile": "",
      "file": "",
      "beforeHooks": [],
      "afterHooks": [],
      "tests": [],
      "suites": [
        {
          "uuid": "14be5787-bb4d-465b-a4be-646a9ee387ed",
          "title": "POST /api/destinations",
          "fullFile": "/Users/celiapaiva/M2.0/travel-manager-api/test/tests/createDestination.test.js",
          "file": "/test/tests/createDestination.test.js",
          "beforeHooks": [
            {
              "title": "\"before all\" hook in \"POST /api/destinations\"",
              "fullTitle": "POST /api/destinations \"before all\" hook in \"POST /api/destinations\"",
              "timedOut": false,
              "duration": 39,
              "state": null,
              "speed": null,
              "pass": false,
              "fail": false,
              "pending": false,
              "context": null,
              "code": "// Garante que o usuário existe e obtém token\nawait registerUser(postLogin);\ntoken = await obterToken(postLogin.username, postLogin.password);",
              "err": {},
              "uuid": "08caf177-0860-4264-a5c0-804c86038205",
              "parentUUID": "14be5787-bb4d-465b-a4be-646a9ee387ed",
              "isHook": true,
              "skipped": false
            }
          ],
          "afterHooks": [],
          "tests": [
            {
              "title": "16 - Registrar informações de um novo destino com dados válidos",
              "fullTitle": "POST /api/destinations 16 - Registrar informações de um novo destino com dados válidos",
              "timedOut": false,
              "duration": 2,
              "state": "passed",
              "speed": "fast",
              "pass": true,
              "fail": false,
              "pending": false,
              "context": null,
              "code": "const response = await request(baseUrl)\n  .post(endpoint)\n  .set(\"Authorization\", `Bearer ${token}`)\n  .set(\"Content-Type\", \"application/json\")\n  .send(postDest);\nexpect(response.status).to.equal(201);\nexpect(response.body).to.have.property(\"id\");\nexpect(response.body).to.have.property(\"name\", postDest.name);\nexpect(response.body).to.have.property(\"status\", postDest.status);",
              "err": {},
              "uuid": "7b76cd92-eee4-4ccf-843f-8f84b64c34a5",
              "parentUUID": "14be5787-bb4d-465b-a4be-646a9ee387ed",
              "isHook": false,
              "skipped": false
            },
            {
              "title": "17 - Registrar informações de um novo destino apenas com dados obrigatórios",
              "fullTitle": "POST /api/destinations 17 - Registrar informações de um novo destino apenas com dados obrigatórios",
              "timedOut": false,
              "duration": 2,
              "state": "passed",
              "speed": "fast",
              "pass": true,
              "fail": false,
              "pending": false,
              "context": null,
              "code": "const minimal = { name: \"Rio de Janeiro\", status: \"wishlist\" };\nconst response = await request(baseUrl)\n  .post(endpoint)\n  .set(\"Authorization\", `Bearer ${token}`)\n  .set(\"Content-Type\", \"application/json\")\n  .send(minimal);\nexpect(response.status).to.equal(201);\nexpect(response.body).to.have.property(\"id\");\nexpect(response.body).to.have.property(\"name\", minimal.name);\nexpect(response.body).to.have.property(\"status\", minimal.status);",
              "err": {},
              "uuid": "f8c66868-b8fa-4af2-b91c-da73b996f792",
              "parentUUID": "14be5787-bb4d-465b-a4be-646a9ee387ed",
              "isHook": false,
              "skipped": false
            },
            {
              "title": "18 - Registrar informações sem o dado obrigatório nome",
              "fullTitle": "POST /api/destinations 18 - Registrar informações sem o dado obrigatório nome",
              "timedOut": false,
              "duration": 1,
              "state": "passed",
              "speed": "fast",
              "pass": true,
              "fail": false,
              "pending": false,
              "context": null,
              "code": "const { status, details, date } = postDest;\nconst response = await request(baseUrl)\n  .post(endpoint)\n  .set(\"Authorization\", `Bearer ${token}`)\n  .set(\"Content-Type\", \"application/json\")\n  .send({ status, details, date });\nexpect(response.status).to.equal(400);",
              "err": {},
              "uuid": "53490a7f-5778-41a8-bd2b-517f3e4c3202",
              "parentUUID": "14be5787-bb4d-465b-a4be-646a9ee387ed",
              "isHook": false,
              "skipped": false
            },
            {
              "title": "19 - Registrar informações sem o dado obrigatório status",
              "fullTitle": "POST /api/destinations 19 - Registrar informações sem o dado obrigatório status",
              "timedOut": false,
              "duration": 1,
              "state": "passed",
              "speed": "fast",
              "pass": true,
              "fail": false,
              "pending": false,
              "context": null,
              "code": "const { name, details, date } = postDest;\nconst response = await request(baseUrl)\n  .post(endpoint)\n  .set(\"Authorization\", `Bearer ${token}`)\n  .set(\"Content-Type\", \"application/json\")\n  .send({ name, details, date });\nexpect(response.status).to.equal(400);",
              "err": {},
              "uuid": "2ca4ec7e-e7c2-4a6a-9402-77ee53d09dbe",
              "parentUUID": "14be5787-bb4d-465b-a4be-646a9ee387ed",
              "isHook": false,
              "skipped": false
            },
            {
              "title": "20 - Registrar informações com dado obrigatório nome inválido",
              "fullTitle": "POST /api/destinations 20 - Registrar informações com dado obrigatório nome inválido",
              "timedOut": false,
              "duration": 1,
              "state": "passed",
              "speed": "fast",
              "pass": true,
              "fail": false,
              "pending": false,
              "context": null,
              "code": "const response = await request(baseUrl)\n  .post(endpoint)\n  .set(\"Authorization\", `Bearer ${token}`)\n  .set(\"Content-Type\", \"application/json\")\n  .send({ ...postDest, name: \"\" });\nexpect(response.status).to.equal(400);",
              "err": {},
              "uuid": "7290145e-126f-4725-92c2-c3590d077a7b",
              "parentUUID": "14be5787-bb4d-465b-a4be-646a9ee387ed",
              "isHook": false,
              "skipped": false
            },
            {
              "title": "21 - Registrar informações com dado obrigatório status inválido",
              "fullTitle": "POST /api/destinations 21 - Registrar informações com dado obrigatório status inválido",
              "timedOut": false,
              "duration": 2,
              "state": "passed",
              "speed": "fast",
              "pass": true,
              "fail": false,
              "pending": false,
              "context": null,
              "code": "const response = await request(baseUrl)\n  .post(endpoint)\n  .set(\"Authorization\", `Bearer ${token}`)\n  .set(\"Content-Type\", \"application/json\")\n  .send({ ...postDest, status: \"\" });\nexpect(response.status).to.equal(400);",
              "err": {},
              "uuid": "ebfa5dad-e769-4d67-ae61-5636e26e678f",
              "parentUUID": "14be5787-bb4d-465b-a4be-646a9ee387ed",
              "isHook": false,
              "skipped": false
            },
            {
              "title": "22 - Registrar informações de um novo destino sem autenticação válida",
              "fullTitle": "POST /api/destinations 22 - Registrar informações de um novo destino sem autenticação válida",
              "timedOut": false,
              "duration": 1,
              "state": "passed",
              "speed": "fast",
              "pass": true,
              "fail": false,
              "pending": false,
              "context": null,
              "code": "const tokenVazio = \"\";\nconst response = await request(baseUrl)\n  .post(endpoint)\n  .set(\"Authorization\", `Bearer ${tokenVazio}`)\n  .set(\"Content-Type\", \"application/json\")\n  .send(postDest);\nexpect(response.status).to.equal(401);",
              "err": {},
              "uuid": "44fc9053-343b-4aa3-94c3-f963d45431e3",
              "parentUUID": "14be5787-bb4d-465b-a4be-646a9ee387ed",
              "isHook": false,
              "skipped": false
            },
            {
              "title": "23 - Registrar informações de um novo destino com autenticação inválida",
              "fullTitle": "POST /api/destinations 23 - Registrar informações de um novo destino com autenticação inválida",
              "timedOut": false,
              "duration": 2,
              "state": "passed",
              "speed": "fast",
              "pass": true,
              "fail": false,
              "pending": false,
              "context": null,
              "code": "const tokenInvalido = \"token_invalido\";\nconst response = await request(baseUrl)\n  .post(endpoint)\n  .set(\"Authorization\", `Bearer ${tokenInvalido}`)\n  .set(\"Content-Type\", \"application/json\")\n  .send(postDest);\nexpect([401, 403]).to.include(response.status);",
              "err": {},
              "uuid": "26cab35f-d9a9-4ff3-8458-77210c82995f",
              "parentUUID": "14be5787-bb4d-465b-a4be-646a9ee387ed",
              "isHook": false,
              "skipped": false
            }
          ],
          "suites": [],
          "passes": [
            "7b76cd92-eee4-4ccf-843f-8f84b64c34a5",
            "f8c66868-b8fa-4af2-b91c-da73b996f792",
            "53490a7f-5778-41a8-bd2b-517f3e4c3202",
            "2ca4ec7e-e7c2-4a6a-9402-77ee53d09dbe",
            "7290145e-126f-4725-92c2-c3590d077a7b",
            "ebfa5dad-e769-4d67-ae61-5636e26e678f",
            "44fc9053-343b-4aa3-94c3-f963d45431e3",
            "26cab35f-d9a9-4ff3-8458-77210c82995f"
          ],
          "failures": [],
          "pending": [],
          "skipped": [],
          "duration": 12,
          "root": false,
          "rootEmpty": false,
          "_timeout": 2000
        },
        {
          "uuid": "9d402a98-5146-4529-8eae-ec349e5263cd",
          "title": "DELETE /api/destinations/{id}",
          "fullFile": "/Users/celiapaiva/M2.0/travel-manager-api/test/tests/deleteDestination.test.js",
          "file": "/test/tests/deleteDestination.test.js",
          "beforeHooks": [
            {
              "title": "\"before all\" hook in \"DELETE /api/destinations/{id}\"",
              "fullTitle": "DELETE /api/destinations/{id} \"before all\" hook in \"DELETE /api/destinations/{id}\"",
              "timedOut": false,
              "duration": 20,
              "state": null,
              "speed": null,
              "pass": false,
              "fail": false,
              "pending": false,
              "context": null,
              "code": "// Garante que o usuário existe e obtém token\nawait request(baseUrl)\n  .post(\"/api/users/register\")\n  .set(\"Content-Type\", \"application/json\")\n  .send(postLogin);\ntoken = await obterToken(postLogin.username, postLogin.password);\n// Cria um destino para os testes\ncreatedDestination = await createDestination(token, postDest);",
              "err": {},
              "uuid": "9e0d4530-ac6b-4e99-99fc-144f68ae882d",
              "parentUUID": "9d402a98-5146-4529-8eae-ec349e5263cd",
              "isHook": true,
              "skipped": false
            }
          ],
          "afterHooks": [],
          "tests": [
            {
              "title": "39 - Deletar destino com autenticação válida",
              "fullTitle": "DELETE /api/destinations/{id} 39 - Deletar destino com autenticação válida",
              "timedOut": false,
              "duration": 3,
              "state": "passed",
              "speed": "fast",
              "pass": true,
              "fail": false,
              "pending": false,
              "context": null,
              "code": "const response = await request(baseUrl)\n  .delete(`${endpoint}/${createdDestination.id}`)\n  .set(\"Authorization\", `Bearer ${token}`);\nexpect(response.status).to.equal(200);\nexpect(response.body).to.have.property(\"message\");",
              "err": {},
              "uuid": "cbc3cb56-ed31-4455-8a2c-f6a6571cab11",
              "parentUUID": "9d402a98-5146-4529-8eae-ec349e5263cd",
              "isHook": false,
              "skipped": false
            },
            {
              "title": "40 - Deletar destino inexistente com autenticação válida",
              "fullTitle": "DELETE /api/destinations/{id} 40 - Deletar destino inexistente com autenticação válida",
              "timedOut": false,
              "duration": 1,
              "state": "passed",
              "speed": "fast",
              "pass": true,
              "fail": false,
              "pending": false,
              "context": null,
              "code": "const nonexistentId = \"nonexistent\";\nconst response = await request(baseUrl)\n  .delete(`${endpoint}/${nonexistentId}`)\n  .set(\"Authorization\", `Bearer ${token}`);\nexpect(response.status).to.equal(404);",
              "err": {},
              "uuid": "80f77c26-4ad0-46d5-abc2-2824c173f380",
              "parentUUID": "9d402a98-5146-4529-8eae-ec349e5263cd",
              "isHook": false,
              "skipped": false
            },
            {
              "title": "41 - Deletar destino sem autenticação válida",
              "fullTitle": "DELETE /api/destinations/{id} 41 - Deletar destino sem autenticação válida",
              "timedOut": false,
              "duration": 2,
              "state": "passed",
              "speed": "fast",
              "pass": true,
              "fail": false,
              "pending": false,
              "context": null,
              "code": "const tokenVazio = \"\";\nconst response = await request(baseUrl)\n  .delete(`${endpoint}/${createdDestination.id}`)\n  .set(\"Authorization\", `Bearer ${tokenVazio}`);\nexpect(response.status).to.equal(401);",
              "err": {},
              "uuid": "1e31b80a-dfdc-459b-8512-eb0642812834",
              "parentUUID": "9d402a98-5146-4529-8eae-ec349e5263cd",
              "isHook": false,
              "skipped": false
            },
            {
              "title": "42 - Deletar destino com autenticação inválida",
              "fullTitle": "DELETE /api/destinations/{id} 42 - Deletar destino com autenticação inválida",
              "timedOut": false,
              "duration": 1,
              "state": "passed",
              "speed": "fast",
              "pass": true,
              "fail": false,
              "pending": false,
              "context": null,
              "code": "const tokenInvalido = \"token_invalido\";\nconst response = await request(baseUrl)\n  .delete(`${endpoint}/${createdDestination.id}`)\n  .set(\"Authorization\", `Bearer ${tokenInvalido}`);\nexpect(response.status).to.equal(403);",
              "err": {},
              "uuid": "ab8fe780-c3b3-4aa6-b71d-6179bcc19046",
              "parentUUID": "9d402a98-5146-4529-8eae-ec349e5263cd",
              "isHook": false,
              "skipped": false
            }
          ],
          "suites": [],
          "passes": [
            "cbc3cb56-ed31-4455-8a2c-f6a6571cab11",
            "80f77c26-4ad0-46d5-abc2-2824c173f380",
            "1e31b80a-dfdc-459b-8512-eb0642812834",
            "ab8fe780-c3b3-4aa6-b71d-6179bcc19046"
          ],
          "failures": [],
          "pending": [],
          "skipped": [],
          "duration": 7,
          "root": false,
          "rootEmpty": false,
          "_timeout": 2000
        },
        {
          "uuid": "0db6888b-3518-4fb0-9d48-1c72c1f5fd15",
          "title": "GET /api/destinations",
          "fullFile": "/Users/celiapaiva/M2.0/travel-manager-api/test/tests/getDestinations.test.js",
          "file": "/test/tests/getDestinations.test.js",
          "beforeHooks": [
            {
              "title": "\"before all\" hook in \"GET /api/destinations\"",
              "fullTitle": "GET /api/destinations \"before all\" hook in \"GET /api/destinations\"",
              "timedOut": false,
              "duration": 20,
              "state": null,
              "speed": null,
              "pass": false,
              "fail": false,
              "pending": false,
              "context": null,
              "code": "// Garante que o usuário existe e obtém token\nawait registerUser(postLogin);\ntoken = await obterToken(postLogin.username, postLogin.password);\n// Cria pelo menos um destino usando o helper\nawait createDestination(token, postDest);",
              "err": {},
              "uuid": "9f226237-fe2a-4e16-b4f8-6b5d814f8f69",
              "parentUUID": "0db6888b-3518-4fb0-9d48-1c72c1f5fd15",
              "isHook": true,
              "skipped": false
            }
          ],
          "afterHooks": [],
          "tests": [
            {
              "title": "24 - Acessar lista de destinos do usuário com autenticação válida",
              "fullTitle": "GET /api/destinations 24 - Acessar lista de destinos do usuário com autenticação válida",
              "timedOut": false,
              "duration": 1,
              "state": "passed",
              "speed": "fast",
              "pass": true,
              "fail": false,
              "pending": false,
              "context": null,
              "code": "const response = await request(baseUrl)\n  .get(endpoint)\n  .set(\"Authorization\", `Bearer ${token}`);\nexpect(response.status).to.equal(200);\nexpect(response.body).to.be.an(\"array\");\nexpect(response.body.length).to.be.greaterThan(0);\nexpect(response.body[0]).to.have.property(\"name\");\nexpect(response.body[0]).to.have.property(\"status\");",
              "err": {},
              "uuid": "c3c85ab5-7487-410b-bde9-b0e4358b5d8d",
              "parentUUID": "0db6888b-3518-4fb0-9d48-1c72c1f5fd15",
              "isHook": false,
              "skipped": false
            },
            {
              "title": "25 - Acessar lista de destinos do usuário sem autenticação válida",
              "fullTitle": "GET /api/destinations 25 - Acessar lista de destinos do usuário sem autenticação válida",
              "timedOut": false,
              "duration": 1,
              "state": "passed",
              "speed": "fast",
              "pass": true,
              "fail": false,
              "pending": false,
              "context": null,
              "code": "const tokenVazio = \"\";\nconst response = await request(baseUrl)\n  .get(endpoint)\n  .set(\"Authorization\", `Bearer ${tokenVazio}`);\nexpect(response.status).to.equal(401);",
              "err": {},
              "uuid": "6d41d552-8c98-422e-8cd7-482bdeef17ba",
              "parentUUID": "0db6888b-3518-4fb0-9d48-1c72c1f5fd15",
              "isHook": false,
              "skipped": false
            },
            {
              "title": "26 - Acessar lista de destinos do usuário com autenticação inválida",
              "fullTitle": "GET /api/destinations 26 - Acessar lista de destinos do usuário com autenticação inválida",
              "timedOut": false,
              "duration": 0,
              "state": "passed",
              "speed": "fast",
              "pass": true,
              "fail": false,
              "pending": false,
              "context": null,
              "code": "const tokenInvalido = \"token_invalido\";\nconst response = await request(baseUrl)\n  .get(endpoint)\n  .set(\"Authorization\", `Bearer ${tokenInvalido}`);\nexpect(response.status).to.equal(403);",
              "err": {},
              "uuid": "d57cdea7-413e-43f0-9887-441df1dee886",
              "parentUUID": "0db6888b-3518-4fb0-9d48-1c72c1f5fd15",
              "isHook": false,
              "skipped": false
            }
          ],
          "suites": [],
          "passes": [
            "c3c85ab5-7487-410b-bde9-b0e4358b5d8d",
            "6d41d552-8c98-422e-8cd7-482bdeef17ba",
            "d57cdea7-413e-43f0-9887-441df1dee886"
          ],
          "failures": [],
          "pending": [],
          "skipped": [],
          "duration": 2,
          "root": false,
          "rootEmpty": false,
          "_timeout": 2000
        },
        {
          "uuid": "768cad47-eeda-442b-bd45-ad2145496dce",
          "title": "GET /api/destinations/{id}",
          "fullFile": "/Users/celiapaiva/M2.0/travel-manager-api/test/tests/getSingleDestination.test.js",
          "file": "/test/tests/getSingleDestination.test.js",
          "beforeHooks": [
            {
              "title": "\"before all\" hook in \"GET /api/destinations/{id}\"",
              "fullTitle": "GET /api/destinations/{id} \"before all\" hook in \"GET /api/destinations/{id}\"",
              "timedOut": false,
              "duration": 22,
              "state": null,
              "speed": null,
              "pass": false,
              "fail": false,
              "pending": false,
              "context": null,
              "code": "// Garante que o usuário existe e obtém token\nawait registerUser(postLogin);\ntoken = await obterToken(postLogin.username, postLogin.password);\n// Cria um destino para os testes\ncreatedDestination = await createDestination(token, postDest);",
              "err": {},
              "uuid": "6a6519fa-992b-45e3-8fd2-259f10395970",
              "parentUUID": "768cad47-eeda-442b-bd45-ad2145496dce",
              "isHook": true,
              "skipped": false
            }
          ],
          "afterHooks": [],
          "tests": [
            {
              "title": "27 - Acessar informação de destino específico com autenticação válida",
              "fullTitle": "GET /api/destinations/{id} 27 - Acessar informação de destino específico com autenticação válida",
              "timedOut": false,
              "duration": 1,
              "state": "passed",
              "speed": "fast",
              "pass": true,
              "fail": false,
              "pending": false,
              "context": null,
              "code": "const response = await request(baseUrl)\n  .get(`${endpoint}/${createdDestination.id}`)\n  .set(\"Authorization\", `Bearer ${token}`);\nexpect(response.status).to.equal(200);\nexpect(response.body).to.have.property(\"id\", createdDestination.id);\nexpect(response.body).to.have.property(\"name\", postDest.name);\nexpect(response.body).to.have.property(\"status\", postDest.status);",
              "err": {},
              "uuid": "636d283f-772d-4c37-b85b-c65cef76ab52",
              "parentUUID": "768cad47-eeda-442b-bd45-ad2145496dce",
              "isHook": false,
              "skipped": false
            },
            {
              "title": "28 - Acessar destino inexistente com autenticação válida",
              "fullTitle": "GET /api/destinations/{id} 28 - Acessar destino inexistente com autenticação válida",
              "timedOut": false,
              "duration": 0,
              "state": "passed",
              "speed": "fast",
              "pass": true,
              "fail": false,
              "pending": false,
              "context": null,
              "code": "const response = await request(baseUrl)\n  .get(`${endpoint}/id_inexistente`)\n  .set(\"Authorization\", `Bearer ${token}`);\nexpect(response.status).to.equal(404);",
              "err": {},
              "uuid": "4ede95d3-f585-4992-a56b-e91457bb1863",
              "parentUUID": "768cad47-eeda-442b-bd45-ad2145496dce",
              "isHook": false,
              "skipped": false
            },
            {
              "title": "29 - Acessar destino com autenticação ausente",
              "fullTitle": "GET /api/destinations/{id} 29 - Acessar destino com autenticação ausente",
              "timedOut": false,
              "duration": 0,
              "state": "passed",
              "speed": "fast",
              "pass": true,
              "fail": false,
              "pending": false,
              "context": null,
              "code": "const tokenVazio = \"\";\nconst response = await request(baseUrl)\n  .get(`${endpoint}/${createdDestination.id}`)\n  .set(\"Authorization\", `Bearer ${tokenVazio}`);\nexpect(response.status).to.equal(401);",
              "err": {},
              "uuid": "36131d9e-3063-459e-bb4a-6d79893eb0e5",
              "parentUUID": "768cad47-eeda-442b-bd45-ad2145496dce",
              "isHook": false,
              "skipped": false
            },
            {
              "title": "30 - Acessar destino com autenticação inválida",
              "fullTitle": "GET /api/destinations/{id} 30 - Acessar destino com autenticação inválida",
              "timedOut": false,
              "duration": 1,
              "state": "passed",
              "speed": "fast",
              "pass": true,
              "fail": false,
              "pending": false,
              "context": null,
              "code": "const tokenInvalido = \"token_invalido\";\nconst response = await request(baseUrl)\n  .get(`${endpoint}/${createdDestination.id}`)\n  .set(\"Authorization\", `Bearer ${tokenInvalido}`);\nexpect(response.status).to.equal(403);",
              "err": {},
              "uuid": "595c5955-ea94-46a0-bee0-46a6375a2b5a",
              "parentUUID": "768cad47-eeda-442b-bd45-ad2145496dce",
              "isHook": false,
              "skipped": false
            }
          ],
          "suites": [],
          "passes": [
            "636d283f-772d-4c37-b85b-c65cef76ab52",
            "4ede95d3-f585-4992-a56b-e91457bb1863",
            "36131d9e-3063-459e-bb4a-6d79893eb0e5",
            "595c5955-ea94-46a0-bee0-46a6375a2b5a"
          ],
          "failures": [],
          "pending": [],
          "skipped": [],
          "duration": 2,
          "root": false,
          "rootEmpty": false,
          "_timeout": 2000
        },
        {
          "uuid": "15cb131c-e997-4409-aa1a-0b2f44117754",
          "title": "POST /api/users/login",
          "fullFile": "/Users/celiapaiva/M2.0/travel-manager-api/test/tests/login.test.js",
          "file": "/test/tests/login.test.js",
          "beforeHooks": [
            {
              "title": "\"before all\" hook in \"POST /api/users/login\"",
              "fullTitle": "POST /api/users/login \"before all\" hook in \"POST /api/users/login\"",
              "timedOut": false,
              "duration": 1,
              "state": null,
              "speed": null,
              "pass": false,
              "fail": false,
              "pending": false,
              "context": null,
              "code": "// Garante que o usuário válido existe\nawait registerUser(validUser);",
              "err": {},
              "uuid": "ad5906b5-141c-4c7b-b26b-583800c61610",
              "parentUUID": "15cb131c-e997-4409-aa1a-0b2f44117754",
              "isHook": true,
              "skipped": false
            }
          ],
          "afterHooks": [],
          "tests": [
            {
              "title": "07 - Fazer login de usuário com credenciais válidas",
              "fullTitle": "POST /api/users/login 07 - Fazer login de usuário com credenciais válidas",
              "timedOut": false,
              "duration": 20,
              "state": "passed",
              "speed": "fast",
              "pass": true,
              "fail": false,
              "pending": false,
              "context": null,
              "code": "const response = await request(baseUrl)\n  .post(endpoint)\n  .set(\"Content-Type\", \"application/json\")\n  .send(validUser);\nexpect(response.status).to.equal(200);\nexpect(response.body).to.have.property(\"token\");\nexpect(response.body.token).to.be.a(\"string\");",
              "err": {},
              "uuid": "85fefdf9-8985-4c4e-aa87-c904ed7b6df3",
              "parentUUID": "15cb131c-e997-4409-aa1a-0b2f44117754",
              "isHook": false,
              "skipped": false
            },
            {
              "title": "08 - Fazer login de usuário com nome inválido",
              "fullTitle": "POST /api/users/login 08 - Fazer login de usuário com nome inválido",
              "timedOut": false,
              "duration": 2,
              "state": "passed",
              "speed": "fast",
              "pass": true,
              "fail": false,
              "pending": false,
              "context": null,
              "code": "const invalidName = \"invalid_name\";\nconst response = await request(baseUrl)\n  .post(endpoint)\n  .set(\"Content-Type\", \"application/json\")\n  .send({ username: invalidName, password: validUser.password });\nexpect(response.status).to.equal(401);",
              "err": {},
              "uuid": "e34366ad-2159-4d4a-bbed-3983b09f6a64",
              "parentUUID": "15cb131c-e997-4409-aa1a-0b2f44117754",
              "isHook": false,
              "skipped": false
            },
            {
              "title": "09 - Fazer login de usuário com senha inválida",
              "fullTitle": "POST /api/users/login 09 - Fazer login de usuário com senha inválida",
              "timedOut": false,
              "duration": 18,
              "state": "passed",
              "speed": "fast",
              "pass": true,
              "fail": false,
              "pending": false,
              "context": null,
              "code": "const response = await request(baseUrl)\n  .post(endpoint)\n  .set(\"Content-Type\", \"application/json\")\n  .send({ username: validUser.username, password: \"123\" });\nexpect(response.status).to.equal(401);",
              "err": {},
              "uuid": "d89ec30e-6067-4aa3-8a75-059b75d559c2",
              "parentUUID": "15cb131c-e997-4409-aa1a-0b2f44117754",
              "isHook": false,
              "skipped": false
            },
            {
              "title": "10 - Fazer login de usuário com nome ausente",
              "fullTitle": "POST /api/users/login 10 - Fazer login de usuário com nome ausente",
              "timedOut": false,
              "duration": 1,
              "state": "passed",
              "speed": "fast",
              "pass": true,
              "fail": false,
              "pending": false,
              "context": null,
              "code": "const response = await request(baseUrl)\n  .post(endpoint)\n  .set(\"Content-Type\", \"application/json\")\n  .send({ username: \"\", password: validUser.password });\nexpect(response.status).to.equal(400);",
              "err": {},
              "uuid": "e47d85f5-b3ec-4d2e-9cb9-56c86451499b",
              "parentUUID": "15cb131c-e997-4409-aa1a-0b2f44117754",
              "isHook": false,
              "skipped": false
            },
            {
              "title": "11 - Fazer login de usuário com senha ausente",
              "fullTitle": "POST /api/users/login 11 - Fazer login de usuário com senha ausente",
              "timedOut": false,
              "duration": 1,
              "state": "passed",
              "speed": "fast",
              "pass": true,
              "fail": false,
              "pending": false,
              "context": null,
              "code": "const response = await request(baseUrl)\n  .post(endpoint)\n  .set(\"Content-Type\", \"application/json\")\n  .send({ username: validUser.username, password: \"\" });\nexpect(response.status).to.equal(400);",
              "err": {},
              "uuid": "8e638ca2-f7c5-4cca-936f-ad6cd6ed38f9",
              "parentUUID": "15cb131c-e997-4409-aa1a-0b2f44117754",
              "isHook": false,
              "skipped": false
            }
          ],
          "suites": [],
          "passes": [
            "85fefdf9-8985-4c4e-aa87-c904ed7b6df3",
            "e34366ad-2159-4d4a-bbed-3983b09f6a64",
            "d89ec30e-6067-4aa3-8a75-059b75d559c2",
            "e47d85f5-b3ec-4d2e-9cb9-56c86451499b",
            "8e638ca2-f7c5-4cca-936f-ad6cd6ed38f9"
          ],
          "failures": [],
          "pending": [],
          "skipped": [],
          "duration": 42,
          "root": false,
          "rootEmpty": false,
          "_timeout": 2000
        },
        {
          "uuid": "80bc9dd8-ba52-4233-9b5c-0c5ba15d7e23",
          "title": "POST /api/users/register",
          "fullFile": "/Users/celiapaiva/M2.0/travel-manager-api/test/tests/register.test.js",
          "file": "/test/tests/register.test.js",
          "beforeHooks": [
            {
              "title": "\"before each\" hook in \"POST /api/users/register\"",
              "fullTitle": "POST /api/users/register \"before each\" hook in \"POST /api/users/register\"",
              "timedOut": false,
              "duration": 0,
              "state": null,
              "speed": null,
              "pass": false,
              "fail": false,
              "pending": false,
              "context": null,
              "code": "validUser = { ...postLogin, username: generateUniqueUsername() };",
              "err": {},
              "uuid": "6777005f-cd4b-4da3-80a5-49ccea286364",
              "parentUUID": "80bc9dd8-ba52-4233-9b5c-0c5ba15d7e23",
              "isHook": true,
              "skipped": false
            }
          ],
          "afterHooks": [],
          "tests": [
            {
              "title": "01 - Registrar novo usuário com dados válidos",
              "fullTitle": "POST /api/users/register 01 - Registrar novo usuário com dados válidos",
              "timedOut": false,
              "duration": 18,
              "state": "passed",
              "speed": "fast",
              "pass": true,
              "fail": false,
              "pending": false,
              "context": null,
              "code": "const response = await request(baseUrl)\n  .post(endpoint)\n  .set(\"Content-Type\", \"application/json\")\n  .send(validUser);\nexpect(response.status).to.equal(201);\nexpect(response.body).to.have.property(\"id\");\nexpect(response.body).to.have.property(\"username\", validUser.username);",
              "err": {},
              "uuid": "9aa92c7b-d757-4b26-abaf-129aeb669a6f",
              "parentUUID": "80bc9dd8-ba52-4233-9b5c-0c5ba15d7e23",
              "isHook": false,
              "skipped": false
            },
            {
              "title": "02 - Registrar novo usuário com username inválido",
              "fullTitle": "POST /api/users/register 02 - Registrar novo usuário com username inválido",
              "timedOut": false,
              "duration": 1,
              "state": "failed",
              "speed": null,
              "pass": false,
              "fail": true,
              "pending": false,
              "context": null,
              "code": "const invalidName = 123456;\nconst response = await request(baseUrl)\n  .post(endpoint)\n  .set(\"Content-Type\", \"application/json\")\n  .send({ username: invalidName, password: validUser.password });\nexpect(response.status).to.equal(400);",
              "err": {
                "message": "AssertionError: expected 409 to equal 400",
                "estack": "AssertionError: expected 409 to equal 400\n    at Context.<anonymous> (test/tests/register.test.js:38:32)\n    at process.processTicksAndRejections (node:internal/process/task_queues:105:5)",
                "diff": "- 409\n+ 400\n"
              },
              "uuid": "57695bd2-cf83-4214-9db9-f3fc93a836df",
              "parentUUID": "80bc9dd8-ba52-4233-9b5c-0c5ba15d7e23",
              "isHook": false,
              "skipped": false
            },
            {
              "title": "03 - Registrar novo usuário com senha inválida",
              "fullTitle": "POST /api/users/register 03 - Registrar novo usuário com senha inválida",
              "timedOut": false,
              "duration": 1,
              "state": "passed",
              "speed": "fast",
              "pass": true,
              "fail": false,
              "pending": false,
              "context": null,
              "code": "const response = await request(baseUrl)\n  .post(endpoint)\n  .set(\"Content-Type\", \"application/json\")\n  .send({ username: validUser.username, password: \"123\" });\nexpect(response.status).to.equal(400);",
              "err": {},
              "uuid": "9bb2fd22-5b98-438e-97ff-aa81e3fac25a",
              "parentUUID": "80bc9dd8-ba52-4233-9b5c-0c5ba15d7e23",
              "isHook": false,
              "skipped": false
            },
            {
              "title": "04 - Registrar novo usuário com username ausente",
              "fullTitle": "POST /api/users/register 04 - Registrar novo usuário com username ausente",
              "timedOut": false,
              "duration": 0,
              "state": "passed",
              "speed": "fast",
              "pass": true,
              "fail": false,
              "pending": false,
              "context": null,
              "code": "const response = await request(baseUrl)\n  .post(endpoint)\n  .set(\"Content-Type\", \"application/json\")\n  .send({ username: \"\", password: validUser.password });\nexpect(response.status).to.equal(400);",
              "err": {},
              "uuid": "b5013a3d-3884-4eac-bf98-956262a9975b",
              "parentUUID": "80bc9dd8-ba52-4233-9b5c-0c5ba15d7e23",
              "isHook": false,
              "skipped": false
            },
            {
              "title": "05 - Registrar novo usuário com senha ausente",
              "fullTitle": "POST /api/users/register 05 - Registrar novo usuário com senha ausente",
              "timedOut": false,
              "duration": 1,
              "state": "passed",
              "speed": "fast",
              "pass": true,
              "fail": false,
              "pending": false,
              "context": null,
              "code": "const response = await request(baseUrl)\n  .post(endpoint)\n  .set(\"Content-Type\", \"application/json\")\n  .send({ username: validUser.username, password: \"\" });\nexpect(response.status).to.equal(400);",
              "err": {},
              "uuid": "1e9192f4-3ff7-4bb1-bead-daf8b4ad1561",
              "parentUUID": "80bc9dd8-ba52-4233-9b5c-0c5ba15d7e23",
              "isHook": false,
              "skipped": false
            },
            {
              "title": "06 - Registrar novo usuário já existente",
              "fullTitle": "POST /api/users/register 06 - Registrar novo usuário já existente",
              "timedOut": false,
              "duration": 1,
              "state": "passed",
              "speed": "fast",
              "pass": true,
              "fail": false,
              "pending": false,
              "context": null,
              "code": "const response = await request(baseUrl)\n  .post(endpoint)\n  .set(\"Content-Type\", \"application/json\")\n  .send({ username: \"celia.bruno\" , password: \"123456\" });\nexpect(response.status).to.equal(409);",
              "err": {},
              "uuid": "6010e8d1-453a-4137-b3c5-607b049d8788",
              "parentUUID": "80bc9dd8-ba52-4233-9b5c-0c5ba15d7e23",
              "isHook": false,
              "skipped": false
            }
          ],
          "suites": [],
          "passes": [
            "9aa92c7b-d757-4b26-abaf-129aeb669a6f",
            "9bb2fd22-5b98-438e-97ff-aa81e3fac25a",
            "b5013a3d-3884-4eac-bf98-956262a9975b",
            "1e9192f4-3ff7-4bb1-bead-daf8b4ad1561",
            "6010e8d1-453a-4137-b3c5-607b049d8788"
          ],
          "failures": [
            "57695bd2-cf83-4214-9db9-f3fc93a836df"
          ],
          "pending": [],
          "skipped": [],
          "duration": 22,
          "root": false,
          "rootEmpty": false,
          "_timeout": 2000
        },
        {
          "uuid": "eb6640ec-14f9-496c-b025-550d851065d8",
          "title": "PUT /api/destinations/{id}",
          "fullFile": "/Users/celiapaiva/M2.0/travel-manager-api/test/tests/updateDestination.test.js",
          "file": "/test/tests/updateDestination.test.js",
          "beforeHooks": [
            {
              "title": "\"before all\" hook in \"PUT /api/destinations/{id}\"",
              "fullTitle": "PUT /api/destinations/{id} \"before all\" hook in \"PUT /api/destinations/{id}\"",
              "timedOut": false,
              "duration": 20,
              "state": null,
              "speed": null,
              "pass": false,
              "fail": false,
              "pending": false,
              "context": null,
              "code": "// Garante que o usuário existe e obtém token\nawait request(baseUrl)\n  .post(\"/api/users/register\")\n  .set(\"Content-Type\", \"application/json\")\n  .send(postLogin);\ntoken = await obterToken(postLogin.username, postLogin.password);\n// Cria um destino para os testes\ncreatedDestination = await createDestination(token, postDest);",
              "err": {},
              "uuid": "c20b402c-5d1a-48e1-b215-e0a1506b40d6",
              "parentUUID": "eb6640ec-14f9-496c-b025-550d851065d8",
              "isHook": true,
              "skipped": false
            }
          ],
          "afterHooks": [],
          "tests": [
            {
              "title": "31 - Atualizar nome do destino com autenticação válida",
              "fullTitle": "PUT /api/destinations/{id} 31 - Atualizar nome do destino com autenticação válida",
              "timedOut": false,
              "duration": 1,
              "state": "passed",
              "speed": "fast",
              "pass": true,
              "fail": false,
              "pending": false,
              "context": null,
              "code": "const updated = { ...postDest, name: \"São Paulo\" };\nconst response = await request(baseUrl)\n  .put(`${endpoint}/${createdDestination.id}`)\n  .set(\"Authorization\", `Bearer ${token}`)\n  .set(\"Content-Type\", \"application/json\")\n  .send(updated);\nexpect(response.status).to.equal(200);\nexpect(response.body).to.have.property(\"name\", updated.name);",
              "err": {},
              "uuid": "49529bd8-54a2-4530-809a-6faac53f566b",
              "parentUUID": "eb6640ec-14f9-496c-b025-550d851065d8",
              "isHook": false,
              "skipped": false
            },
            {
              "title": "32 - Atualizar status do destino com autenticação válida",
              "fullTitle": "PUT /api/destinations/{id} 32 - Atualizar status do destino com autenticação válida",
              "timedOut": false,
              "duration": 1,
              "state": "passed",
              "speed": "fast",
              "pass": true,
              "fail": false,
              "pending": false,
              "context": null,
              "code": "const updated = { ...postDest, status: \"planning\" };\nconst response = await request(baseUrl)\n  .put(`${endpoint}/${createdDestination.id}`)\n  .set(\"Authorization\", `Bearer ${token}`)\n  .set(\"Content-Type\", \"application/json\")\n  .send(updated);\nexpect(response.status).to.equal(200);\nexpect(response.body).to.have.property(\"status\", updated.status);",
              "err": {},
              "uuid": "f902c351-8136-48e1-93f0-33651406ca8c",
              "parentUUID": "eb6640ec-14f9-496c-b025-550d851065d8",
              "isHook": false,
              "skipped": false
            },
            {
              "title": "33 - Atualizar detalhes do destino com autenticação válida",
              "fullTitle": "PUT /api/destinations/{id} 33 - Atualizar detalhes do destino com autenticação válida",
              "timedOut": false,
              "duration": 1,
              "state": "passed",
              "speed": "fast",
              "pass": true,
              "fail": false,
              "pending": false,
              "context": null,
              "code": "const updated = { ...postDest, details: \"Visitar Cristo\" };\nconst response = await request(baseUrl)\n  .put(`${endpoint}/${createdDestination.id}`)\n  .set(\"Authorization\", `Bearer ${token}`)\n  .set(\"Content-Type\", \"application/json\")\n  .send(updated);\nexpect(response.status).to.equal(200);\nexpect(response.body).to.have.property(\"details\", updated.details);",
              "err": {},
              "uuid": "ac6594e4-ae7a-4ecc-9cc3-4bd667ca21d6",
              "parentUUID": "eb6640ec-14f9-496c-b025-550d851065d8",
              "isHook": false,
              "skipped": false
            },
            {
              "title": "34 - Atualizar data do destino com autenticação válida",
              "fullTitle": "PUT /api/destinations/{id} 34 - Atualizar data do destino com autenticação válida",
              "timedOut": false,
              "duration": 1,
              "state": "passed",
              "speed": "fast",
              "pass": true,
              "fail": false,
              "pending": false,
              "context": null,
              "code": "const updated = { ...postDest, date: \"2025-12-24\" };\nconst response = await request(baseUrl)\n  .put(`${endpoint}/${createdDestination.id}`)\n  .set(\"Authorization\", `Bearer ${token}`)\n  .set(\"Content-Type\", \"application/json\")\n  .send(updated);\nexpect(response.status).to.equal(200);\nexpect(response.body).to.have.property(\"date\", updated.date);",
              "err": {},
              "uuid": "4b7fab48-235d-499c-ac77-5695b77b0038",
              "parentUUID": "eb6640ec-14f9-496c-b025-550d851065d8",
              "isHook": false,
              "skipped": false
            },
            {
              "title": "35 - Atualizar status com dado inválido",
              "fullTitle": "PUT /api/destinations/{id} 35 - Atualizar status com dado inválido",
              "timedOut": false,
              "duration": 0,
              "state": "passed",
              "speed": "fast",
              "pass": true,
              "fail": false,
              "pending": false,
              "context": null,
              "code": "const updated = { ...postDest, status: \"invalid_status\" };\nconst response = await request(baseUrl)\n  .put(`${endpoint}/${createdDestination.id}`)\n  .set(\"Authorization\", `Bearer ${token}`)\n  .set(\"Content-Type\", \"application/json\")\n  .send(updated);\nexpect(response.status).to.equal(400);",
              "err": {},
              "uuid": "dc181c2c-5654-4256-9067-1baa6836c3ec",
              "parentUUID": "eb6640ec-14f9-496c-b025-550d851065d8",
              "isHook": false,
              "skipped": false
            },
            {
              "title": "36 - Atualizar destino inexistente",
              "fullTitle": "PUT /api/destinations/{id} 36 - Atualizar destino inexistente",
              "timedOut": false,
              "duration": 1,
              "state": "passed",
              "speed": "fast",
              "pass": true,
              "fail": false,
              "pending": false,
              "context": null,
              "code": "const updated = { ...postDest, name: \"Destino Inexistente\" };\nconst nonexistentId = \"nonexistent\";\nconst response = await request(baseUrl)\n  .put(`${endpoint}/${nonexistentId}`)\n  .set(\"Authorization\", `Bearer ${token}`)\n  .set(\"Content-Type\", \"application/json\")\n  .send(updated);\nexpect(response.status).to.equal(404);",
              "err": {},
              "uuid": "e186c584-e650-4eae-889a-bd1300fb0d77",
              "parentUUID": "eb6640ec-14f9-496c-b025-550d851065d8",
              "isHook": false,
              "skipped": false
            },
            {
              "title": "37 - Atualizar destino sem autenticação válida",
              "fullTitle": "PUT /api/destinations/{id} 37 - Atualizar destino sem autenticação válida",
              "timedOut": false,
              "duration": 0,
              "state": "passed",
              "speed": "fast",
              "pass": true,
              "fail": false,
              "pending": false,
              "context": null,
              "code": "const tokenVazio = \"\";\nconst updated = { ...postDest, name: \"Sem Autenticação\" };\nconst response = await request(baseUrl)\n  .put(`${endpoint}/${createdDestination.id}`)\n  .set(\"Authorization\", `Bearer ${tokenVazio}`)\n  .set(\"Content-Type\", \"application/json\")\n  .send(updated);\nexpect(response.status).to.equal(401);",
              "err": {},
              "uuid": "6e8ceccd-8ebc-4523-b140-86a7f5c624f1",
              "parentUUID": "eb6640ec-14f9-496c-b025-550d851065d8",
              "isHook": false,
              "skipped": false
            },
            {
              "title": "38 - Atualizar destino com autenticação inválida",
              "fullTitle": "PUT /api/destinations/{id} 38 - Atualizar destino com autenticação inválida",
              "timedOut": false,
              "duration": 1,
              "state": "passed",
              "speed": "fast",
              "pass": true,
              "fail": false,
              "pending": false,
              "context": null,
              "code": "const tokenInvalido = \"token_invalido\";\nconst updated = { ...postDest, name: \"Token Inválido\" };\nconst response = await request(baseUrl)\n  .put(`${endpoint}/${createdDestination.id}`)\n  .set(\"Authorization\", `Bearer ${tokenInvalido}`)\n  .set(\"Content-Type\", \"application/json\")\n  .send(updated);\nexpect(response.status).to.equal(403);",
              "err": {},
              "uuid": "d693da03-8ee5-4e5f-a9f5-f23425141c54",
              "parentUUID": "eb6640ec-14f9-496c-b025-550d851065d8",
              "isHook": false,
              "skipped": false
            }
          ],
          "suites": [],
          "passes": [
            "49529bd8-54a2-4530-809a-6faac53f566b",
            "f902c351-8136-48e1-93f0-33651406ca8c",
            "ac6594e4-ae7a-4ecc-9cc3-4bd667ca21d6",
            "4b7fab48-235d-499c-ac77-5695b77b0038",
            "dc181c2c-5654-4256-9067-1baa6836c3ec",
            "e186c584-e650-4eae-889a-bd1300fb0d77",
            "6e8ceccd-8ebc-4523-b140-86a7f5c624f1",
            "d693da03-8ee5-4e5f-a9f5-f23425141c54"
          ],
          "failures": [],
          "pending": [],
          "skipped": [],
          "duration": 6,
          "root": false,
          "rootEmpty": false,
          "_timeout": 2000
        },
        {
          "uuid": "5224304e-2bc5-4ddc-957d-4454cf762a33",
          "title": "GET /api/users/user",
          "fullFile": "/Users/celiapaiva/M2.0/travel-manager-api/test/tests/user.test.js",
          "file": "/test/tests/user.test.js",
          "beforeHooks": [
            {
              "title": "\"before all\" hook in \"GET /api/users/user\"",
              "fullTitle": "GET /api/users/user \"before all\" hook in \"GET /api/users/user\"",
              "timedOut": false,
              "duration": 19,
              "state": null,
              "speed": null,
              "pass": false,
              "fail": false,
              "pending": false,
              "context": null,
              "code": "// Garante que o usuário existe antes dos testes\nawait registerUser(validUser);\ntoken = await obterToken(validUser.username, validUser.password);",
              "err": {},
              "uuid": "089be96c-2c60-4a31-bd37-06c4360020b4",
              "parentUUID": "5224304e-2bc5-4ddc-957d-4454cf762a33",
              "isHook": true,
              "skipped": false
            }
          ],
          "afterHooks": [],
          "tests": [
            {
              "title": "12 - Acessar informações do usuário com autenticação válida",
              "fullTitle": "GET /api/users/user 12 - Acessar informações do usuário com autenticação válida",
              "timedOut": false,
              "duration": 1,
              "state": "passed",
              "speed": "fast",
              "pass": true,
              "fail": false,
              "pending": false,
              "context": null,
              "code": "const response = await request(baseUrl)\n  .get(endpoint)\n  .set(\"Authorization\", `Bearer ${token}`);\nexpect(response.status).to.equal(200);\nexpect(response.body).to.have.property(\"id\");\nexpect(response.body).to.have.property(\"username\", validUser.username);",
              "err": {},
              "uuid": "de1a8dc9-3f77-408a-be67-545ebe7044f8",
              "parentUUID": "5224304e-2bc5-4ddc-957d-4454cf762a33",
              "isHook": false,
              "skipped": false
            },
            {
              "title": "13 - Acessar informações do usuário com autenticação ausente",
              "fullTitle": "GET /api/users/user 13 - Acessar informações do usuário com autenticação ausente",
              "timedOut": false,
              "duration": 0,
              "state": "passed",
              "speed": "fast",
              "pass": true,
              "fail": false,
              "pending": false,
              "context": null,
              "code": "const tokenVazio = \"\";\nconst response = await request(baseUrl)\n  .get(endpoint)\n  .set(\"Authorization\", `Bearer ${tokenVazio}`);\nexpect(response.status).to.equal(401);",
              "err": {},
              "uuid": "7c783bbb-ff11-4223-821e-af66c997bc55",
              "parentUUID": "5224304e-2bc5-4ddc-957d-4454cf762a33",
              "isHook": false,
              "skipped": false
            },
            {
              "title": "14 - Acessar informações do usuário com autenticação inválida",
              "fullTitle": "GET /api/users/user 14 - Acessar informações do usuário com autenticação inválida",
              "timedOut": false,
              "duration": 0,
              "state": "passed",
              "speed": "fast",
              "pass": true,
              "fail": false,
              "pending": false,
              "context": null,
              "code": "const tokenInvalido = \"token_invalido\";\nconst response = await request(baseUrl)\n  .get(endpoint)\n  .set(\"Authorization\", `Bearer ${tokenInvalido}`);\nexpect(response.status).to.equal(403);",
              "err": {},
              "uuid": "b1e1f4d3-adf2-495a-8cd9-1da75ec0c06e",
              "parentUUID": "5224304e-2bc5-4ddc-957d-4454cf762a33",
              "isHook": false,
              "skipped": false
            },
            {
              "title": "15 - Acessar informações de usuário com token expirado",
              "fullTitle": "GET /api/users/user 15 - Acessar informações de usuário com token expirado",
              "timedOut": false,
              "duration": 1,
              "state": "passed",
              "speed": "fast",
              "pass": true,
              "fail": false,
              "pending": false,
              "context": null,
              "code": "const tokenExpirado =\n  \"eyJhbGciOiJIUzI1NiIsInR5cCI6IkpXVCJ9.eyJpZCI6IjEiLCJ1c2VybmFtZSI6ImNlbGlhLmJydW5vIiwiaWF0IjoxNzYyMzc4MTIwLCJleHAiOjE3NjIzODE3MjB9.pwb5j4At1iXHLc9hrEDyLtecdknL4_3P6xrpfTlvev4\";\nconst response = await request(baseUrl)\n  .get(endpoint)\n  .set(\"Authorization\", `Bearer ${tokenExpirado}`);\nexpect(response.status).to.equal(403);",
              "err": {},
              "uuid": "0fcc8458-9f23-4ab8-be5e-629a65a16137",
              "parentUUID": "5224304e-2bc5-4ddc-957d-4454cf762a33",
              "isHook": false,
              "skipped": false
            }
          ],
          "suites": [],
          "passes": [
            "de1a8dc9-3f77-408a-be67-545ebe7044f8",
            "7c783bbb-ff11-4223-821e-af66c997bc55",
            "b1e1f4d3-adf2-495a-8cd9-1da75ec0c06e",
            "0fcc8458-9f23-4ab8-be5e-629a65a16137"
          ],
          "failures": [],
          "pending": [],
          "skipped": [],
          "duration": 2,
          "root": false,
          "rootEmpty": false,
          "_timeout": 2000
        }
      ],
      "passes": [],
      "failures": [],
      "pending": [],
      "skipped": [],
      "duration": 0,
      "root": true,
      "rootEmpty": true,
      "_timeout": 2000
    }
  ],
  "meta": {
    "mocha": {
      "version": "11.7.5"
    },
    "mochawesome": {
      "options": {
        "quiet": true,
        "reportFilename": "index",
        "saveHtml": true,
        "saveJson": true,
        "consoleReporter": "spec",
        "useInlineDiffs": false,
        "code": true
      },
      "version": "7.1.4"
    },
    "marge": {
      "options": {
        "reportDir": "mochawesome-report",
        "reportFilename": "index",
        "quiet": "true"
      },
      "version": "6.3.2"
    }
  }
}