{
  "stats": {
    "suites": 8,
    "tests": 42,
    "passes": 39,
    "pending": 0,
    "failures": 3,
    "start": "2025-11-05T23:28:30.972Z",
    "end": "2025-11-05T23:28:31.234Z",
    "duration": 262,
    "testsRegistered": 42,
    "passPercent": 92.85714285714286,
    "pendingPercent": 0,
    "other": 0,
    "hasOther": false,
    "skipped": 0,
    "hasSkipped": false
  },
  "results": [
    {
      "uuid": "220975a5-e9d0-44e0-a137-9ce5d8adf93d",
      "title": "",
      "fullFile": "",
      "file": "",
      "beforeHooks": [],
      "afterHooks": [],
      "tests": [],
      "suites": [
        {
          "uuid": "b727301a-6094-4793-ba2b-d592d64ec2ad",
          "title": "POST /api/destinations",
          "fullFile": "/Users/celiapaiva/M2.0/travel-manager-api/test/tests/createDestination.test.js",
          "file": "/test/tests/createDestination.test.js",
          "beforeHooks": [
            {
              "title": "\"before all\" hook in \"POST /api/destinations\"",
              "fullTitle": "POST /api/destinations \"before all\" hook in \"POST /api/destinations\"",
              "timedOut": false,
              "duration": 37,
              "state": null,
              "speed": null,
              "pass": false,
              "fail": false,
              "pending": false,
              "context": null,
              "code": "// Garante que o usuário existe e obtém token\nawait request(baseUrl)\n  .post(\"/api/users/register\")\n  .set(\"Content-Type\", \"application/json\")\n  .send(postLogin);\ntoken = await obterToken(postLogin.username, postLogin.password);",
              "err": {},
              "uuid": "11ad1cd9-f37e-4fea-9408-a196f1db0158",
              "parentUUID": "b727301a-6094-4793-ba2b-d592d64ec2ad",
              "isHook": true,
              "skipped": false
            }
          ],
          "afterHooks": [],
          "tests": [
            {
              "title": "16 - Registrar informações de um novo destino com dados válidos",
              "fullTitle": "POST /api/destinations 16 - Registrar informações de um novo destino com dados válidos",
              "timedOut": false,
              "duration": 1,
              "state": "passed",
              "speed": "fast",
              "pass": true,
              "fail": false,
              "pending": false,
              "context": null,
              "code": "const response = await request(baseUrl)\n  .post(endpoint)\n  .set(\"Authorization\", `Bearer ${token}`)\n  .set(\"Content-Type\", \"application/json\")\n  .send(postDest);\nexpect(response.status).to.equal(201);\nexpect(response.body).to.have.property(\"id\");\nexpect(response.body).to.have.property(\"name\", postDest.name);\nexpect(response.body).to.have.property(\"status\", postDest.status);",
              "err": {},
              "uuid": "f930cf88-d42a-40f3-b047-5518ce695d0a",
              "parentUUID": "b727301a-6094-4793-ba2b-d592d64ec2ad",
              "isHook": false,
              "skipped": false
            },
            {
              "title": "17 - Registrar informações de um novo destino apenas com dados obrigatórios",
              "fullTitle": "POST /api/destinations 17 - Registrar informações de um novo destino apenas com dados obrigatórios",
              "timedOut": false,
              "duration": 1,
              "state": "passed",
              "speed": "fast",
              "pass": true,
              "fail": false,
              "pending": false,
              "context": null,
              "code": "const minimal = { name: \"Rio de Janeiro\", status: \"wishlist\" };\nconst response = await request(baseUrl)\n  .post(endpoint)\n  .set(\"Authorization\", `Bearer ${token}`)\n  .set(\"Content-Type\", \"application/json\")\n  .send(minimal);\nexpect(response.status).to.equal(201);\nexpect(response.body).to.have.property(\"id\");\nexpect(response.body).to.have.property(\"name\", minimal.name);\nexpect(response.body).to.have.property(\"status\", minimal.status);",
              "err": {},
              "uuid": "02d244bb-b257-4412-a7fa-9a8d0a3f92ba",
              "parentUUID": "b727301a-6094-4793-ba2b-d592d64ec2ad",
              "isHook": false,
              "skipped": false
            },
            {
              "title": "18 - Registrar informações sem o dado obrigatório nome",
              "fullTitle": "POST /api/destinations 18 - Registrar informações sem o dado obrigatório nome",
              "timedOut": false,
              "duration": 1,
              "state": "passed",
              "speed": "fast",
              "pass": true,
              "fail": false,
              "pending": false,
              "context": null,
              "code": "const { status, details, date } = postDest;\nconst response = await request(baseUrl)\n  .post(endpoint)\n  .set(\"Authorization\", `Bearer ${token}`)\n  .set(\"Content-Type\", \"application/json\")\n  .send({ status, details, date });\nexpect(response.status).to.equal(400);",
              "err": {},
              "uuid": "b5ba5da8-0873-41c6-a364-26ce2d9532e6",
              "parentUUID": "b727301a-6094-4793-ba2b-d592d64ec2ad",
              "isHook": false,
              "skipped": false
            },
            {
              "title": "19 - Registrar informações sem o dado obrigatório status",
              "fullTitle": "POST /api/destinations 19 - Registrar informações sem o dado obrigatório status",
              "timedOut": false,
              "duration": 1,
              "state": "passed",
              "speed": "fast",
              "pass": true,
              "fail": false,
              "pending": false,
              "context": null,
              "code": "const { name, details, date } = postDest;\nconst response = await request(baseUrl)\n  .post(endpoint)\n  .set(\"Authorization\", `Bearer ${token}`)\n  .set(\"Content-Type\", \"application/json\")\n  .send({ name, details, date });\nexpect(response.status).to.equal(400);",
              "err": {},
              "uuid": "a11071c7-6010-4c81-a86e-b0f8db18264b",
              "parentUUID": "b727301a-6094-4793-ba2b-d592d64ec2ad",
              "isHook": false,
              "skipped": false
            },
            {
              "title": "20 - Registrar informações com dado obrigatório nome inválido",
              "fullTitle": "POST /api/destinations 20 - Registrar informações com dado obrigatório nome inválido",
              "timedOut": false,
              "duration": 1,
              "state": "passed",
              "speed": "fast",
              "pass": true,
              "fail": false,
              "pending": false,
              "context": null,
              "code": "const response = await request(baseUrl)\n  .post(endpoint)\n  .set(\"Authorization\", `Bearer ${token}`)\n  .set(\"Content-Type\", \"application/json\")\n  .send({ ...postDest, name: \"\" });\nexpect(response.status).to.equal(400);",
              "err": {},
              "uuid": "8f2f671f-a454-4393-8fc9-d1b2295d792b",
              "parentUUID": "b727301a-6094-4793-ba2b-d592d64ec2ad",
              "isHook": false,
              "skipped": false
            },
            {
              "title": "21 - Registrar informações com dado obrigatório status inválido",
              "fullTitle": "POST /api/destinations 21 - Registrar informações com dado obrigatório status inválido",
              "timedOut": false,
              "duration": 1,
              "state": "passed",
              "speed": "fast",
              "pass": true,
              "fail": false,
              "pending": false,
              "context": null,
              "code": "const response = await request(baseUrl)\n  .post(endpoint)\n  .set(\"Authorization\", `Bearer ${token}`)\n  .set(\"Content-Type\", \"application/json\")\n  .send({ ...postDest, status: \"\" });\nexpect(response.status).to.equal(400);",
              "err": {},
              "uuid": "5540d86e-6d54-410c-8283-8daeac97d2a4",
              "parentUUID": "b727301a-6094-4793-ba2b-d592d64ec2ad",
              "isHook": false,
              "skipped": false
            },
            {
              "title": "22 - Registrar informações de um novo destino sem autenticação válida",
              "fullTitle": "POST /api/destinations 22 - Registrar informações de um novo destino sem autenticação válida",
              "timedOut": false,
              "duration": 1,
              "state": "passed",
              "speed": "fast",
              "pass": true,
              "fail": false,
              "pending": false,
              "context": null,
              "code": "const tokenVazio = \"\"\nconst response = await request(baseUrl)\n  .post(endpoint)\n  .set(\"Authorization\", `Bearer ${tokenVazio}`)\n  .set(\"Content-Type\", \"application/json\")\n  .send(postDest);\nexpect(response.status).to.equal(401);",
              "err": {},
              "uuid": "de8ac180-4e0f-438b-a280-13d94571bc61",
              "parentUUID": "b727301a-6094-4793-ba2b-d592d64ec2ad",
              "isHook": false,
              "skipped": false
            },
            {
              "title": "23 - Registrar informações de um novo destino com autenticação inválida",
              "fullTitle": "POST /api/destinations 23 - Registrar informações de um novo destino com autenticação inválida",
              "timedOut": false,
              "duration": 1,
              "state": "passed",
              "speed": "fast",
              "pass": true,
              "fail": false,
              "pending": false,
              "context": null,
              "code": "const tokenInvalido = \"token_invalido\";\nconst response = await request(baseUrl)\n  .post(endpoint)\n  .set(\"Authorization\", `Bearer ${tokenInvalido}`)\n  .set(\"Content-Type\", \"application/json\")\n  .send(postDest);\nexpect([401, 403]).to.include(response.status);",
              "err": {},
              "uuid": "3d7e5d10-8128-4bb3-8243-4eedf78f1cd3",
              "parentUUID": "b727301a-6094-4793-ba2b-d592d64ec2ad",
              "isHook": false,
              "skipped": false
            }
          ],
          "suites": [],
          "passes": [
            "f930cf88-d42a-40f3-b047-5518ce695d0a",
            "02d244bb-b257-4412-a7fa-9a8d0a3f92ba",
            "b5ba5da8-0873-41c6-a364-26ce2d9532e6",
            "a11071c7-6010-4c81-a86e-b0f8db18264b",
            "8f2f671f-a454-4393-8fc9-d1b2295d792b",
            "5540d86e-6d54-410c-8283-8daeac97d2a4",
            "de8ac180-4e0f-438b-a280-13d94571bc61",
            "3d7e5d10-8128-4bb3-8243-4eedf78f1cd3"
          ],
          "failures": [],
          "pending": [],
          "skipped": [],
          "duration": 8,
          "root": false,
          "rootEmpty": false,
          "_timeout": 2000
        },
        {
          "uuid": "5428e077-23d2-43a9-9d7e-28c992e896c1",
          "title": "DELETE /api/destinations/{id}",
          "fullFile": "/Users/celiapaiva/M2.0/travel-manager-api/test/tests/deleteDestination.test.js",
          "file": "/test/tests/deleteDestination.test.js",
          "beforeHooks": [
            {
              "title": "\"before all\" hook in \"DELETE /api/destinations/{id}\"",
              "fullTitle": "DELETE /api/destinations/{id} \"before all\" hook in \"DELETE /api/destinations/{id}\"",
              "timedOut": false,
              "duration": 21,
              "state": null,
              "speed": null,
              "pass": false,
              "fail": false,
              "pending": false,
              "context": null,
              "code": "// Garante que o usuário existe e obtém token\nawait request(baseUrl)\n  .post(\"/api/users/register\")\n  .set(\"Content-Type\", \"application/json\")\n  .send(postLogin);\ntoken = await obterToken(postLogin.username, postLogin.password);\n// Cria um destino para os testes\ncreatedDestination = await createDestination(token, postDest);",
              "err": {},
              "uuid": "79d43eb1-e9cf-4628-9fb2-01d688eaab2c",
              "parentUUID": "5428e077-23d2-43a9-9d7e-28c992e896c1",
              "isHook": true,
              "skipped": false
            }
          ],
          "afterHooks": [],
          "tests": [
            {
              "title": "39 - Deletar destino com autenticação válida",
              "fullTitle": "DELETE /api/destinations/{id} 39 - Deletar destino com autenticação válida",
              "timedOut": false,
              "duration": 5,
              "state": "passed",
              "speed": "fast",
              "pass": true,
              "fail": false,
              "pending": false,
              "context": null,
              "code": "const response = await request(baseUrl)\n  .delete(`${endpoint}/${createdDestination.id}`)\n  .set(\"Authorization\", `Bearer ${token}`);\nexpect(response.status).to.equal(200);\nexpect(response.body).to.have.property(\"message\");",
              "err": {},
              "uuid": "d2cf47b9-d71c-40c7-bb84-d382f91db476",
              "parentUUID": "5428e077-23d2-43a9-9d7e-28c992e896c1",
              "isHook": false,
              "skipped": false
            },
            {
              "title": "40 - Deletar destino inexistente com autenticação válida",
              "fullTitle": "DELETE /api/destinations/{id} 40 - Deletar destino inexistente com autenticação válida",
              "timedOut": false,
              "duration": 1,
              "state": "passed",
              "speed": "fast",
              "pass": true,
              "fail": false,
              "pending": false,
              "context": null,
              "code": "const nonexistentId = \"nonexistent\";\nconst response = await request(baseUrl)\n  .delete(`${endpoint}/${nonexistentId}`)\n  .set(\"Authorization\", `Bearer ${token}`);\nexpect(response.status).to.equal(404);",
              "err": {},
              "uuid": "d976b15c-feba-4793-8adc-e9acc9a82b29",
              "parentUUID": "5428e077-23d2-43a9-9d7e-28c992e896c1",
              "isHook": false,
              "skipped": false
            },
            {
              "title": "41 - Deletar destino sem autenticação válida",
              "fullTitle": "DELETE /api/destinations/{id} 41 - Deletar destino sem autenticação válida",
              "timedOut": false,
              "duration": 1,
              "state": "passed",
              "speed": "fast",
              "pass": true,
              "fail": false,
              "pending": false,
              "context": null,
              "code": "const tokenVazio = \"\";\nconst response = await request(baseUrl)\n  .delete(`${endpoint}/${createdDestination.id}`)\n  .set(\"Authorization\", `Bearer ${tokenVazio}`);\nexpect(response.status).to.equal(401);",
              "err": {},
              "uuid": "8ad1bd32-e975-4d38-9f0b-aa3189077be5",
              "parentUUID": "5428e077-23d2-43a9-9d7e-28c992e896c1",
              "isHook": false,
              "skipped": false
            },
            {
              "title": "42 - Deletar destino com autenticação inválida",
              "fullTitle": "DELETE /api/destinations/{id} 42 - Deletar destino com autenticação inválida",
              "timedOut": false,
              "duration": 0,
              "state": "passed",
              "speed": "fast",
              "pass": true,
              "fail": false,
              "pending": false,
              "context": null,
              "code": "const tokenInvalido = \"token_invalido\";\nconst response = await request(baseUrl)\n  .delete(`${endpoint}/${createdDestination.id}`)\n  .set(\"Authorization\", `Bearer ${tokenInvalido}`);\nexpect(response.status).to.equal(403);",
              "err": {},
              "uuid": "1c03c8a0-acdd-40f7-8fdc-762d90222cb8",
              "parentUUID": "5428e077-23d2-43a9-9d7e-28c992e896c1",
              "isHook": false,
              "skipped": false
            }
          ],
          "suites": [],
          "passes": [
            "d2cf47b9-d71c-40c7-bb84-d382f91db476",
            "d976b15c-feba-4793-8adc-e9acc9a82b29",
            "8ad1bd32-e975-4d38-9f0b-aa3189077be5",
            "1c03c8a0-acdd-40f7-8fdc-762d90222cb8"
          ],
          "failures": [],
          "pending": [],
          "skipped": [],
          "duration": 7,
          "root": false,
          "rootEmpty": false,
          "_timeout": 2000
        },
        {
          "uuid": "a32726fe-e338-4948-b3e3-3b5227ef3854",
          "title": "GET /api/destinations",
          "fullFile": "/Users/celiapaiva/M2.0/travel-manager-api/test/tests/getDestinations.test.js",
          "file": "/test/tests/getDestinations.test.js",
          "beforeHooks": [
            {
              "title": "\"before all\" hook in \"GET /api/destinations\"",
              "fullTitle": "GET /api/destinations \"before all\" hook in \"GET /api/destinations\"",
              "timedOut": false,
              "duration": 19,
              "state": null,
              "speed": null,
              "pass": false,
              "fail": false,
              "pending": false,
              "context": null,
              "code": "// Garante que o usuário existe e obtém token\nawait request(baseUrl)\n  .post(\"/api/users/register\")\n  .set(\"Content-Type\", \"application/json\")\n  .send(postLogin);\ntoken = await obterToken(postLogin.username, postLogin.password);\n// Cria pelo menos um destino usando o helper\nawait createDestination(token, postDest);",
              "err": {},
              "uuid": "43dc1bac-f9e9-4b0c-b455-b401b099e72c",
              "parentUUID": "a32726fe-e338-4948-b3e3-3b5227ef3854",
              "isHook": true,
              "skipped": false
            }
          ],
          "afterHooks": [],
          "tests": [
            {
              "title": "24 - Acessar lista de destinos do usuário com autenticação válida",
              "fullTitle": "GET /api/destinations 24 - Acessar lista de destinos do usuário com autenticação válida",
              "timedOut": false,
              "duration": 2,
              "state": "passed",
              "speed": "fast",
              "pass": true,
              "fail": false,
              "pending": false,
              "context": null,
              "code": "const response = await request(baseUrl)\n  .get(endpoint)\n  .set(\"Authorization\", `Bearer ${token}`);\nexpect(response.status).to.equal(200);\nexpect(response.body).to.be.an(\"array\");\nexpect(response.body.length).to.be.greaterThan(0);\nexpect(response.body[0]).to.have.property(\"name\");\nexpect(response.body[0]).to.have.property(\"status\");",
              "err": {},
              "uuid": "ed99fd66-a747-42cd-8a7b-d2bd2e0f631c",
              "parentUUID": "a32726fe-e338-4948-b3e3-3b5227ef3854",
              "isHook": false,
              "skipped": false
            },
            {
              "title": "25 - Acessar lista de destinos do usuário sem autenticação válida",
              "fullTitle": "GET /api/destinations 25 - Acessar lista de destinos do usuário sem autenticação válida",
              "timedOut": false,
              "duration": 1,
              "state": "passed",
              "speed": "fast",
              "pass": true,
              "fail": false,
              "pending": false,
              "context": null,
              "code": "const tokenVazio = \"\";\nconst response = await request(baseUrl)\n  .get(endpoint)\n  .set(\"Authorization\", `Bearer ${tokenVazio}`);\nexpect(response.status).to.equal(401);",
              "err": {},
              "uuid": "cf524c05-c0a6-4655-bf79-5e342a275aad",
              "parentUUID": "a32726fe-e338-4948-b3e3-3b5227ef3854",
              "isHook": false,
              "skipped": false
            },
            {
              "title": "26 - Acessar lista de destinos do usuário com autenticação inválida",
              "fullTitle": "GET /api/destinations 26 - Acessar lista de destinos do usuário com autenticação inválida",
              "timedOut": false,
              "duration": 1,
              "state": "passed",
              "speed": "fast",
              "pass": true,
              "fail": false,
              "pending": false,
              "context": null,
              "code": "const tokenInvalido = \"token_invalido\";\nconst response = await request(baseUrl)\n  .get(endpoint)\n  .set(\"Authorization\", `Bearer ${tokenInvalido}`);\nexpect(response.status).to.equal(403);",
              "err": {},
              "uuid": "8080e7ac-8d45-42b9-bfeb-688c0aa24115",
              "parentUUID": "a32726fe-e338-4948-b3e3-3b5227ef3854",
              "isHook": false,
              "skipped": false
            }
          ],
          "suites": [],
          "passes": [
            "ed99fd66-a747-42cd-8a7b-d2bd2e0f631c",
            "cf524c05-c0a6-4655-bf79-5e342a275aad",
            "8080e7ac-8d45-42b9-bfeb-688c0aa24115"
          ],
          "failures": [],
          "pending": [],
          "skipped": [],
          "duration": 4,
          "root": false,
          "rootEmpty": false,
          "_timeout": 2000
        },
        {
          "uuid": "6dc3a60e-38b0-4200-b7b4-267a7cd7b0ac",
          "title": "GET /api/destinations/{id}",
          "fullFile": "/Users/celiapaiva/M2.0/travel-manager-api/test/tests/getSingleDestination.test.js",
          "file": "/test/tests/getSingleDestination.test.js",
          "beforeHooks": [
            {
              "title": "\"before all\" hook in \"GET /api/destinations/{id}\"",
              "fullTitle": "GET /api/destinations/{id} \"before all\" hook in \"GET /api/destinations/{id}\"",
              "timedOut": false,
              "duration": 23,
              "state": null,
              "speed": null,
              "pass": false,
              "fail": false,
              "pending": false,
              "context": null,
              "code": "// Garante que o usuário existe e obtém token\nawait request(baseUrl)\n  .post(\"/api/users/register\")\n  .set(\"Content-Type\", \"application/json\")\n  .send(postLogin);\ntoken = await obterToken(postLogin.username, postLogin.password);\n// Cria um destino para os testes\ncreatedDestination = await createDestination(token, postDest);",
              "err": {},
              "uuid": "d575c200-ef36-4ad3-a446-c9bec4eb09d0",
              "parentUUID": "6dc3a60e-38b0-4200-b7b4-267a7cd7b0ac",
              "isHook": true,
              "skipped": false
            }
          ],
          "afterHooks": [],
          "tests": [
            {
              "title": "27 - Acessar informação de destino específico com autenticação válida",
              "fullTitle": "GET /api/destinations/{id} 27 - Acessar informação de destino específico com autenticação válida",
              "timedOut": false,
              "duration": 1,
              "state": "passed",
              "speed": "fast",
              "pass": true,
              "fail": false,
              "pending": false,
              "context": null,
              "code": "const response = await request(baseUrl)\n  .get(`${endpoint}/${createdDestination.id}`)\n  .set(\"Authorization\", `Bearer ${token}`);\nexpect(response.status).to.equal(200);\nexpect(response.body).to.have.property(\"id\", createdDestination.id);\nexpect(response.body).to.have.property(\"name\", postDest.name);\nexpect(response.body).to.have.property(\"status\", postDest.status);",
              "err": {},
              "uuid": "a5cba3ee-ba39-4591-89ac-1d2a468e3464",
              "parentUUID": "6dc3a60e-38b0-4200-b7b4-267a7cd7b0ac",
              "isHook": false,
              "skipped": false
            },
            {
              "title": "28 - Acessar destino inexistente com autenticação válida",
              "fullTitle": "GET /api/destinations/{id} 28 - Acessar destino inexistente com autenticação válida",
              "timedOut": false,
              "duration": 2,
              "state": "passed",
              "speed": "fast",
              "pass": true,
              "fail": false,
              "pending": false,
              "context": null,
              "code": "const response = await request(baseUrl)\n  .get(`${endpoint}/id_inexistente`)\n  .set(\"Authorization\", `Bearer ${token}`);\nexpect(response.status).to.equal(404);",
              "err": {},
              "uuid": "f41c6c7b-f66b-49f0-9b25-9cd4184c0c37",
              "parentUUID": "6dc3a60e-38b0-4200-b7b4-267a7cd7b0ac",
              "isHook": false,
              "skipped": false
            },
            {
              "title": "29 - Acessar destino com autenticação ausente",
              "fullTitle": "GET /api/destinations/{id} 29 - Acessar destino com autenticação ausente",
              "timedOut": false,
              "duration": 1,
              "state": "passed",
              "speed": "fast",
              "pass": true,
              "fail": false,
              "pending": false,
              "context": null,
              "code": "const tokenVazio = \"\";\nconst response = await request(baseUrl)\n  .get(`${endpoint}/${createdDestination.id}`)\n  .set(\"Authorization\", `Bearer ${tokenVazio}`);\nexpect(response.status).to.equal(401);",
              "err": {},
              "uuid": "3d6e9f4b-c045-4b94-b469-aee0d203552d",
              "parentUUID": "6dc3a60e-38b0-4200-b7b4-267a7cd7b0ac",
              "isHook": false,
              "skipped": false
            },
            {
              "title": "30 - Acessar destino com autenticação inválida",
              "fullTitle": "GET /api/destinations/{id} 30 - Acessar destino com autenticação inválida",
              "timedOut": false,
              "duration": 1,
              "state": "passed",
              "speed": "fast",
              "pass": true,
              "fail": false,
              "pending": false,
              "context": null,
              "code": "const tokenInvalido = \"token_invalido\";\nconst response = await request(baseUrl)\n  .get(`${endpoint}/${createdDestination.id}`)\n  .set(\"Authorization\", `Bearer ${tokenInvalido}`);\nexpect(response.status).to.equal(403);",
              "err": {},
              "uuid": "7c3740fe-684f-45b8-ab9e-4b1b694a93bf",
              "parentUUID": "6dc3a60e-38b0-4200-b7b4-267a7cd7b0ac",
              "isHook": false,
              "skipped": false
            }
          ],
          "suites": [],
          "passes": [
            "a5cba3ee-ba39-4591-89ac-1d2a468e3464",
            "f41c6c7b-f66b-49f0-9b25-9cd4184c0c37",
            "3d6e9f4b-c045-4b94-b469-aee0d203552d",
            "7c3740fe-684f-45b8-ab9e-4b1b694a93bf"
          ],
          "failures": [],
          "pending": [],
          "skipped": [],
          "duration": 5,
          "root": false,
          "rootEmpty": false,
          "_timeout": 2000
        },
        {
          "uuid": "ad82cb38-0fc3-4905-a683-9f6e58e23683",
          "title": "POST /api/users/login",
          "fullFile": "/Users/celiapaiva/M2.0/travel-manager-api/test/tests/login.test.js",
          "file": "/test/tests/login.test.js",
          "beforeHooks": [
            {
              "title": "\"before all\" hook in \"POST /api/users/login\"",
              "fullTitle": "POST /api/users/login \"before all\" hook in \"POST /api/users/login\"",
              "timedOut": false,
              "duration": 1,
              "state": null,
              "speed": null,
              "pass": false,
              "fail": false,
              "pending": false,
              "context": null,
              "code": "// Garante que o usuário válido existe\nawait request(baseUrl)\n  .post(\"/api/users/register\")\n  .set(\"Content-Type\", \"application/json\")\n  .send(validUser);",
              "err": {},
              "uuid": "76e54884-39a0-4c85-be60-ea2bbadb0d7f",
              "parentUUID": "ad82cb38-0fc3-4905-a683-9f6e58e23683",
              "isHook": true,
              "skipped": false
            }
          ],
          "afterHooks": [],
          "tests": [
            {
              "title": "07 - Fazer login de usuário com credenciais válidas",
              "fullTitle": "POST /api/users/login 07 - Fazer login de usuário com credenciais válidas",
              "timedOut": false,
              "duration": 19,
              "state": "passed",
              "speed": "fast",
              "pass": true,
              "fail": false,
              "pending": false,
              "context": null,
              "code": "const response = await request(baseUrl)\n  .post(endpoint)\n  .set(\"Content-Type\", \"application/json\")\n  .send(validUser);\nexpect(response.status).to.equal(200);\nexpect(response.body).to.have.property(\"token\");\nexpect(response.body.token).to.be.a(\"string\");",
              "err": {},
              "uuid": "9db48286-0b8f-44a3-b8cd-56da9454f899",
              "parentUUID": "ad82cb38-0fc3-4905-a683-9f6e58e23683",
              "isHook": false,
              "skipped": false
            },
            {
              "title": "08 - Fazer login de usuário com nome inválido",
              "fullTitle": "POST /api/users/login 08 - Fazer login de usuário com nome inválido",
              "timedOut": false,
              "duration": 19,
              "state": "failed",
              "speed": null,
              "pass": false,
              "fail": true,
              "pending": false,
              "context": null,
              "code": "const response = await request(baseUrl)\n  .post(endpoint)\n  .set(\"Content-Type\", \"application/json\")\n  .send({ username: 123456, password: validUser.password });\nexpect(response.status).to.equal(401);",
              "err": {
                "message": "AssertionError: expected 200 to equal 401",
                "estack": "AssertionError: expected 200 to equal 401\n    at Context.<anonymous> (test/tests/login.test.js:34:32)\n    at process.processTicksAndRejections (node:internal/process/task_queues:105:5)",
                "diff": "- 200\n+ 401\n"
              },
              "uuid": "e20b6bbb-0ef3-4942-84b1-0a21ba114225",
              "parentUUID": "ad82cb38-0fc3-4905-a683-9f6e58e23683",
              "isHook": false,
              "skipped": false
            },
            {
              "title": "09 - Fazer login de usuário com senha inválida",
              "fullTitle": "POST /api/users/login 09 - Fazer login de usuário com senha inválida",
              "timedOut": false,
              "duration": 18,
              "state": "passed",
              "speed": "fast",
              "pass": true,
              "fail": false,
              "pending": false,
              "context": null,
              "code": "const response = await request(baseUrl)\n  .post(endpoint)\n  .set(\"Content-Type\", \"application/json\")\n  .send({ username: validUser.username, password: \"123\" });\nexpect(response.status).to.equal(401);",
              "err": {},
              "uuid": "0cf312cc-5297-4d7c-9dc2-6bb08aafa09d",
              "parentUUID": "ad82cb38-0fc3-4905-a683-9f6e58e23683",
              "isHook": false,
              "skipped": false
            },
            {
              "title": "10 - Fazer login de usuário com nome ausente",
              "fullTitle": "POST /api/users/login 10 - Fazer login de usuário com nome ausente",
              "timedOut": false,
              "duration": 1,
              "state": "passed",
              "speed": "fast",
              "pass": true,
              "fail": false,
              "pending": false,
              "context": null,
              "code": "const response = await request(baseUrl)\n  .post(endpoint)\n  .set(\"Content-Type\", \"application/json\")\n  .send({ username: \"\", password: validUser.password });\nexpect(response.status).to.equal(400);",
              "err": {},
              "uuid": "94cbf7f9-6da5-4158-970f-bb6a72a1fc7f",
              "parentUUID": "ad82cb38-0fc3-4905-a683-9f6e58e23683",
              "isHook": false,
              "skipped": false
            },
            {
              "title": "11 - Fazer login de usuário com senha ausente",
              "fullTitle": "POST /api/users/login 11 - Fazer login de usuário com senha ausente",
              "timedOut": false,
              "duration": 1,
              "state": "passed",
              "speed": "fast",
              "pass": true,
              "fail": false,
              "pending": false,
              "context": null,
              "code": "const response = await request(baseUrl)\n  .post(endpoint)\n  .set(\"Content-Type\", \"application/json\")\n  .send({ username: validUser.username, password: \"\" });\nexpect(response.status).to.equal(400);",
              "err": {},
              "uuid": "0e405206-afdc-4b92-aa4c-2aa01814f65f",
              "parentUUID": "ad82cb38-0fc3-4905-a683-9f6e58e23683",
              "isHook": false,
              "skipped": false
            }
          ],
          "suites": [],
          "passes": [
            "9db48286-0b8f-44a3-b8cd-56da9454f899",
            "0cf312cc-5297-4d7c-9dc2-6bb08aafa09d",
            "94cbf7f9-6da5-4158-970f-bb6a72a1fc7f",
            "0e405206-afdc-4b92-aa4c-2aa01814f65f"
          ],
          "failures": [
            "e20b6bbb-0ef3-4942-84b1-0a21ba114225"
          ],
          "pending": [],
          "skipped": [],
          "duration": 58,
          "root": false,
          "rootEmpty": false,
          "_timeout": 2000
        },
        {
          "uuid": "cffa6fc2-ec36-4126-aa0c-a8a1288e90b7",
          "title": "POST /api/users/register",
          "fullFile": "/Users/celiapaiva/M2.0/travel-manager-api/test/tests/register.test.js",
          "file": "/test/tests/register.test.js",
          "beforeHooks": [
            {
              "title": "\"before each\" hook in \"POST /api/users/register\"",
              "fullTitle": "POST /api/users/register \"before each\" hook in \"POST /api/users/register\"",
              "timedOut": false,
              "duration": 0,
              "state": null,
              "speed": null,
              "pass": false,
              "fail": false,
              "pending": false,
              "context": null,
              "code": "validUser = { ...postLogin, username: generateUniqueUsername() };",
              "err": {},
              "uuid": "c5bd20de-cd2e-4ecc-bbbf-e6aa3f08da2e",
              "parentUUID": "cffa6fc2-ec36-4126-aa0c-a8a1288e90b7",
              "isHook": true,
              "skipped": false
            }
          ],
          "afterHooks": [],
          "tests": [
            {
              "title": "01 - Registrar novo usuário com dados válidos",
              "fullTitle": "POST /api/users/register 01 - Registrar novo usuário com dados válidos",
              "timedOut": false,
              "duration": 18,
              "state": "passed",
              "speed": "fast",
              "pass": true,
              "fail": false,
              "pending": false,
              "context": null,
              "code": "const response = await request(baseUrl)\n  .post(endpoint)\n  .set(\"Content-Type\", \"application/json\")\n  .send(validUser);\nexpect(response.status).to.equal(201);\nexpect(response.body).to.have.property(\"id\");\nexpect(response.body).to.have.property(\"username\", validUser.username);",
              "err": {},
              "uuid": "741023c4-7f57-4082-abdd-bf5a9b942427",
              "parentUUID": "cffa6fc2-ec36-4126-aa0c-a8a1288e90b7",
              "isHook": false,
              "skipped": false
            },
            {
              "title": "02 - Registrar novo usuário com username inválido",
              "fullTitle": "POST /api/users/register 02 - Registrar novo usuário com username inválido",
              "timedOut": false,
              "duration": 1,
              "state": "failed",
              "speed": null,
              "pass": false,
              "fail": true,
              "pending": false,
              "context": null,
              "code": "const response = await request(baseUrl)\n  .post(endpoint)\n  .set(\"Content-Type\", \"application/json\")\n  .send({ username: 123456, password: validUser.password });\nexpect(response.status).to.equal(400);",
              "err": {
                "message": "AssertionError: expected 409 to equal 400",
                "estack": "AssertionError: expected 409 to equal 400\n    at Context.<anonymous> (test/tests/register.test.js:37:32)\n    at process.processTicksAndRejections (node:internal/process/task_queues:105:5)",
                "diff": "- 409\n+ 400\n"
              },
              "uuid": "b95f12c2-5ac1-4609-b678-6265b40bc1ac",
              "parentUUID": "cffa6fc2-ec36-4126-aa0c-a8a1288e90b7",
              "isHook": false,
              "skipped": false
            },
            {
              "title": "03 - Registrar novo usuário com senha inválida",
              "fullTitle": "POST /api/users/register 03 - Registrar novo usuário com senha inválida",
              "timedOut": false,
              "duration": 1,
              "state": "passed",
              "speed": "fast",
              "pass": true,
              "fail": false,
              "pending": false,
              "context": null,
              "code": "const response = await request(baseUrl)\n  .post(endpoint)\n  .set(\"Content-Type\", \"application/json\")\n  .send({ username: validUser.username, password: \"123\" });\nexpect(response.status).to.equal(400);",
              "err": {},
              "uuid": "11bf17f1-8b88-48a8-833e-94f03013aadb",
              "parentUUID": "cffa6fc2-ec36-4126-aa0c-a8a1288e90b7",
              "isHook": false,
              "skipped": false
            },
            {
              "title": "04 - Registrar novo usuário com username ausente",
              "fullTitle": "POST /api/users/register 04 - Registrar novo usuário com username ausente",
              "timedOut": false,
              "duration": 1,
              "state": "passed",
              "speed": "fast",
              "pass": true,
              "fail": false,
              "pending": false,
              "context": null,
              "code": "const response = await request(baseUrl)\n  .post(endpoint)\n  .set(\"Content-Type\", \"application/json\")\n  .send({ username: \"\", password: validUser.password });\nexpect(response.status).to.equal(400);",
              "err": {},
              "uuid": "bbbd09de-aa62-4c15-87cd-3987b1990754",
              "parentUUID": "cffa6fc2-ec36-4126-aa0c-a8a1288e90b7",
              "isHook": false,
              "skipped": false
            },
            {
              "title": "05 - Registrar novo usuário com senha ausente",
              "fullTitle": "POST /api/users/register 05 - Registrar novo usuário com senha ausente",
              "timedOut": false,
              "duration": 1,
              "state": "passed",
              "speed": "fast",
              "pass": true,
              "fail": false,
              "pending": false,
              "context": null,
              "code": "const response = await request(baseUrl)\n  .post(endpoint)\n  .set(\"Content-Type\", \"application/json\")\n  .send({ username: validUser.username, password: \"\" });\nexpect(response.status).to.equal(400);",
              "err": {},
              "uuid": "f719e5c6-a670-43f6-92d9-df40cbe1e155",
              "parentUUID": "cffa6fc2-ec36-4126-aa0c-a8a1288e90b7",
              "isHook": false,
              "skipped": false
            },
            {
              "title": "06 - Registrar novo usuário já existente",
              "fullTitle": "POST /api/users/register 06 - Registrar novo usuário já existente",
              "timedOut": false,
              "duration": 1,
              "state": "passed",
              "speed": "fast",
              "pass": true,
              "fail": false,
              "pending": false,
              "context": null,
              "code": "const response = await request(baseUrl)\n  .post(endpoint)\n  .set(\"Content-Type\", \"application/json\")\n  .send({ username: \"celia.bruno\" , password: \"123456\" });\nexpect(response.status).to.equal(409);",
              "err": {},
              "uuid": "c549cb37-6ea1-445c-a5d2-ae04eda46a20",
              "parentUUID": "cffa6fc2-ec36-4126-aa0c-a8a1288e90b7",
              "isHook": false,
              "skipped": false
            }
          ],
          "suites": [],
          "passes": [
            "741023c4-7f57-4082-abdd-bf5a9b942427",
            "11bf17f1-8b88-48a8-833e-94f03013aadb",
            "bbbd09de-aa62-4c15-87cd-3987b1990754",
            "f719e5c6-a670-43f6-92d9-df40cbe1e155",
            "c549cb37-6ea1-445c-a5d2-ae04eda46a20"
          ],
          "failures": [
            "b95f12c2-5ac1-4609-b678-6265b40bc1ac"
          ],
          "pending": [],
          "skipped": [],
          "duration": 23,
          "root": false,
          "rootEmpty": false,
          "_timeout": 2000
        },
        {
          "uuid": "bb031bf1-ad7c-4db7-98d1-1ecc025628b1",
          "title": "PUT /api/destinations/{id}",
          "fullFile": "/Users/celiapaiva/M2.0/travel-manager-api/test/tests/updateDestination.test.js",
          "file": "/test/tests/updateDestination.test.js",
          "beforeHooks": [
            {
              "title": "\"before all\" hook in \"PUT /api/destinations/{id}\"",
              "fullTitle": "PUT /api/destinations/{id} \"before all\" hook in \"PUT /api/destinations/{id}\"",
              "timedOut": false,
              "duration": 19,
              "state": null,
              "speed": null,
              "pass": false,
              "fail": false,
              "pending": false,
              "context": null,
              "code": "// Garante que o usuário existe e obtém token\nawait request(baseUrl)\n  .post(\"/api/users/register\")\n  .set(\"Content-Type\", \"application/json\")\n  .send(postLogin);\ntoken = await obterToken(postLogin.username, postLogin.password);\n// Cria um destino para os testes\ncreatedDestination = await createDestination(token, postDest);",
              "err": {},
              "uuid": "292df578-de88-4de3-a70a-d0ee4814a56f",
              "parentUUID": "bb031bf1-ad7c-4db7-98d1-1ecc025628b1",
              "isHook": true,
              "skipped": false
            }
          ],
          "afterHooks": [],
          "tests": [
            {
              "title": "31 - Atualizar nome do destino com autenticação válida",
              "fullTitle": "PUT /api/destinations/{id} 31 - Atualizar nome do destino com autenticação válida",
              "timedOut": false,
              "duration": 1,
              "state": "passed",
              "speed": "fast",
              "pass": true,
              "fail": false,
              "pending": false,
              "context": null,
              "code": "const updated = { ...postDest, name: \"São Paulo\" };\nconst response = await request(baseUrl)\n  .put(`${endpoint}/${createdDestination.id}`)\n  .set(\"Authorization\", `Bearer ${token}`)\n  .set(\"Content-Type\", \"application/json\")\n  .send(updated);\nexpect(response.status).to.equal(200);\nexpect(response.body).to.have.property(\"name\", updated.name);",
              "err": {},
              "uuid": "845ed455-bf98-4398-b16d-6df7211aebfb",
              "parentUUID": "bb031bf1-ad7c-4db7-98d1-1ecc025628b1",
              "isHook": false,
              "skipped": false
            },
            {
              "title": "32 - Atualizar status do destino com autenticação válida",
              "fullTitle": "PUT /api/destinations/{id} 32 - Atualizar status do destino com autenticação válida",
              "timedOut": false,
              "duration": 1,
              "state": "passed",
              "speed": "fast",
              "pass": true,
              "fail": false,
              "pending": false,
              "context": null,
              "code": "const updated = { ...postDest, status: \"planning\" };\nconst response = await request(baseUrl)\n  .put(`${endpoint}/${createdDestination.id}`)\n  .set(\"Authorization\", `Bearer ${token}`)\n  .set(\"Content-Type\", \"application/json\")\n  .send(updated);\nexpect(response.status).to.equal(200);\nexpect(response.body).to.have.property(\"status\", updated.status);",
              "err": {},
              "uuid": "a2e66d48-37c9-4692-a378-1b7477319392",
              "parentUUID": "bb031bf1-ad7c-4db7-98d1-1ecc025628b1",
              "isHook": false,
              "skipped": false
            },
            {
              "title": "33 - Atualizar detalhes do destino com autenticação válida",
              "fullTitle": "PUT /api/destinations/{id} 33 - Atualizar detalhes do destino com autenticação válida",
              "timedOut": false,
              "duration": 1,
              "state": "passed",
              "speed": "fast",
              "pass": true,
              "fail": false,
              "pending": false,
              "context": null,
              "code": "const updated = { ...postDest, details: \"Visitar Cristo\" };\nconst response = await request(baseUrl)\n  .put(`${endpoint}/${createdDestination.id}`)\n  .set(\"Authorization\", `Bearer ${token}`)\n  .set(\"Content-Type\", \"application/json\")\n  .send(updated);\nexpect(response.status).to.equal(200);\nexpect(response.body).to.have.property(\"details\", updated.details);",
              "err": {},
              "uuid": "b2b09a70-cc11-492d-9757-f04bb71559fc",
              "parentUUID": "bb031bf1-ad7c-4db7-98d1-1ecc025628b1",
              "isHook": false,
              "skipped": false
            },
            {
              "title": "34 - Atualizar data do destino com autenticação válida",
              "fullTitle": "PUT /api/destinations/{id} 34 - Atualizar data do destino com autenticação válida",
              "timedOut": false,
              "duration": 1,
              "state": "passed",
              "speed": "fast",
              "pass": true,
              "fail": false,
              "pending": false,
              "context": null,
              "code": "const updated = { ...postDest, date: \"2025-12-24\" };\nconst response = await request(baseUrl)\n  .put(`${endpoint}/${createdDestination.id}`)\n  .set(\"Authorization\", `Bearer ${token}`)\n  .set(\"Content-Type\", \"application/json\")\n  .send(updated);\nexpect(response.status).to.equal(200);\nexpect(response.body).to.have.property(\"date\", updated.date);",
              "err": {},
              "uuid": "ba75d254-aac3-48ad-a89d-67bb7820c5fa",
              "parentUUID": "bb031bf1-ad7c-4db7-98d1-1ecc025628b1",
              "isHook": false,
              "skipped": false
            },
            {
              "title": "35 - Atualizar status com dado inválido",
              "fullTitle": "PUT /api/destinations/{id} 35 - Atualizar status com dado inválido",
              "timedOut": false,
              "duration": 1,
              "state": "passed",
              "speed": "fast",
              "pass": true,
              "fail": false,
              "pending": false,
              "context": null,
              "code": "const updated = { ...postDest, status: \"invalid_status\" };\nconst response = await request(baseUrl)\n  .put(`${endpoint}/${createdDestination.id}`)\n  .set(\"Authorization\", `Bearer ${token}`)\n  .set(\"Content-Type\", \"application/json\")\n  .send(updated);\nexpect(response.status).to.equal(400);",
              "err": {},
              "uuid": "0bf40aa4-c0f3-44a8-bb75-37c589f8a7c3",
              "parentUUID": "bb031bf1-ad7c-4db7-98d1-1ecc025628b1",
              "isHook": false,
              "skipped": false
            },
            {
              "title": "36 - Atualizar destino inexistente",
              "fullTitle": "PUT /api/destinations/{id} 36 - Atualizar destino inexistente",
              "timedOut": false,
              "duration": 1,
              "state": "passed",
              "speed": "fast",
              "pass": true,
              "fail": false,
              "pending": false,
              "context": null,
              "code": "const updated = { ...postDest, name: \"Destino Inexistente\" };\nconst nonexistentId = \"nonexistent\";\nconst response = await request(baseUrl)\n  .put(`${endpoint}/${nonexistentId}`)\n  .set(\"Authorization\", `Bearer ${token}`)\n  .set(\"Content-Type\", \"application/json\")\n  .send(updated);\nexpect(response.status).to.equal(404);",
              "err": {},
              "uuid": "f83d5983-95ef-4a62-ad9c-a00f33594d9e",
              "parentUUID": "bb031bf1-ad7c-4db7-98d1-1ecc025628b1",
              "isHook": false,
              "skipped": false
            },
            {
              "title": "37 - Atualizar destino sem autenticação válida",
              "fullTitle": "PUT /api/destinations/{id} 37 - Atualizar destino sem autenticação válida",
              "timedOut": false,
              "duration": 1,
              "state": "passed",
              "speed": "fast",
              "pass": true,
              "fail": false,
              "pending": false,
              "context": null,
              "code": "const tokenVazio = \"\";\nconst updated = { ...postDest, name: \"Sem Autenticação\" };\nconst response = await request(baseUrl)\n  .put(`${endpoint}/${createdDestination.id}`)\n  .set(\"Authorization\", `Bearer ${tokenVazio}`)\n  .set(\"Content-Type\", \"application/json\")\n  .send(updated);\nexpect(response.status).to.equal(401);",
              "err": {},
              "uuid": "4e149b08-6afc-40cb-a96f-5cb0a311403c",
              "parentUUID": "bb031bf1-ad7c-4db7-98d1-1ecc025628b1",
              "isHook": false,
              "skipped": false
            },
            {
              "title": "38 - Atualizar destino com autenticação inválida",
              "fullTitle": "PUT /api/destinations/{id} 38 - Atualizar destino com autenticação inválida",
              "timedOut": false,
              "duration": 1,
              "state": "passed",
              "speed": "fast",
              "pass": true,
              "fail": false,
              "pending": false,
              "context": null,
              "code": "const tokenInvalido = \"token_invalido\";\nconst updated = { ...postDest, name: \"Token Inválido\" };\nconst response = await request(baseUrl)\n  .put(`${endpoint}/${createdDestination.id}`)\n  .set(\"Authorization\", `Bearer ${tokenInvalido}`)\n  .set(\"Content-Type\", \"application/json\")\n  .send(updated);\nexpect(response.status).to.equal(403);",
              "err": {},
              "uuid": "a96926fd-a710-4c29-8d3b-5e83c9f1ec29",
              "parentUUID": "bb031bf1-ad7c-4db7-98d1-1ecc025628b1",
              "isHook": false,
              "skipped": false
            }
          ],
          "suites": [],
          "passes": [
            "845ed455-bf98-4398-b16d-6df7211aebfb",
            "a2e66d48-37c9-4692-a378-1b7477319392",
            "b2b09a70-cc11-492d-9757-f04bb71559fc",
            "ba75d254-aac3-48ad-a89d-67bb7820c5fa",
            "0bf40aa4-c0f3-44a8-bb75-37c589f8a7c3",
            "f83d5983-95ef-4a62-ad9c-a00f33594d9e",
            "4e149b08-6afc-40cb-a96f-5cb0a311403c",
            "a96926fd-a710-4c29-8d3b-5e83c9f1ec29"
          ],
          "failures": [],
          "pending": [],
          "skipped": [],
          "duration": 8,
          "root": false,
          "rootEmpty": false,
          "_timeout": 2000
        },
        {
          "uuid": "2ff95350-240f-4af2-9dbc-4b61aea6e480",
          "title": "GET /api/users/user",
          "fullFile": "/Users/celiapaiva/M2.0/travel-manager-api/test/tests/user.test.js",
          "file": "/test/tests/user.test.js",
          "beforeHooks": [
            {
              "title": "\"before all\" hook in \"GET /api/users/user\"",
              "fullTitle": "GET /api/users/user \"before all\" hook in \"GET /api/users/user\"",
              "timedOut": false,
              "duration": 19,
              "state": null,
              "speed": null,
              "pass": false,
              "fail": false,
              "pending": false,
              "context": null,
              "code": "// Garante que o usuário existe antes dos testes\nawait request(baseUrl)\n  .post(\"/api/users/register\")\n  .set(\"Content-Type\", \"application/json\")\n  .send(validUser);\ntoken = await obterToken(validUser.username, validUser.password);",
              "err": {},
              "uuid": "daa92aa8-db35-4a23-90b4-94961b672964",
              "parentUUID": "2ff95350-240f-4af2-9dbc-4b61aea6e480",
              "isHook": true,
              "skipped": false
            }
          ],
          "afterHooks": [],
          "tests": [
            {
              "title": "12 - Acessar informações do usuário com autenticação válida",
              "fullTitle": "GET /api/users/user 12 - Acessar informações do usuário com autenticação válida",
              "timedOut": false,
              "duration": 1,
              "state": "passed",
              "speed": "fast",
              "pass": true,
              "fail": false,
              "pending": false,
              "context": null,
              "code": "const response = await request(baseUrl)\n  .get(endpoint)\n  .set(\"Authorization\", `Bearer ${token}`);\nexpect(response.status).to.equal(200);\nexpect(response.body).to.have.property(\"id\");\nexpect(response.body).to.have.property(\"username\", validUser.username);",
              "err": {},
              "uuid": "72262021-7c0d-41fe-90a4-66f87cf604af",
              "parentUUID": "2ff95350-240f-4af2-9dbc-4b61aea6e480",
              "isHook": false,
              "skipped": false
            },
            {
              "title": "13 - Acessar informações do usuário com autenticação ausente",
              "fullTitle": "GET /api/users/user 13 - Acessar informações do usuário com autenticação ausente",
              "timedOut": false,
              "duration": 1,
              "state": "passed",
              "speed": "fast",
              "pass": true,
              "fail": false,
              "pending": false,
              "context": null,
              "code": "const tokenVazio = \"\";\nconst response = await request(baseUrl)\n  .get(endpoint)\n  .set(\"Authorization\", `Bearer ${tokenVazio}`);\nexpect(response.status).to.equal(401);",
              "err": {},
              "uuid": "ba7580b7-f7b4-40e2-8c8b-84ddc6a732c2",
              "parentUUID": "2ff95350-240f-4af2-9dbc-4b61aea6e480",
              "isHook": false,
              "skipped": false
            },
            {
              "title": "14 - Acessar informações do usuário com autenticação inválida",
              "fullTitle": "GET /api/users/user 14 - Acessar informações do usuário com autenticação inválida",
              "timedOut": false,
              "duration": 1,
              "state": "passed",
              "speed": "fast",
              "pass": true,
              "fail": false,
              "pending": false,
              "context": null,
              "code": "const tokenInvalido = \"token_invalido\";\nconst response = await request(baseUrl)\n  .get(endpoint)\n  .set(\"Authorization\", `Bearer ${tokenInvalido}`);\nexpect(response.status).to.equal(403);",
              "err": {},
              "uuid": "2d18d4c1-8a88-4bbb-a17d-d0734f2c979f",
              "parentUUID": "2ff95350-240f-4af2-9dbc-4b61aea6e480",
              "isHook": false,
              "skipped": false
            },
            {
              "title": "15 - Acessar informações de usuário com token expirado",
              "fullTitle": "GET /api/users/user 15 - Acessar informações de usuário com token expirado",
              "timedOut": false,
              "duration": 2,
              "state": "failed",
              "speed": null,
              "pass": false,
              "fail": true,
              "pending": false,
              "context": null,
              "code": "const tokenExpirado = \"eyJhbGciOiJIUzI1NiIsInR5cCI6IkpXVCJ9.eyJpZCI6IjEiLCJ1c2VybmFtZSI6ImNlbGlhLmJydW5vIiwiaWF0IjoxNzYyMzc4MTIwLCJleHAiOjE3NjIzODE3MjB9.pwb5j4At1iXHLc9hrEDyLtecdknL4_3P6xrpfTlvev4\";\nconst response = await request(baseUrl)\n  .get(endpoint)\n  .set(\"Authorization\", `Bearer ${tokenExpirado}`);\n  expect(response.status).to.equal(404);",
              "err": {
                "message": "AssertionError: expected 403 to equal 404",
                "estack": "AssertionError: expected 403 to equal 404\n    at Context.<anonymous> (test/tests/user.test.js:52:34)\n    at process.processTicksAndRejections (node:internal/process/task_queues:105:5)",
                "diff": "- 403\n+ 404\n"
              },
              "uuid": "f32b8be9-a16d-44c3-a1ed-eeaa7904e17d",
              "parentUUID": "2ff95350-240f-4af2-9dbc-4b61aea6e480",
              "isHook": false,
              "skipped": false
            }
          ],
          "suites": [],
          "passes": [
            "72262021-7c0d-41fe-90a4-66f87cf604af",
            "ba7580b7-f7b4-40e2-8c8b-84ddc6a732c2",
            "2d18d4c1-8a88-4bbb-a17d-d0734f2c979f"
          ],
          "failures": [
            "f32b8be9-a16d-44c3-a1ed-eeaa7904e17d"
          ],
          "pending": [],
          "skipped": [],
          "duration": 5,
          "root": false,
          "rootEmpty": false,
          "_timeout": 2000
        }
      ],
      "passes": [],
      "failures": [],
      "pending": [],
      "skipped": [],
      "duration": 0,
      "root": true,
      "rootEmpty": true,
      "_timeout": 2000
    }
  ],
  "meta": {
    "mocha": {
      "version": "11.7.5"
    },
    "mochawesome": {
      "options": {
        "quiet": true,
        "reportFilename": "index",
        "saveHtml": true,
        "saveJson": true,
        "consoleReporter": "spec",
        "useInlineDiffs": false,
        "code": true
      },
      "version": "7.1.4"
    },
    "marge": {
      "options": {
        "reportDir": "mochawesome-report",
        "reportFilename": "index",
        "quiet": "true"
      },
      "version": "6.3.2"
    }
  }
}