{
  "stats": {
    "suites": 4,
    "tests": 23,
    "passes": 20,
    "pending": 0,
    "failures": 3,
    "start": "2025-11-05T21:56:13.538Z",
    "end": "2025-11-05T21:56:13.782Z",
    "duration": 244,
    "testsRegistered": 23,
    "passPercent": 86.95652173913044,
    "pendingPercent": 0,
    "other": 0,
    "hasOther": false,
    "skipped": 0,
    "hasSkipped": false
  },
  "results": [
    {
      "uuid": "7a8af675-d7ec-4fb0-b838-b2393dc2729a",
      "title": "",
      "fullFile": "",
      "file": "",
      "beforeHooks": [],
      "afterHooks": [],
      "tests": [],
      "suites": [
        {
          "uuid": "a9744f82-306c-4d7b-9f8b-dba7bcbb54c2",
          "title": "POST /api/destinations",
          "fullFile": "/Users/celiapaiva/M2.0/travel-manager-api/test/tests/createDestination.test.js",
          "file": "/test/tests/createDestination.test.js",
          "beforeHooks": [
            {
              "title": "\"before all\" hook in \"POST /api/destinations\"",
              "fullTitle": "POST /api/destinations \"before all\" hook in \"POST /api/destinations\"",
              "timedOut": false,
              "duration": 103,
              "state": null,
              "speed": null,
              "pass": false,
              "fail": false,
              "pending": false,
              "context": null,
              "code": "// Garante que o usuário existe e obtém token\nawait request(baseUrl)\n  .post(\"/api/users/register\")\n  .set(\"Content-Type\", \"application/json\")\n  .send(postLogin);\ntoken = await obterToken(postLogin.username, postLogin.password);",
              "err": {},
              "uuid": "3b1482f2-ee91-4516-bbca-b4b61e0c5114",
              "parentUUID": "a9744f82-306c-4d7b-9f8b-dba7bcbb54c2",
              "isHook": true,
              "skipped": false
            }
          ],
          "afterHooks": [],
          "tests": [
            {
              "title": "16 - Registrar informações de um novo destino com dados válidos",
              "fullTitle": "POST /api/destinations 16 - Registrar informações de um novo destino com dados válidos",
              "timedOut": false,
              "duration": 8,
              "state": "passed",
              "speed": "fast",
              "pass": true,
              "fail": false,
              "pending": false,
              "context": null,
              "code": "const response = await request(baseUrl)\n  .post(endpoint)\n  .set(\"Authorization\", `Bearer ${token}`)\n  .set(\"Content-Type\", \"application/json\")\n  .send(postDest);\nexpect(response.status).to.equal(201);\nexpect(response.body).to.have.property(\"id\");\nexpect(response.body).to.have.property(\"name\", postDest.name);\nexpect(response.body).to.have.property(\"status\", postDest.status);",
              "err": {},
              "uuid": "841b2bec-089b-4899-8120-abc605cb9301",
              "parentUUID": "a9744f82-306c-4d7b-9f8b-dba7bcbb54c2",
              "isHook": false,
              "skipped": false
            },
            {
              "title": "17 - Registrar informações de um novo destino apenas com dados obrigatórios",
              "fullTitle": "POST /api/destinations 17 - Registrar informações de um novo destino apenas com dados obrigatórios",
              "timedOut": false,
              "duration": 1,
              "state": "passed",
              "speed": "fast",
              "pass": true,
              "fail": false,
              "pending": false,
              "context": null,
              "code": "const minimal = { name: \"Rio de Janeiro\", status: \"wishlist\" };\nconst response = await request(baseUrl)\n  .post(endpoint)\n  .set(\"Authorization\", `Bearer ${token}`)\n  .set(\"Content-Type\", \"application/json\")\n  .send(minimal);\nexpect(response.status).to.equal(201);\nexpect(response.body).to.have.property(\"id\");\nexpect(response.body).to.have.property(\"name\", minimal.name);\nexpect(response.body).to.have.property(\"status\", minimal.status);",
              "err": {},
              "uuid": "90b290c1-26d5-41f0-ac51-64a43bbf3dff",
              "parentUUID": "a9744f82-306c-4d7b-9f8b-dba7bcbb54c2",
              "isHook": false,
              "skipped": false
            },
            {
              "title": "18 - Registrar informações sem o dado obrigatório nome",
              "fullTitle": "POST /api/destinations 18 - Registrar informações sem o dado obrigatório nome",
              "timedOut": false,
              "duration": 1,
              "state": "passed",
              "speed": "fast",
              "pass": true,
              "fail": false,
              "pending": false,
              "context": null,
              "code": "const { status, details, date } = postDest;\nconst response = await request(baseUrl)\n  .post(endpoint)\n  .set(\"Authorization\", `Bearer ${token}`)\n  .set(\"Content-Type\", \"application/json\")\n  .send({ status, details, date });\nexpect(response.status).to.equal(400);",
              "err": {},
              "uuid": "8fa5befb-24ba-46a0-982f-a4650990a77f",
              "parentUUID": "a9744f82-306c-4d7b-9f8b-dba7bcbb54c2",
              "isHook": false,
              "skipped": false
            },
            {
              "title": "19 - Registrar informações sem o dado obrigatório status",
              "fullTitle": "POST /api/destinations 19 - Registrar informações sem o dado obrigatório status",
              "timedOut": false,
              "duration": 1,
              "state": "passed",
              "speed": "fast",
              "pass": true,
              "fail": false,
              "pending": false,
              "context": null,
              "code": "const { name, details, date } = postDest;\nconst response = await request(baseUrl)\n  .post(endpoint)\n  .set(\"Authorization\", `Bearer ${token}`)\n  .set(\"Content-Type\", \"application/json\")\n  .send({ name, details, date });\nexpect(response.status).to.equal(400);",
              "err": {},
              "uuid": "e7816980-74f2-4588-ac6a-d88f35e40066",
              "parentUUID": "a9744f82-306c-4d7b-9f8b-dba7bcbb54c2",
              "isHook": false,
              "skipped": false
            },
            {
              "title": "20 - Registrar informações com dado obrigatório nome inválido",
              "fullTitle": "POST /api/destinations 20 - Registrar informações com dado obrigatório nome inválido",
              "timedOut": false,
              "duration": 1,
              "state": "passed",
              "speed": "fast",
              "pass": true,
              "fail": false,
              "pending": false,
              "context": null,
              "code": "const response = await request(baseUrl)\n  .post(endpoint)\n  .set(\"Authorization\", `Bearer ${token}`)\n  .set(\"Content-Type\", \"application/json\")\n  .send({ ...postDest, name: \"\" });\nexpect(response.status).to.equal(400);",
              "err": {},
              "uuid": "c2a992b6-3fab-4052-8bba-4245db5da8fd",
              "parentUUID": "a9744f82-306c-4d7b-9f8b-dba7bcbb54c2",
              "isHook": false,
              "skipped": false
            },
            {
              "title": "21 - Registrar informações com dado obrigatório status inválido",
              "fullTitle": "POST /api/destinations 21 - Registrar informações com dado obrigatório status inválido",
              "timedOut": false,
              "duration": 2,
              "state": "passed",
              "speed": "fast",
              "pass": true,
              "fail": false,
              "pending": false,
              "context": null,
              "code": "const response = await request(baseUrl)\n  .post(endpoint)\n  .set(\"Authorization\", `Bearer ${token}`)\n  .set(\"Content-Type\", \"application/json\")\n  .send({ ...postDest, status: \"\" });\nexpect(response.status).to.equal(400);",
              "err": {},
              "uuid": "f4bda781-99b9-46ac-8757-8c1ec3e2e5bd",
              "parentUUID": "a9744f82-306c-4d7b-9f8b-dba7bcbb54c2",
              "isHook": false,
              "skipped": false
            },
            {
              "title": "22 - Registrar informações de um novo destino sem autenticação válida",
              "fullTitle": "POST /api/destinations 22 - Registrar informações de um novo destino sem autenticação válida",
              "timedOut": false,
              "duration": 2,
              "state": "passed",
              "speed": "fast",
              "pass": true,
              "fail": false,
              "pending": false,
              "context": null,
              "code": "const tokenVazio = \"\"\nconst response = await request(baseUrl)\n  .post(endpoint)\n  .set(\"Authorization\", `Bearer ${tokenVazio}`)\n  .set(\"Content-Type\", \"application/json\")\n  .send(postDest);\nexpect(response.status).to.equal(401);",
              "err": {},
              "uuid": "12aa70f0-913f-49e0-b20c-5eb163e6e1f0",
              "parentUUID": "a9744f82-306c-4d7b-9f8b-dba7bcbb54c2",
              "isHook": false,
              "skipped": false
            },
            {
              "title": "23 - Registrar informações de um novo destino com autenticação inválida",
              "fullTitle": "POST /api/destinations 23 - Registrar informações de um novo destino com autenticação inválida",
              "timedOut": false,
              "duration": 5,
              "state": "passed",
              "speed": "fast",
              "pass": true,
              "fail": false,
              "pending": false,
              "context": null,
              "code": "const tokenInvalido = \"token_invalido\";\nconst response = await request(baseUrl)\n  .post(endpoint)\n  .set(\"Authorization\", `Bearer ${tokenInvalido}`)\n  .set(\"Content-Type\", \"application/json\")\n  .send(postDest);\nexpect([401, 403]).to.include(response.status);",
              "err": {},
              "uuid": "58e961d9-ed50-4498-90d2-fd7f613b996c",
              "parentUUID": "a9744f82-306c-4d7b-9f8b-dba7bcbb54c2",
              "isHook": false,
              "skipped": false
            }
          ],
          "suites": [],
          "passes": [
            "841b2bec-089b-4899-8120-abc605cb9301",
            "90b290c1-26d5-41f0-ac51-64a43bbf3dff",
            "8fa5befb-24ba-46a0-982f-a4650990a77f",
            "e7816980-74f2-4588-ac6a-d88f35e40066",
            "c2a992b6-3fab-4052-8bba-4245db5da8fd",
            "f4bda781-99b9-46ac-8757-8c1ec3e2e5bd",
            "12aa70f0-913f-49e0-b20c-5eb163e6e1f0",
            "58e961d9-ed50-4498-90d2-fd7f613b996c"
          ],
          "failures": [],
          "pending": [],
          "skipped": [],
          "duration": 21,
          "root": false,
          "rootEmpty": false,
          "_timeout": 2000
        },
        {
          "uuid": "69a96711-4de4-4695-93fd-870e840dd750",
          "title": "POST /api/users/login",
          "fullFile": "/Users/celiapaiva/M2.0/travel-manager-api/test/tests/login.test.js",
          "file": "/test/tests/login.test.js",
          "beforeHooks": [
            {
              "title": "\"before all\" hook in \"POST /api/users/login\"",
              "fullTitle": "POST /api/users/login \"before all\" hook in \"POST /api/users/login\"",
              "timedOut": false,
              "duration": 2,
              "state": null,
              "speed": null,
              "pass": false,
              "fail": false,
              "pending": false,
              "context": null,
              "code": "// Garante que o usuário válido existe\nawait request(baseUrl)\n  .post(\"/api/users/register\")\n  .set(\"Content-Type\", \"application/json\")\n  .send(validUser);",
              "err": {},
              "uuid": "1bc0ea7c-0062-47ee-aa15-5c4ba521e1d5",
              "parentUUID": "69a96711-4de4-4695-93fd-870e840dd750",
              "isHook": true,
              "skipped": false
            }
          ],
          "afterHooks": [],
          "tests": [
            {
              "title": "07 - Fazer login de usuário com credenciais válidas",
              "fullTitle": "POST /api/users/login 07 - Fazer login de usuário com credenciais válidas",
              "timedOut": false,
              "duration": 19,
              "state": "passed",
              "speed": "fast",
              "pass": true,
              "fail": false,
              "pending": false,
              "context": null,
              "code": "const response = await request(baseUrl)\n  .post(endpoint)\n  .set(\"Content-Type\", \"application/json\")\n  .send(validUser);\nexpect(response.status).to.equal(200);\nexpect(response.body).to.have.property(\"token\");\nexpect(response.body.token).to.be.a(\"string\");",
              "err": {},
              "uuid": "bc1e1871-7888-46ce-81bc-c5f824af523c",
              "parentUUID": "69a96711-4de4-4695-93fd-870e840dd750",
              "isHook": false,
              "skipped": false
            },
            {
              "title": "08 - Fazer login de usuário com nome inválido",
              "fullTitle": "POST /api/users/login 08 - Fazer login de usuário com nome inválido",
              "timedOut": false,
              "duration": 19,
              "state": "failed",
              "speed": null,
              "pass": false,
              "fail": true,
              "pending": false,
              "context": null,
              "code": "const response = await request(baseUrl)\n  .post(endpoint)\n  .set(\"Content-Type\", \"application/json\")\n  .send({ username: 123456, password: validUser.password });\nexpect(response.status).to.equal(401);",
              "err": {
                "message": "AssertionError: expected 200 to equal 401",
                "estack": "AssertionError: expected 200 to equal 401\n    at Context.<anonymous> (test/tests/login.test.js:34:32)\n    at process.processTicksAndRejections (node:internal/process/task_queues:105:5)",
                "diff": "- 200\n+ 401\n"
              },
              "uuid": "63cf53ff-ae8f-4787-a1cd-8d349e13ee4e",
              "parentUUID": "69a96711-4de4-4695-93fd-870e840dd750",
              "isHook": false,
              "skipped": false
            },
            {
              "title": "09 - Fazer login de usuário com senha inválida",
              "fullTitle": "POST /api/users/login 09 - Fazer login de usuário com senha inválida",
              "timedOut": false,
              "duration": 18,
              "state": "passed",
              "speed": "fast",
              "pass": true,
              "fail": false,
              "pending": false,
              "context": null,
              "code": "const response = await request(baseUrl)\n  .post(endpoint)\n  .set(\"Content-Type\", \"application/json\")\n  .send({ username: validUser.username, password: \"123\" });\nexpect(response.status).to.equal(401);",
              "err": {},
              "uuid": "fc6dd2b5-1637-482f-9f03-26a3b73356e9",
              "parentUUID": "69a96711-4de4-4695-93fd-870e840dd750",
              "isHook": false,
              "skipped": false
            },
            {
              "title": "10 - Fazer login de usuário com nome ausente",
              "fullTitle": "POST /api/users/login 10 - Fazer login de usuário com nome ausente",
              "timedOut": false,
              "duration": 0,
              "state": "passed",
              "speed": "fast",
              "pass": true,
              "fail": false,
              "pending": false,
              "context": null,
              "code": "const response = await request(baseUrl)\n  .post(endpoint)\n  .set(\"Content-Type\", \"application/json\")\n  .send({ username: \"\", password: validUser.password });\nexpect(response.status).to.equal(400);",
              "err": {},
              "uuid": "ee6da1a6-3931-4d86-b786-2401a74a356e",
              "parentUUID": "69a96711-4de4-4695-93fd-870e840dd750",
              "isHook": false,
              "skipped": false
            },
            {
              "title": "11 - Fazer login de usuário com senha ausente",
              "fullTitle": "POST /api/users/login 11 - Fazer login de usuário com senha ausente",
              "timedOut": false,
              "duration": 1,
              "state": "passed",
              "speed": "fast",
              "pass": true,
              "fail": false,
              "pending": false,
              "context": null,
              "code": "const response = await request(baseUrl)\n  .post(endpoint)\n  .set(\"Content-Type\", \"application/json\")\n  .send({ username: validUser.username, password: \"\" });\nexpect(response.status).to.equal(400);",
              "err": {},
              "uuid": "0365cfb6-2494-4e83-9696-e950b4d8312e",
              "parentUUID": "69a96711-4de4-4695-93fd-870e840dd750",
              "isHook": false,
              "skipped": false
            }
          ],
          "suites": [],
          "passes": [
            "bc1e1871-7888-46ce-81bc-c5f824af523c",
            "fc6dd2b5-1637-482f-9f03-26a3b73356e9",
            "ee6da1a6-3931-4d86-b786-2401a74a356e",
            "0365cfb6-2494-4e83-9696-e950b4d8312e"
          ],
          "failures": [
            "63cf53ff-ae8f-4787-a1cd-8d349e13ee4e"
          ],
          "pending": [],
          "skipped": [],
          "duration": 57,
          "root": false,
          "rootEmpty": false,
          "_timeout": 2000
        },
        {
          "uuid": "d50ecc01-79fd-4ddb-9518-375e7c35059b",
          "title": "POST /api/users/register",
          "fullFile": "/Users/celiapaiva/M2.0/travel-manager-api/test/tests/register.test.js",
          "file": "/test/tests/register.test.js",
          "beforeHooks": [
            {
              "title": "\"before each\" hook in \"POST /api/users/register\"",
              "fullTitle": "POST /api/users/register \"before each\" hook in \"POST /api/users/register\"",
              "timedOut": false,
              "duration": 0,
              "state": null,
              "speed": null,
              "pass": false,
              "fail": false,
              "pending": false,
              "context": null,
              "code": "validUser = { ...postLogin, username: generateUniqueUsername() };",
              "err": {},
              "uuid": "6cdda3e3-2f6e-4bfd-b0c5-8670ba4b9232",
              "parentUUID": "d50ecc01-79fd-4ddb-9518-375e7c35059b",
              "isHook": true,
              "skipped": false
            }
          ],
          "afterHooks": [],
          "tests": [
            {
              "title": "01 - Registrar novo usuário com dados válidos",
              "fullTitle": "POST /api/users/register 01 - Registrar novo usuário com dados válidos",
              "timedOut": false,
              "duration": 19,
              "state": "passed",
              "speed": "fast",
              "pass": true,
              "fail": false,
              "pending": false,
              "context": null,
              "code": "const response = await request(baseUrl)\n  .post(endpoint)\n  .set(\"Content-Type\", \"application/json\")\n  .send(validUser);\nexpect(response.status).to.equal(201);\nexpect(response.body).to.have.property(\"id\");\nexpect(response.body).to.have.property(\"username\", validUser.username);",
              "err": {},
              "uuid": "e6ef3fd7-9282-45b4-8dbc-f8f9446a8c4b",
              "parentUUID": "d50ecc01-79fd-4ddb-9518-375e7c35059b",
              "isHook": false,
              "skipped": false
            },
            {
              "title": "02 - Registrar novo usuário com username inválido",
              "fullTitle": "POST /api/users/register 02 - Registrar novo usuário com username inválido",
              "timedOut": false,
              "duration": 1,
              "state": "failed",
              "speed": null,
              "pass": false,
              "fail": true,
              "pending": false,
              "context": null,
              "code": "const response = await request(baseUrl)\n  .post(endpoint)\n  .set(\"Content-Type\", \"application/json\")\n  .send({ username: 123456, password: validUser.password });\nexpect(response.status).to.equal(400);",
              "err": {
                "message": "AssertionError: expected 409 to equal 400",
                "estack": "AssertionError: expected 409 to equal 400\n    at Context.<anonymous> (test/tests/register.test.js:37:32)\n    at process.processTicksAndRejections (node:internal/process/task_queues:105:5)",
                "diff": "- 409\n+ 400\n"
              },
              "uuid": "a2a740c8-f73a-4660-9ae2-10e66e6b7152",
              "parentUUID": "d50ecc01-79fd-4ddb-9518-375e7c35059b",
              "isHook": false,
              "skipped": false
            },
            {
              "title": "03 - Registrar novo usuário com senha inválida",
              "fullTitle": "POST /api/users/register 03 - Registrar novo usuário com senha inválida",
              "timedOut": false,
              "duration": 1,
              "state": "passed",
              "speed": "fast",
              "pass": true,
              "fail": false,
              "pending": false,
              "context": null,
              "code": "const response = await request(baseUrl)\n  .post(endpoint)\n  .set(\"Content-Type\", \"application/json\")\n  .send({ username: validUser.username, password: \"123\" });\nexpect(response.status).to.equal(400);",
              "err": {},
              "uuid": "406cccd2-76f4-4198-9219-f02822622477",
              "parentUUID": "d50ecc01-79fd-4ddb-9518-375e7c35059b",
              "isHook": false,
              "skipped": false
            },
            {
              "title": "04 - Registrar novo usuário com username ausente",
              "fullTitle": "POST /api/users/register 04 - Registrar novo usuário com username ausente",
              "timedOut": false,
              "duration": 1,
              "state": "passed",
              "speed": "fast",
              "pass": true,
              "fail": false,
              "pending": false,
              "context": null,
              "code": "const response = await request(baseUrl)\n  .post(endpoint)\n  .set(\"Content-Type\", \"application/json\")\n  .send({ username: \"\", password: validUser.password });\nexpect(response.status).to.equal(400);",
              "err": {},
              "uuid": "cca913d0-3a24-455a-b563-8610b2228a5e",
              "parentUUID": "d50ecc01-79fd-4ddb-9518-375e7c35059b",
              "isHook": false,
              "skipped": false
            },
            {
              "title": "05 - Registrar novo usuário com senha ausente",
              "fullTitle": "POST /api/users/register 05 - Registrar novo usuário com senha ausente",
              "timedOut": false,
              "duration": 1,
              "state": "passed",
              "speed": "fast",
              "pass": true,
              "fail": false,
              "pending": false,
              "context": null,
              "code": "const response = await request(baseUrl)\n  .post(endpoint)\n  .set(\"Content-Type\", \"application/json\")\n  .send({ username: validUser.username, password: \"\" });\nexpect(response.status).to.equal(400);",
              "err": {},
              "uuid": "0f71e141-1de4-4a0b-807c-b0926df72ae0",
              "parentUUID": "d50ecc01-79fd-4ddb-9518-375e7c35059b",
              "isHook": false,
              "skipped": false
            },
            {
              "title": "06 - Registrar novo usuário já existente",
              "fullTitle": "POST /api/users/register 06 - Registrar novo usuário já existente",
              "timedOut": false,
              "duration": 1,
              "state": "passed",
              "speed": "fast",
              "pass": true,
              "fail": false,
              "pending": false,
              "context": null,
              "code": "const response = await request(baseUrl)\n  .post(endpoint)\n  .set(\"Content-Type\", \"application/json\")\n  .send({ username: \"celia.bruno\" , password: \"123456\" });\nexpect(response.status).to.equal(409);",
              "err": {},
              "uuid": "17091979-fffa-4076-b7a9-46f9825d8208",
              "parentUUID": "d50ecc01-79fd-4ddb-9518-375e7c35059b",
              "isHook": false,
              "skipped": false
            }
          ],
          "suites": [],
          "passes": [
            "e6ef3fd7-9282-45b4-8dbc-f8f9446a8c4b",
            "406cccd2-76f4-4198-9219-f02822622477",
            "cca913d0-3a24-455a-b563-8610b2228a5e",
            "0f71e141-1de4-4a0b-807c-b0926df72ae0",
            "17091979-fffa-4076-b7a9-46f9825d8208"
          ],
          "failures": [
            "a2a740c8-f73a-4660-9ae2-10e66e6b7152"
          ],
          "pending": [],
          "skipped": [],
          "duration": 24,
          "root": false,
          "rootEmpty": false,
          "_timeout": 2000
        },
        {
          "uuid": "39d42d88-9d9d-4128-9b16-88f2d9e03d9f",
          "title": "GET /api/users/user",
          "fullFile": "/Users/celiapaiva/M2.0/travel-manager-api/test/tests/user.test.js",
          "file": "/test/tests/user.test.js",
          "beforeHooks": [
            {
              "title": "\"before all\" hook in \"GET /api/users/user\"",
              "fullTitle": "GET /api/users/user \"before all\" hook in \"GET /api/users/user\"",
              "timedOut": false,
              "duration": 21,
              "state": null,
              "speed": null,
              "pass": false,
              "fail": false,
              "pending": false,
              "context": null,
              "code": "// Garante que o usuário existe antes dos testes\nawait request(baseUrl)\n  .post(\"/api/users/register\")\n  .set(\"Content-Type\", \"application/json\")\n  .send(validUser);\ntoken = await obterToken(validUser.username, validUser.password);",
              "err": {},
              "uuid": "fb7186da-bf65-43b2-906a-4a42df3fcd0c",
              "parentUUID": "39d42d88-9d9d-4128-9b16-88f2d9e03d9f",
              "isHook": true,
              "skipped": false
            }
          ],
          "afterHooks": [],
          "tests": [
            {
              "title": "12 - Acessar informações do usuário com autenticação válida",
              "fullTitle": "GET /api/users/user 12 - Acessar informações do usuário com autenticação válida",
              "timedOut": false,
              "duration": 3,
              "state": "passed",
              "speed": "fast",
              "pass": true,
              "fail": false,
              "pending": false,
              "context": null,
              "code": "const response = await request(baseUrl)\n  .get(endpoint)\n  .set(\"Authorization\", `Bearer ${token}`);\nexpect(response.status).to.equal(200);\nexpect(response.body).to.have.property(\"id\");\nexpect(response.body).to.have.property(\"username\", validUser.username);",
              "err": {},
              "uuid": "f470fc11-cda7-476f-b71e-f47333cdf8fd",
              "parentUUID": "39d42d88-9d9d-4128-9b16-88f2d9e03d9f",
              "isHook": false,
              "skipped": false
            },
            {
              "title": "13 - Acessar informações do usuário com autenticação ausente",
              "fullTitle": "GET /api/users/user 13 - Acessar informações do usuário com autenticação ausente",
              "timedOut": false,
              "duration": 1,
              "state": "passed",
              "speed": "fast",
              "pass": true,
              "fail": false,
              "pending": false,
              "context": null,
              "code": "const tokenVazio = \"\";\nconst response = await request(baseUrl)\n  .get(endpoint)\n  .set(\"Authorization\", `Bearer ${tokenVazio}`);\nexpect(response.status).to.equal(401);",
              "err": {},
              "uuid": "05dcab39-66d4-40e2-8649-1b7ca29db82e",
              "parentUUID": "39d42d88-9d9d-4128-9b16-88f2d9e03d9f",
              "isHook": false,
              "skipped": false
            },
            {
              "title": "14 - Acessar informações do usuário com autenticação inválida",
              "fullTitle": "GET /api/users/user 14 - Acessar informações do usuário com autenticação inválida",
              "timedOut": false,
              "duration": 2,
              "state": "passed",
              "speed": "fast",
              "pass": true,
              "fail": false,
              "pending": false,
              "context": null,
              "code": "const tokenInvalido = \"token_invalido\";\nconst response = await request(baseUrl)\n  .get(endpoint)\n  .set(\"Authorization\", `Bearer ${tokenInvalido}`);\nexpect(response.status).to.equal(403);",
              "err": {},
              "uuid": "5db648a7-ca91-403f-93a0-7bb8b4c29395",
              "parentUUID": "39d42d88-9d9d-4128-9b16-88f2d9e03d9f",
              "isHook": false,
              "skipped": false
            },
            {
              "title": "15 - Acessar informações de usuário com token expirado",
              "fullTitle": "GET /api/users/user 15 - Acessar informações de usuário com token expirado",
              "timedOut": false,
              "duration": 1,
              "state": "failed",
              "speed": null,
              "pass": false,
              "fail": true,
              "pending": false,
              "context": null,
              "code": "const tokenExpirado = \"eyJhbGciOiJIUzI1NiIsInR5cCI6IkpXVCJ9.eyJpZCI6IjEiLCJ1c2VybmFtZSI6ImNlbGlhLmJydW5vIiwiaWF0IjoxNzYyMzc4MTIwLCJleHAiOjE3NjIzODE3MjB9.pwb5j4At1iXHLc9hrEDyLtecdknL4_3P6xrpfTlvev4\";\nconst response = await request(baseUrl)\n  .get(endpoint)\n  .set(\"Authorization\", `Bearer ${tokenExpirado}`);\nexpect(404).to.include(response.status);",
              "err": {
                "message": "AssertionError: the given combination of arguments (number and number) is invalid for this assertion. You can use an array, a map, an object, a set, a string, or a weakset instead of a number",
                "estack": "AssertionError: the given combination of arguments (number and number) is invalid for this assertion. You can use an array, a map, an object, a set, a string, or a weakset instead of a number\n    at Context.<anonymous> (test/tests/user.test.js:52:20)\n    at process.processTicksAndRejections (node:internal/process/task_queues:105:5)",
                "diff": null
              },
              "uuid": "35991d3f-ef04-4b9e-8f75-4a4a8e3a8928",
              "parentUUID": "39d42d88-9d9d-4128-9b16-88f2d9e03d9f",
              "isHook": false,
              "skipped": false
            }
          ],
          "suites": [],
          "passes": [
            "f470fc11-cda7-476f-b71e-f47333cdf8fd",
            "05dcab39-66d4-40e2-8649-1b7ca29db82e",
            "5db648a7-ca91-403f-93a0-7bb8b4c29395"
          ],
          "failures": [
            "35991d3f-ef04-4b9e-8f75-4a4a8e3a8928"
          ],
          "pending": [],
          "skipped": [],
          "duration": 7,
          "root": false,
          "rootEmpty": false,
          "_timeout": 2000
        }
      ],
      "passes": [],
      "failures": [],
      "pending": [],
      "skipped": [],
      "duration": 0,
      "root": true,
      "rootEmpty": true,
      "_timeout": 2000
    }
  ],
  "meta": {
    "mocha": {
      "version": "11.7.5"
    },
    "mochawesome": {
      "options": {
        "quiet": true,
        "reportFilename": "index",
        "saveHtml": true,
        "saveJson": true,
        "consoleReporter": "spec",
        "useInlineDiffs": false,
        "code": true
      },
      "version": "7.1.4"
    },
    "marge": {
      "options": {
        "reportDir": "mochawesome-report",
        "reportFilename": "index",
        "quiet": "true"
      },
      "version": "6.3.2"
    }
  }
}