{
  "stats": {
    "suites": 2,
    "tests": 11,
    "passes": 9,
    "pending": 0,
    "failures": 2,
    "start": "2025-11-05T19:41:58.321Z",
    "end": "2025-11-05T19:41:58.467Z",
    "duration": 146,
    "testsRegistered": 11,
    "passPercent": 81.81818181818183,
    "pendingPercent": 0,
    "other": 0,
    "hasOther": false,
    "skipped": 0,
    "hasSkipped": false
  },
  "results": [
    {
      "uuid": "fc03b617-e77d-4a97-b489-bd8b0a5a5d74",
      "title": "",
      "fullFile": "",
      "file": "",
      "beforeHooks": [],
      "afterHooks": [],
      "tests": [],
      "suites": [
        {
          "uuid": "9d915ebc-4687-42f4-ac9f-20931b8368b6",
          "title": "POST /api/users/login",
          "fullFile": "/Users/celiapaiva/M2.0/travel-manager-api/test/tests/login.test.js",
          "file": "/test/tests/login.test.js",
          "beforeHooks": [
            {
              "title": "\"before all\" hook in \"POST /api/users/login\"",
              "fullTitle": "POST /api/users/login \"before all\" hook in \"POST /api/users/login\"",
              "timedOut": false,
              "duration": 60,
              "state": null,
              "speed": null,
              "pass": false,
              "fail": false,
              "pending": false,
              "context": null,
              "code": "// Garante que o usuário válido existe\nawait request(baseUrl)\n  .post(\"/api/users/register\")\n  .set(\"Content-Type\", \"application/json\")\n  .send(validUser);",
              "err": {},
              "uuid": "ab248419-2639-4baa-8f16-50fe9da06c25",
              "parentUUID": "9d915ebc-4687-42f4-ac9f-20931b8368b6",
              "isHook": true,
              "skipped": false
            }
          ],
          "afterHooks": [],
          "tests": [
            {
              "title": "07 - Fazer login de usuário com credenciais válidas",
              "fullTitle": "POST /api/users/login 07 - Fazer login de usuário com credenciais válidas",
              "timedOut": false,
              "duration": 23,
              "state": "passed",
              "speed": "fast",
              "pass": true,
              "fail": false,
              "pending": false,
              "context": null,
              "code": "const response = await request(baseUrl)\n  .post(endpoint)\n  .set(\"Content-Type\", \"application/json\")\n  .send(validUser);\nexpect(response.status).to.equal(200);\nexpect(response.body).to.have.property(\"token\");\nexpect(response.body.token).to.be.a(\"string\");",
              "err": {},
              "uuid": "c4e09211-8b2f-4049-b7e2-2414125c506b",
              "parentUUID": "9d915ebc-4687-42f4-ac9f-20931b8368b6",
              "isHook": false,
              "skipped": false
            },
            {
              "title": "08 - Fazer login de usuário com nome inválido",
              "fullTitle": "POST /api/users/login 08 - Fazer login de usuário com nome inválido",
              "timedOut": false,
              "duration": 2,
              "state": "passed",
              "speed": "fast",
              "pass": true,
              "fail": false,
              "pending": false,
              "context": null,
              "code": "const response = await request(baseUrl)\n  .post(endpoint)\n  .set(\"Content-Type\", \"application/json\")\n  .send({ username: 123456, password: validUser.password });\nexpect(response.status).to.equal(401);",
              "err": {},
              "uuid": "8f016e8d-6c06-4c2d-8af4-1efc50ee144b",
              "parentUUID": "9d915ebc-4687-42f4-ac9f-20931b8368b6",
              "isHook": false,
              "skipped": false
            },
            {
              "title": "09 - Fazer login de usuário com senha inválida",
              "fullTitle": "POST /api/users/login 09 - Fazer login de usuário com senha inválida",
              "timedOut": false,
              "duration": 18,
              "state": "passed",
              "speed": "fast",
              "pass": true,
              "fail": false,
              "pending": false,
              "context": null,
              "code": "const response = await request(baseUrl)\n  .post(endpoint)\n  .set(\"Content-Type\", \"application/json\")\n  .send({ username: validUser.username, password: \"123\" });\nexpect(response.status).to.equal(401);",
              "err": {},
              "uuid": "1f6fcfaa-eee4-4751-83fb-250fc44e9bea",
              "parentUUID": "9d915ebc-4687-42f4-ac9f-20931b8368b6",
              "isHook": false,
              "skipped": false
            },
            {
              "title": "10 - Fazer login de usuário com nome ausente",
              "fullTitle": "POST /api/users/login 10 - Fazer login de usuário com nome ausente",
              "timedOut": false,
              "duration": 4,
              "state": "passed",
              "speed": "fast",
              "pass": true,
              "fail": false,
              "pending": false,
              "context": null,
              "code": "const response = await request(baseUrl)\n  .post(endpoint)\n  .set(\"Content-Type\", \"application/json\")\n  .send({ username: \"\", password: validUser.password });\nexpect(response.status).to.equal(400);",
              "err": {},
              "uuid": "ba045616-eb16-4693-8668-774fd8ae6dc2",
              "parentUUID": "9d915ebc-4687-42f4-ac9f-20931b8368b6",
              "isHook": false,
              "skipped": false
            },
            {
              "title": "11 - Fazer login de usuário com senha ausente",
              "fullTitle": "POST /api/users/login 11 - Fazer login de usuário com senha ausente",
              "timedOut": false,
              "duration": 6,
              "state": "passed",
              "speed": "fast",
              "pass": true,
              "fail": false,
              "pending": false,
              "context": null,
              "code": "const response = await request(baseUrl)\n  .post(endpoint)\n  .set(\"Content-Type\", \"application/json\")\n  .send({ username: validUser.username, password: \"\" });\nexpect(response.status).to.equal(400);",
              "err": {},
              "uuid": "300f222d-11ed-4832-83fb-ff61e94ca17b",
              "parentUUID": "9d915ebc-4687-42f4-ac9f-20931b8368b6",
              "isHook": false,
              "skipped": false
            }
          ],
          "suites": [],
          "passes": [
            "c4e09211-8b2f-4049-b7e2-2414125c506b",
            "8f016e8d-6c06-4c2d-8af4-1efc50ee144b",
            "1f6fcfaa-eee4-4751-83fb-250fc44e9bea",
            "ba045616-eb16-4693-8668-774fd8ae6dc2",
            "300f222d-11ed-4832-83fb-ff61e94ca17b"
          ],
          "failures": [],
          "pending": [],
          "skipped": [],
          "duration": 53,
          "root": false,
          "rootEmpty": false,
          "_timeout": 2000
        },
        {
          "uuid": "b8cb8283-cb42-4b56-a9e4-58bf95d185e0",
          "title": "POST /api/users/register",
          "fullFile": "/Users/celiapaiva/M2.0/travel-manager-api/test/tests/register.test.js",
          "file": "/test/tests/register.test.js",
          "beforeHooks": [],
          "afterHooks": [],
          "tests": [
            {
              "title": "01 - Registrar novo usuário com dados válidos",
              "fullTitle": "POST /api/users/register 01 - Registrar novo usuário com dados válidos",
              "timedOut": false,
              "duration": 2,
              "state": "failed",
              "speed": null,
              "pass": false,
              "fail": true,
              "pending": false,
              "context": null,
              "code": "const response = await request(baseUrl)\n  .post(endpoint)\n  .set(\"Content-Type\", \"application/json\")\n  .send(validUser);\nexpect(response.status).to.equal(201);\nexpect(response.body).to.have.property(\"id\");\nexpect(response.body).to.have.property(\"username\", validUser.username);",
              "err": {
                "message": "AssertionError: expected 409 to equal 201",
                "estack": "AssertionError: expected 409 to equal 201\n    at Context.<anonymous> (test/tests/register.test.js:16:32)\n    at process.processTicksAndRejections (node:internal/process/task_queues:105:5)",
                "diff": "- 409\n+ 201\n"
              },
              "uuid": "4037cafa-730a-469c-a6bb-8c57f9c3ebcc",
              "parentUUID": "b8cb8283-cb42-4b56-a9e4-58bf95d185e0",
              "isHook": false,
              "skipped": false
            },
            {
              "title": "02 - Registrar novo usuário com username inválido",
              "fullTitle": "POST /api/users/register 02 - Registrar novo usuário com username inválido",
              "timedOut": false,
              "duration": 18,
              "state": "failed",
              "speed": null,
              "pass": false,
              "fail": true,
              "pending": false,
              "context": null,
              "code": "const response = await request(baseUrl)\n  .post(endpoint)\n  .set(\"Content-Type\", \"application/json\")\n  .send({ username: 123456, password: validUser.password });\nexpect(response.status).to.equal(400);",
              "err": {
                "message": "AssertionError: expected 201 to equal 400",
                "estack": "AssertionError: expected 201 to equal 400\n    at Context.<anonymous> (test/tests/register.test.js:26:32)\n    at process.processTicksAndRejections (node:internal/process/task_queues:105:5)",
                "diff": "- 201\n+ 400\n"
              },
              "uuid": "0aebe490-33d6-4b0b-89d5-65e2bc8c17a5",
              "parentUUID": "b8cb8283-cb42-4b56-a9e4-58bf95d185e0",
              "isHook": false,
              "skipped": false
            },
            {
              "title": "03 - Registrar novo usuário com senha inválida",
              "fullTitle": "POST /api/users/register 03 - Registrar novo usuário com senha inválida",
              "timedOut": false,
              "duration": 2,
              "state": "passed",
              "speed": "fast",
              "pass": true,
              "fail": false,
              "pending": false,
              "context": null,
              "code": "const response = await request(baseUrl)\n  .post(endpoint)\n  .set(\"Content-Type\", \"application/json\")\n  .send({ username: validUser.username, password: \"123\" });\nexpect(response.status).to.equal(400);",
              "err": {},
              "uuid": "9f98aae9-9201-4bf0-80c7-ee5052338be4",
              "parentUUID": "b8cb8283-cb42-4b56-a9e4-58bf95d185e0",
              "isHook": false,
              "skipped": false
            },
            {
              "title": "04 - Registrar novo usuário com username ausente",
              "fullTitle": "POST /api/users/register 04 - Registrar novo usuário com username ausente",
              "timedOut": false,
              "duration": 3,
              "state": "passed",
              "speed": "fast",
              "pass": true,
              "fail": false,
              "pending": false,
              "context": null,
              "code": "const response = await request(baseUrl)\n  .post(endpoint)\n  .set(\"Content-Type\", \"application/json\")\n  .send({ username: \"\", password: validUser.password });\nexpect(response.status).to.equal(400);",
              "err": {},
              "uuid": "97ff111f-2cff-42c2-bedb-5a3fc95bdb3e",
              "parentUUID": "b8cb8283-cb42-4b56-a9e4-58bf95d185e0",
              "isHook": false,
              "skipped": false
            },
            {
              "title": "05 - Registrar novo usuário com senha ausente",
              "fullTitle": "POST /api/users/register 05 - Registrar novo usuário com senha ausente",
              "timedOut": false,
              "duration": 1,
              "state": "passed",
              "speed": "fast",
              "pass": true,
              "fail": false,
              "pending": false,
              "context": null,
              "code": "const response = await request(baseUrl)\n  .post(endpoint)\n  .set(\"Content-Type\", \"application/json\")\n  .send({ username: validUser.username, password: \"\" });\nexpect(response.status).to.equal(400);",
              "err": {},
              "uuid": "8786b6ed-df8d-4b4a-8b3e-85e18ec37f2b",
              "parentUUID": "b8cb8283-cb42-4b56-a9e4-58bf95d185e0",
              "isHook": false,
              "skipped": false
            },
            {
              "title": "06 - Registrar novo usuário já existente",
              "fullTitle": "POST /api/users/register 06 - Registrar novo usuário já existente",
              "timedOut": false,
              "duration": 1,
              "state": "passed",
              "speed": "fast",
              "pass": true,
              "fail": false,
              "pending": false,
              "context": null,
              "code": "const response = await request(baseUrl)\n  .post(endpoint)\n  .set(\"Content-Type\", \"application/json\")\n  .send({ username: \"celia.bruno\" , password: \"123456\" });\nexpect(response.status).to.equal(409);",
              "err": {},
              "uuid": "d73ab852-97e0-4123-8d81-83efa29df4ba",
              "parentUUID": "b8cb8283-cb42-4b56-a9e4-58bf95d185e0",
              "isHook": false,
              "skipped": false
            }
          ],
          "suites": [],
          "passes": [
            "9f98aae9-9201-4bf0-80c7-ee5052338be4",
            "97ff111f-2cff-42c2-bedb-5a3fc95bdb3e",
            "8786b6ed-df8d-4b4a-8b3e-85e18ec37f2b",
            "d73ab852-97e0-4123-8d81-83efa29df4ba"
          ],
          "failures": [
            "4037cafa-730a-469c-a6bb-8c57f9c3ebcc",
            "0aebe490-33d6-4b0b-89d5-65e2bc8c17a5"
          ],
          "pending": [],
          "skipped": [],
          "duration": 27,
          "root": false,
          "rootEmpty": false,
          "_timeout": 2000
        }
      ],
      "passes": [],
      "failures": [],
      "pending": [],
      "skipped": [],
      "duration": 0,
      "root": true,
      "rootEmpty": true,
      "_timeout": 2000
    }
  ],
  "meta": {
    "mocha": {
      "version": "11.7.5"
    },
    "mochawesome": {
      "options": {
        "quiet": true,
        "reportFilename": "index",
        "saveHtml": true,
        "saveJson": true,
        "consoleReporter": "spec",
        "useInlineDiffs": false,
        "code": true
      },
      "version": "7.1.4"
    },
    "marge": {
      "options": {
        "reportDir": "mochawesome-report",
        "reportFilename": "index",
        "quiet": "true"
      },
      "version": "6.3.2"
    }
  }
}