{
  "stats": {
    "suites": 6,
    "tests": 30,
    "passes": 27,
    "pending": 0,
    "failures": 3,
    "start": "2025-11-05T22:56:33.156Z",
    "end": "2025-11-05T22:56:33.363Z",
    "duration": 207,
    "testsRegistered": 30,
    "passPercent": 90,
    "pendingPercent": 0,
    "other": 0,
    "hasOther": false,
    "skipped": 0,
    "hasSkipped": false
  },
  "results": [
    {
      "uuid": "4bb04e3e-5f96-425c-8162-0bfc2c0efd1d",
      "title": "",
      "fullFile": "",
      "file": "",
      "beforeHooks": [],
      "afterHooks": [],
      "tests": [],
      "suites": [
        {
          "uuid": "e0634d44-f6cd-4f8e-813e-52d0fa2a37e1",
          "title": "POST /api/destinations",
          "fullFile": "/Users/celiapaiva/M2.0/travel-manager-api/test/tests/createDestination.test.js",
          "file": "/test/tests/createDestination.test.js",
          "beforeHooks": [
            {
              "title": "\"before all\" hook in \"POST /api/destinations\"",
              "fullTitle": "POST /api/destinations \"before all\" hook in \"POST /api/destinations\"",
              "timedOut": false,
              "duration": 39,
              "state": null,
              "speed": null,
              "pass": false,
              "fail": false,
              "pending": false,
              "context": null,
              "code": "// Garante que o usuário existe e obtém token\nawait request(baseUrl)\n  .post(\"/api/users/register\")\n  .set(\"Content-Type\", \"application/json\")\n  .send(postLogin);\ntoken = await obterToken(postLogin.username, postLogin.password);",
              "err": {},
              "uuid": "96d3e5ff-102f-4234-aeee-410f9b662dbc",
              "parentUUID": "e0634d44-f6cd-4f8e-813e-52d0fa2a37e1",
              "isHook": true,
              "skipped": false
            }
          ],
          "afterHooks": [],
          "tests": [
            {
              "title": "16 - Registrar informações de um novo destino com dados válidos",
              "fullTitle": "POST /api/destinations 16 - Registrar informações de um novo destino com dados válidos",
              "timedOut": false,
              "duration": 2,
              "state": "passed",
              "speed": "fast",
              "pass": true,
              "fail": false,
              "pending": false,
              "context": null,
              "code": "const response = await request(baseUrl)\n  .post(endpoint)\n  .set(\"Authorization\", `Bearer ${token}`)\n  .set(\"Content-Type\", \"application/json\")\n  .send(postDest);\nexpect(response.status).to.equal(201);\nexpect(response.body).to.have.property(\"id\");\nexpect(response.body).to.have.property(\"name\", postDest.name);\nexpect(response.body).to.have.property(\"status\", postDest.status);",
              "err": {},
              "uuid": "30ef7d1d-98a5-4107-88a4-54411768498e",
              "parentUUID": "e0634d44-f6cd-4f8e-813e-52d0fa2a37e1",
              "isHook": false,
              "skipped": false
            },
            {
              "title": "17 - Registrar informações de um novo destino apenas com dados obrigatórios",
              "fullTitle": "POST /api/destinations 17 - Registrar informações de um novo destino apenas com dados obrigatórios",
              "timedOut": false,
              "duration": 1,
              "state": "passed",
              "speed": "fast",
              "pass": true,
              "fail": false,
              "pending": false,
              "context": null,
              "code": "const minimal = { name: \"Rio de Janeiro\", status: \"wishlist\" };\nconst response = await request(baseUrl)\n  .post(endpoint)\n  .set(\"Authorization\", `Bearer ${token}`)\n  .set(\"Content-Type\", \"application/json\")\n  .send(minimal);\nexpect(response.status).to.equal(201);\nexpect(response.body).to.have.property(\"id\");\nexpect(response.body).to.have.property(\"name\", minimal.name);\nexpect(response.body).to.have.property(\"status\", minimal.status);",
              "err": {},
              "uuid": "d04fdfbf-9cd7-4a1f-970f-eff2ed9d5417",
              "parentUUID": "e0634d44-f6cd-4f8e-813e-52d0fa2a37e1",
              "isHook": false,
              "skipped": false
            },
            {
              "title": "18 - Registrar informações sem o dado obrigatório nome",
              "fullTitle": "POST /api/destinations 18 - Registrar informações sem o dado obrigatório nome",
              "timedOut": false,
              "duration": 1,
              "state": "passed",
              "speed": "fast",
              "pass": true,
              "fail": false,
              "pending": false,
              "context": null,
              "code": "const { status, details, date } = postDest;\nconst response = await request(baseUrl)\n  .post(endpoint)\n  .set(\"Authorization\", `Bearer ${token}`)\n  .set(\"Content-Type\", \"application/json\")\n  .send({ status, details, date });\nexpect(response.status).to.equal(400);",
              "err": {},
              "uuid": "8176061d-5a3c-40aa-bca6-a345acd37049",
              "parentUUID": "e0634d44-f6cd-4f8e-813e-52d0fa2a37e1",
              "isHook": false,
              "skipped": false
            },
            {
              "title": "19 - Registrar informações sem o dado obrigatório status",
              "fullTitle": "POST /api/destinations 19 - Registrar informações sem o dado obrigatório status",
              "timedOut": false,
              "duration": 1,
              "state": "passed",
              "speed": "fast",
              "pass": true,
              "fail": false,
              "pending": false,
              "context": null,
              "code": "const { name, details, date } = postDest;\nconst response = await request(baseUrl)\n  .post(endpoint)\n  .set(\"Authorization\", `Bearer ${token}`)\n  .set(\"Content-Type\", \"application/json\")\n  .send({ name, details, date });\nexpect(response.status).to.equal(400);",
              "err": {},
              "uuid": "2ce24bae-184d-47c3-82a3-b457bcd1a551",
              "parentUUID": "e0634d44-f6cd-4f8e-813e-52d0fa2a37e1",
              "isHook": false,
              "skipped": false
            },
            {
              "title": "20 - Registrar informações com dado obrigatório nome inválido",
              "fullTitle": "POST /api/destinations 20 - Registrar informações com dado obrigatório nome inválido",
              "timedOut": false,
              "duration": 2,
              "state": "passed",
              "speed": "fast",
              "pass": true,
              "fail": false,
              "pending": false,
              "context": null,
              "code": "const response = await request(baseUrl)\n  .post(endpoint)\n  .set(\"Authorization\", `Bearer ${token}`)\n  .set(\"Content-Type\", \"application/json\")\n  .send({ ...postDest, name: \"\" });\nexpect(response.status).to.equal(400);",
              "err": {},
              "uuid": "7548b758-0474-4a75-9b29-b9d96017a8ee",
              "parentUUID": "e0634d44-f6cd-4f8e-813e-52d0fa2a37e1",
              "isHook": false,
              "skipped": false
            },
            {
              "title": "21 - Registrar informações com dado obrigatório status inválido",
              "fullTitle": "POST /api/destinations 21 - Registrar informações com dado obrigatório status inválido",
              "timedOut": false,
              "duration": 1,
              "state": "passed",
              "speed": "fast",
              "pass": true,
              "fail": false,
              "pending": false,
              "context": null,
              "code": "const response = await request(baseUrl)\n  .post(endpoint)\n  .set(\"Authorization\", `Bearer ${token}`)\n  .set(\"Content-Type\", \"application/json\")\n  .send({ ...postDest, status: \"\" });\nexpect(response.status).to.equal(400);",
              "err": {},
              "uuid": "36af0641-7047-47ac-858a-e82b140aed2f",
              "parentUUID": "e0634d44-f6cd-4f8e-813e-52d0fa2a37e1",
              "isHook": false,
              "skipped": false
            },
            {
              "title": "22 - Registrar informações de um novo destino sem autenticação válida",
              "fullTitle": "POST /api/destinations 22 - Registrar informações de um novo destino sem autenticação válida",
              "timedOut": false,
              "duration": 1,
              "state": "passed",
              "speed": "fast",
              "pass": true,
              "fail": false,
              "pending": false,
              "context": null,
              "code": "const tokenVazio = \"\"\nconst response = await request(baseUrl)\n  .post(endpoint)\n  .set(\"Authorization\", `Bearer ${tokenVazio}`)\n  .set(\"Content-Type\", \"application/json\")\n  .send(postDest);\nexpect(response.status).to.equal(401);",
              "err": {},
              "uuid": "84092980-37a8-4e87-9bed-f3ff3da9f7ee",
              "parentUUID": "e0634d44-f6cd-4f8e-813e-52d0fa2a37e1",
              "isHook": false,
              "skipped": false
            },
            {
              "title": "23 - Registrar informações de um novo destino com autenticação inválida",
              "fullTitle": "POST /api/destinations 23 - Registrar informações de um novo destino com autenticação inválida",
              "timedOut": false,
              "duration": 1,
              "state": "passed",
              "speed": "fast",
              "pass": true,
              "fail": false,
              "pending": false,
              "context": null,
              "code": "const tokenInvalido = \"token_invalido\";\nconst response = await request(baseUrl)\n  .post(endpoint)\n  .set(\"Authorization\", `Bearer ${tokenInvalido}`)\n  .set(\"Content-Type\", \"application/json\")\n  .send(postDest);\nexpect([401, 403]).to.include(response.status);",
              "err": {},
              "uuid": "ee021617-5703-4c31-9a3f-5afe9e7be453",
              "parentUUID": "e0634d44-f6cd-4f8e-813e-52d0fa2a37e1",
              "isHook": false,
              "skipped": false
            }
          ],
          "suites": [],
          "passes": [
            "30ef7d1d-98a5-4107-88a4-54411768498e",
            "d04fdfbf-9cd7-4a1f-970f-eff2ed9d5417",
            "8176061d-5a3c-40aa-bca6-a345acd37049",
            "2ce24bae-184d-47c3-82a3-b457bcd1a551",
            "7548b758-0474-4a75-9b29-b9d96017a8ee",
            "36af0641-7047-47ac-858a-e82b140aed2f",
            "84092980-37a8-4e87-9bed-f3ff3da9f7ee",
            "ee021617-5703-4c31-9a3f-5afe9e7be453"
          ],
          "failures": [],
          "pending": [],
          "skipped": [],
          "duration": 10,
          "root": false,
          "rootEmpty": false,
          "_timeout": 2000
        },
        {
          "uuid": "9178d523-fe26-4ff4-ae8c-5dcb29ae24fc",
          "title": "GET /api/destinations",
          "fullFile": "/Users/celiapaiva/M2.0/travel-manager-api/test/tests/getDestinations.test.js",
          "file": "/test/tests/getDestinations.test.js",
          "beforeHooks": [
            {
              "title": "\"before all\" hook in \"GET /api/destinations\"",
              "fullTitle": "GET /api/destinations \"before all\" hook in \"GET /api/destinations\"",
              "timedOut": false,
              "duration": 20,
              "state": null,
              "speed": null,
              "pass": false,
              "fail": false,
              "pending": false,
              "context": null,
              "code": "// Garante que o usuário existe e obtém token\nawait request(baseUrl)\n  .post(\"/api/users/register\")\n  .set(\"Content-Type\", \"application/json\")\n  .send(postLogin);\ntoken = await obterToken(postLogin.username, postLogin.password);\n// Cria pelo menos um destino usando o helper\nawait createDestination(token, postDest);",
              "err": {},
              "uuid": "5be0126e-1955-4e3d-a751-5fb79409925a",
              "parentUUID": "9178d523-fe26-4ff4-ae8c-5dcb29ae24fc",
              "isHook": true,
              "skipped": false
            }
          ],
          "afterHooks": [],
          "tests": [
            {
              "title": "24 - Acessar lista de destinos do usuário com autenticação válida",
              "fullTitle": "GET /api/destinations 24 - Acessar lista de destinos do usuário com autenticação válida",
              "timedOut": false,
              "duration": 3,
              "state": "passed",
              "speed": "fast",
              "pass": true,
              "fail": false,
              "pending": false,
              "context": null,
              "code": "const response = await request(baseUrl)\n  .get(endpoint)\n  .set(\"Authorization\", `Bearer ${token}`);\nexpect(response.status).to.equal(200);\nexpect(response.body).to.be.an(\"array\");\nexpect(response.body.length).to.be.greaterThan(0);\nexpect(response.body[0]).to.have.property(\"name\");\nexpect(response.body[0]).to.have.property(\"status\");",
              "err": {},
              "uuid": "eca5f81b-d684-4788-96d9-ccf542a9a5f9",
              "parentUUID": "9178d523-fe26-4ff4-ae8c-5dcb29ae24fc",
              "isHook": false,
              "skipped": false
            },
            {
              "title": "25 - Acessar lista de destinos do usuário sem autenticação válida",
              "fullTitle": "GET /api/destinations 25 - Acessar lista de destinos do usuário sem autenticação válida",
              "timedOut": false,
              "duration": 1,
              "state": "passed",
              "speed": "fast",
              "pass": true,
              "fail": false,
              "pending": false,
              "context": null,
              "code": "const tokenVazio = \"\";\nconst response = await request(baseUrl)\n  .get(endpoint)\n  .set(\"Authorization\", `Bearer ${tokenVazio}`);\nexpect(response.status).to.equal(401);",
              "err": {},
              "uuid": "1987e8b3-6fb8-4d3e-b9d9-76346ea03a2f",
              "parentUUID": "9178d523-fe26-4ff4-ae8c-5dcb29ae24fc",
              "isHook": false,
              "skipped": false
            },
            {
              "title": "26 - Acessar lista de destinos do usuário com autenticação inválida",
              "fullTitle": "GET /api/destinations 26 - Acessar lista de destinos do usuário com autenticação inválida",
              "timedOut": false,
              "duration": 1,
              "state": "passed",
              "speed": "fast",
              "pass": true,
              "fail": false,
              "pending": false,
              "context": null,
              "code": "const tokenInvalido = \"token_invalido\";\nconst response = await request(baseUrl)\n  .get(endpoint)\n  .set(\"Authorization\", `Bearer ${tokenInvalido}`);\nexpect(response.status).to.equal(403);",
              "err": {},
              "uuid": "470db164-210a-47f7-82aa-670cb6d912f3",
              "parentUUID": "9178d523-fe26-4ff4-ae8c-5dcb29ae24fc",
              "isHook": false,
              "skipped": false
            }
          ],
          "suites": [],
          "passes": [
            "eca5f81b-d684-4788-96d9-ccf542a9a5f9",
            "1987e8b3-6fb8-4d3e-b9d9-76346ea03a2f",
            "470db164-210a-47f7-82aa-670cb6d912f3"
          ],
          "failures": [],
          "pending": [],
          "skipped": [],
          "duration": 5,
          "root": false,
          "rootEmpty": false,
          "_timeout": 2000
        },
        {
          "uuid": "092aa896-d862-428a-9748-a69cb4c0bdf0",
          "title": "GET /api/destinations/{id}",
          "fullFile": "/Users/celiapaiva/M2.0/travel-manager-api/test/tests/getSingleDestination.test.js",
          "file": "/test/tests/getSingleDestination.test.js",
          "beforeHooks": [
            {
              "title": "\"before all\" hook in \"GET /api/destinations/{id}\"",
              "fullTitle": "GET /api/destinations/{id} \"before all\" hook in \"GET /api/destinations/{id}\"",
              "timedOut": false,
              "duration": 19,
              "state": null,
              "speed": null,
              "pass": false,
              "fail": false,
              "pending": false,
              "context": null,
              "code": "// Garante que o usuário existe e obtém token\nawait request(baseUrl)\n  .post(\"/api/users/register\")\n  .set(\"Content-Type\", \"application/json\")\n  .send(postLogin);\ntoken = await obterToken(postLogin.username, postLogin.password);\n// Cria um destino para os testes\ncreatedDestination = await createDestination(token, postDest);",
              "err": {},
              "uuid": "2a4d99bd-b02f-40c9-bcf7-26958f9866f1",
              "parentUUID": "092aa896-d862-428a-9748-a69cb4c0bdf0",
              "isHook": true,
              "skipped": false
            }
          ],
          "afterHooks": [],
          "tests": [
            {
              "title": "27 - Acessar informação de destino específico com autenticação válida",
              "fullTitle": "GET /api/destinations/{id} 27 - Acessar informação de destino específico com autenticação válida",
              "timedOut": false,
              "duration": 7,
              "state": "passed",
              "speed": "fast",
              "pass": true,
              "fail": false,
              "pending": false,
              "context": null,
              "code": "const response = await request(baseUrl)\n  .get(`${endpoint}/${createdDestination.id}`)\n  .set(\"Authorization\", `Bearer ${token}`);\nexpect(response.status).to.equal(200);\nexpect(response.body).to.have.property(\"id\", createdDestination.id);\nexpect(response.body).to.have.property(\"name\", postDest.name);\nexpect(response.body).to.have.property(\"status\", postDest.status);",
              "err": {},
              "uuid": "3012c970-95b4-4702-ae9a-209715cafd92",
              "parentUUID": "092aa896-d862-428a-9748-a69cb4c0bdf0",
              "isHook": false,
              "skipped": false
            },
            {
              "title": "28 - Acessar destino inexistente com autenticação válida",
              "fullTitle": "GET /api/destinations/{id} 28 - Acessar destino inexistente com autenticação válida",
              "timedOut": false,
              "duration": 1,
              "state": "passed",
              "speed": "fast",
              "pass": true,
              "fail": false,
              "pending": false,
              "context": null,
              "code": "const response = await request(baseUrl)\n  .get(`${endpoint}/id_inexistente`)\n  .set(\"Authorization\", `Bearer ${token}`);\nexpect(response.status).to.equal(404);",
              "err": {},
              "uuid": "924b5d93-84bc-45e3-b6ed-c71701993859",
              "parentUUID": "092aa896-d862-428a-9748-a69cb4c0bdf0",
              "isHook": false,
              "skipped": false
            },
            {
              "title": "29 - Acessar destino com autenticação ausente",
              "fullTitle": "GET /api/destinations/{id} 29 - Acessar destino com autenticação ausente",
              "timedOut": false,
              "duration": 1,
              "state": "passed",
              "speed": "fast",
              "pass": true,
              "fail": false,
              "pending": false,
              "context": null,
              "code": "const tokenVazio = \"\";\nconst response = await request(baseUrl)\n  .get(`${endpoint}/${createdDestination.id}`)\n  .set(\"Authorization\", `Bearer ${tokenVazio}`);\nexpect(response.status).to.equal(401);",
              "err": {},
              "uuid": "6796a50d-eb45-4e1a-96bb-4dc2f74bc89d",
              "parentUUID": "092aa896-d862-428a-9748-a69cb4c0bdf0",
              "isHook": false,
              "skipped": false
            },
            {
              "title": "30 - Acessar destino com autenticação inválida",
              "fullTitle": "GET /api/destinations/{id} 30 - Acessar destino com autenticação inválida",
              "timedOut": false,
              "duration": 0,
              "state": "passed",
              "speed": "fast",
              "pass": true,
              "fail": false,
              "pending": false,
              "context": null,
              "code": "const tokenInvalido = \"token_invalido\";\nconst response = await request(baseUrl)\n  .get(`${endpoint}/${createdDestination.id}`)\n  .set(\"Authorization\", `Bearer ${tokenInvalido}`);\nexpect(response.status).to.equal(403);",
              "err": {},
              "uuid": "f1adac1c-bc89-4234-a818-1ed4d73063a5",
              "parentUUID": "092aa896-d862-428a-9748-a69cb4c0bdf0",
              "isHook": false,
              "skipped": false
            }
          ],
          "suites": [],
          "passes": [
            "3012c970-95b4-4702-ae9a-209715cafd92",
            "924b5d93-84bc-45e3-b6ed-c71701993859",
            "6796a50d-eb45-4e1a-96bb-4dc2f74bc89d",
            "f1adac1c-bc89-4234-a818-1ed4d73063a5"
          ],
          "failures": [],
          "pending": [],
          "skipped": [],
          "duration": 9,
          "root": false,
          "rootEmpty": false,
          "_timeout": 2000
        },
        {
          "uuid": "bdb81253-df80-457d-9385-f277b5fa4d52",
          "title": "POST /api/users/login",
          "fullFile": "/Users/celiapaiva/M2.0/travel-manager-api/test/tests/login.test.js",
          "file": "/test/tests/login.test.js",
          "beforeHooks": [
            {
              "title": "\"before all\" hook in \"POST /api/users/login\"",
              "fullTitle": "POST /api/users/login \"before all\" hook in \"POST /api/users/login\"",
              "timedOut": false,
              "duration": 1,
              "state": null,
              "speed": null,
              "pass": false,
              "fail": false,
              "pending": false,
              "context": null,
              "code": "// Garante que o usuário válido existe\nawait request(baseUrl)\n  .post(\"/api/users/register\")\n  .set(\"Content-Type\", \"application/json\")\n  .send(validUser);",
              "err": {},
              "uuid": "1bd94d4a-3bdf-458f-b26c-9b92bb8064ce",
              "parentUUID": "bdb81253-df80-457d-9385-f277b5fa4d52",
              "isHook": true,
              "skipped": false
            }
          ],
          "afterHooks": [],
          "tests": [
            {
              "title": "07 - Fazer login de usuário com credenciais válidas",
              "fullTitle": "POST /api/users/login 07 - Fazer login de usuário com credenciais válidas",
              "timedOut": false,
              "duration": 18,
              "state": "passed",
              "speed": "fast",
              "pass": true,
              "fail": false,
              "pending": false,
              "context": null,
              "code": "const response = await request(baseUrl)\n  .post(endpoint)\n  .set(\"Content-Type\", \"application/json\")\n  .send(validUser);\nexpect(response.status).to.equal(200);\nexpect(response.body).to.have.property(\"token\");\nexpect(response.body.token).to.be.a(\"string\");",
              "err": {},
              "uuid": "598ccd32-a2ea-4873-b9ca-6c386440bce2",
              "parentUUID": "bdb81253-df80-457d-9385-f277b5fa4d52",
              "isHook": false,
              "skipped": false
            },
            {
              "title": "08 - Fazer login de usuário com nome inválido",
              "fullTitle": "POST /api/users/login 08 - Fazer login de usuário com nome inválido",
              "timedOut": false,
              "duration": 18,
              "state": "failed",
              "speed": null,
              "pass": false,
              "fail": true,
              "pending": false,
              "context": null,
              "code": "const response = await request(baseUrl)\n  .post(endpoint)\n  .set(\"Content-Type\", \"application/json\")\n  .send({ username: 123456, password: validUser.password });\nexpect(response.status).to.equal(401);",
              "err": {
                "message": "AssertionError: expected 200 to equal 401",
                "estack": "AssertionError: expected 200 to equal 401\n    at Context.<anonymous> (test/tests/login.test.js:34:32)\n    at process.processTicksAndRejections (node:internal/process/task_queues:105:5)",
                "diff": "- 200\n+ 401\n"
              },
              "uuid": "c9345b68-931b-45a1-93c1-aa82161e9e9b",
              "parentUUID": "bdb81253-df80-457d-9385-f277b5fa4d52",
              "isHook": false,
              "skipped": false
            },
            {
              "title": "09 - Fazer login de usuário com senha inválida",
              "fullTitle": "POST /api/users/login 09 - Fazer login de usuário com senha inválida",
              "timedOut": false,
              "duration": 18,
              "state": "passed",
              "speed": "fast",
              "pass": true,
              "fail": false,
              "pending": false,
              "context": null,
              "code": "const response = await request(baseUrl)\n  .post(endpoint)\n  .set(\"Content-Type\", \"application/json\")\n  .send({ username: validUser.username, password: \"123\" });\nexpect(response.status).to.equal(401);",
              "err": {},
              "uuid": "9843a70e-a1c0-48d5-98cb-ebb9a9de4bef",
              "parentUUID": "bdb81253-df80-457d-9385-f277b5fa4d52",
              "isHook": false,
              "skipped": false
            },
            {
              "title": "10 - Fazer login de usuário com nome ausente",
              "fullTitle": "POST /api/users/login 10 - Fazer login de usuário com nome ausente",
              "timedOut": false,
              "duration": 1,
              "state": "passed",
              "speed": "fast",
              "pass": true,
              "fail": false,
              "pending": false,
              "context": null,
              "code": "const response = await request(baseUrl)\n  .post(endpoint)\n  .set(\"Content-Type\", \"application/json\")\n  .send({ username: \"\", password: validUser.password });\nexpect(response.status).to.equal(400);",
              "err": {},
              "uuid": "3adb0dc0-f8de-4e68-9f2c-d52552f32791",
              "parentUUID": "bdb81253-df80-457d-9385-f277b5fa4d52",
              "isHook": false,
              "skipped": false
            },
            {
              "title": "11 - Fazer login de usuário com senha ausente",
              "fullTitle": "POST /api/users/login 11 - Fazer login de usuário com senha ausente",
              "timedOut": false,
              "duration": 1,
              "state": "passed",
              "speed": "fast",
              "pass": true,
              "fail": false,
              "pending": false,
              "context": null,
              "code": "const response = await request(baseUrl)\n  .post(endpoint)\n  .set(\"Content-Type\", \"application/json\")\n  .send({ username: validUser.username, password: \"\" });\nexpect(response.status).to.equal(400);",
              "err": {},
              "uuid": "cd7590ed-4f1c-4551-86e0-b78e0ac35b70",
              "parentUUID": "bdb81253-df80-457d-9385-f277b5fa4d52",
              "isHook": false,
              "skipped": false
            }
          ],
          "suites": [],
          "passes": [
            "598ccd32-a2ea-4873-b9ca-6c386440bce2",
            "9843a70e-a1c0-48d5-98cb-ebb9a9de4bef",
            "3adb0dc0-f8de-4e68-9f2c-d52552f32791",
            "cd7590ed-4f1c-4551-86e0-b78e0ac35b70"
          ],
          "failures": [
            "c9345b68-931b-45a1-93c1-aa82161e9e9b"
          ],
          "pending": [],
          "skipped": [],
          "duration": 56,
          "root": false,
          "rootEmpty": false,
          "_timeout": 2000
        },
        {
          "uuid": "6d384f2c-64ad-40c4-8769-0e117652ee40",
          "title": "POST /api/users/register",
          "fullFile": "/Users/celiapaiva/M2.0/travel-manager-api/test/tests/register.test.js",
          "file": "/test/tests/register.test.js",
          "beforeHooks": [
            {
              "title": "\"before each\" hook in \"POST /api/users/register\"",
              "fullTitle": "POST /api/users/register \"before each\" hook in \"POST /api/users/register\"",
              "timedOut": false,
              "duration": 0,
              "state": null,
              "speed": null,
              "pass": false,
              "fail": false,
              "pending": false,
              "context": null,
              "code": "validUser = { ...postLogin, username: generateUniqueUsername() };",
              "err": {},
              "uuid": "3352c580-7c18-4715-ba03-df92532d6380",
              "parentUUID": "6d384f2c-64ad-40c4-8769-0e117652ee40",
              "isHook": true,
              "skipped": false
            }
          ],
          "afterHooks": [],
          "tests": [
            {
              "title": "01 - Registrar novo usuário com dados válidos",
              "fullTitle": "POST /api/users/register 01 - Registrar novo usuário com dados válidos",
              "timedOut": false,
              "duration": 18,
              "state": "passed",
              "speed": "fast",
              "pass": true,
              "fail": false,
              "pending": false,
              "context": null,
              "code": "const response = await request(baseUrl)\n  .post(endpoint)\n  .set(\"Content-Type\", \"application/json\")\n  .send(validUser);\nexpect(response.status).to.equal(201);\nexpect(response.body).to.have.property(\"id\");\nexpect(response.body).to.have.property(\"username\", validUser.username);",
              "err": {},
              "uuid": "c6f3882f-3c40-4aff-b181-5eced310dd81",
              "parentUUID": "6d384f2c-64ad-40c4-8769-0e117652ee40",
              "isHook": false,
              "skipped": false
            },
            {
              "title": "02 - Registrar novo usuário com username inválido",
              "fullTitle": "POST /api/users/register 02 - Registrar novo usuário com username inválido",
              "timedOut": false,
              "duration": 1,
              "state": "failed",
              "speed": null,
              "pass": false,
              "fail": true,
              "pending": false,
              "context": null,
              "code": "const response = await request(baseUrl)\n  .post(endpoint)\n  .set(\"Content-Type\", \"application/json\")\n  .send({ username: 123456, password: validUser.password });\nexpect(response.status).to.equal(400);",
              "err": {
                "message": "AssertionError: expected 409 to equal 400",
                "estack": "AssertionError: expected 409 to equal 400\n    at Context.<anonymous> (test/tests/register.test.js:37:32)\n    at process.processTicksAndRejections (node:internal/process/task_queues:105:5)",
                "diff": "- 409\n+ 400\n"
              },
              "uuid": "31be0a01-c090-495f-955e-13bb018cd919",
              "parentUUID": "6d384f2c-64ad-40c4-8769-0e117652ee40",
              "isHook": false,
              "skipped": false
            },
            {
              "title": "03 - Registrar novo usuário com senha inválida",
              "fullTitle": "POST /api/users/register 03 - Registrar novo usuário com senha inválida",
              "timedOut": false,
              "duration": 1,
              "state": "passed",
              "speed": "fast",
              "pass": true,
              "fail": false,
              "pending": false,
              "context": null,
              "code": "const response = await request(baseUrl)\n  .post(endpoint)\n  .set(\"Content-Type\", \"application/json\")\n  .send({ username: validUser.username, password: \"123\" });\nexpect(response.status).to.equal(400);",
              "err": {},
              "uuid": "1b0a859b-2f0d-4484-9d78-afa453bece91",
              "parentUUID": "6d384f2c-64ad-40c4-8769-0e117652ee40",
              "isHook": false,
              "skipped": false
            },
            {
              "title": "04 - Registrar novo usuário com username ausente",
              "fullTitle": "POST /api/users/register 04 - Registrar novo usuário com username ausente",
              "timedOut": false,
              "duration": 1,
              "state": "passed",
              "speed": "fast",
              "pass": true,
              "fail": false,
              "pending": false,
              "context": null,
              "code": "const response = await request(baseUrl)\n  .post(endpoint)\n  .set(\"Content-Type\", \"application/json\")\n  .send({ username: \"\", password: validUser.password });\nexpect(response.status).to.equal(400);",
              "err": {},
              "uuid": "3c692ddb-b569-4000-800f-62d3dbc5aaad",
              "parentUUID": "6d384f2c-64ad-40c4-8769-0e117652ee40",
              "isHook": false,
              "skipped": false
            },
            {
              "title": "05 - Registrar novo usuário com senha ausente",
              "fullTitle": "POST /api/users/register 05 - Registrar novo usuário com senha ausente",
              "timedOut": false,
              "duration": 0,
              "state": "passed",
              "speed": "fast",
              "pass": true,
              "fail": false,
              "pending": false,
              "context": null,
              "code": "const response = await request(baseUrl)\n  .post(endpoint)\n  .set(\"Content-Type\", \"application/json\")\n  .send({ username: validUser.username, password: \"\" });\nexpect(response.status).to.equal(400);",
              "err": {},
              "uuid": "94a30394-e4c8-4eb3-973a-14bde6cade76",
              "parentUUID": "6d384f2c-64ad-40c4-8769-0e117652ee40",
              "isHook": false,
              "skipped": false
            },
            {
              "title": "06 - Registrar novo usuário já existente",
              "fullTitle": "POST /api/users/register 06 - Registrar novo usuário já existente",
              "timedOut": false,
              "duration": 0,
              "state": "passed",
              "speed": "fast",
              "pass": true,
              "fail": false,
              "pending": false,
              "context": null,
              "code": "const response = await request(baseUrl)\n  .post(endpoint)\n  .set(\"Content-Type\", \"application/json\")\n  .send({ username: \"celia.bruno\" , password: \"123456\" });\nexpect(response.status).to.equal(409);",
              "err": {},
              "uuid": "107382e9-89dc-4963-bbb8-6e36ac76cf5c",
              "parentUUID": "6d384f2c-64ad-40c4-8769-0e117652ee40",
              "isHook": false,
              "skipped": false
            }
          ],
          "suites": [],
          "passes": [
            "c6f3882f-3c40-4aff-b181-5eced310dd81",
            "1b0a859b-2f0d-4484-9d78-afa453bece91",
            "3c692ddb-b569-4000-800f-62d3dbc5aaad",
            "94a30394-e4c8-4eb3-973a-14bde6cade76",
            "107382e9-89dc-4963-bbb8-6e36ac76cf5c"
          ],
          "failures": [
            "31be0a01-c090-495f-955e-13bb018cd919"
          ],
          "pending": [],
          "skipped": [],
          "duration": 21,
          "root": false,
          "rootEmpty": false,
          "_timeout": 2000
        },
        {
          "uuid": "bbd597f5-8f0a-489a-90a2-217a9f8201a4",
          "title": "GET /api/users/user",
          "fullFile": "/Users/celiapaiva/M2.0/travel-manager-api/test/tests/user.test.js",
          "file": "/test/tests/user.test.js",
          "beforeHooks": [
            {
              "title": "\"before all\" hook in \"GET /api/users/user\"",
              "fullTitle": "GET /api/users/user \"before all\" hook in \"GET /api/users/user\"",
              "timedOut": false,
              "duration": 19,
              "state": null,
              "speed": null,
              "pass": false,
              "fail": false,
              "pending": false,
              "context": null,
              "code": "// Garante que o usuário existe antes dos testes\nawait request(baseUrl)\n  .post(\"/api/users/register\")\n  .set(\"Content-Type\", \"application/json\")\n  .send(validUser);\ntoken = await obterToken(validUser.username, validUser.password);",
              "err": {},
              "uuid": "d0885175-d279-4730-8d70-1828cb262417",
              "parentUUID": "bbd597f5-8f0a-489a-90a2-217a9f8201a4",
              "isHook": true,
              "skipped": false
            }
          ],
          "afterHooks": [],
          "tests": [
            {
              "title": "12 - Acessar informações do usuário com autenticação válida",
              "fullTitle": "GET /api/users/user 12 - Acessar informações do usuário com autenticação válida",
              "timedOut": false,
              "duration": 0,
              "state": "passed",
              "speed": "fast",
              "pass": true,
              "fail": false,
              "pending": false,
              "context": null,
              "code": "const response = await request(baseUrl)\n  .get(endpoint)\n  .set(\"Authorization\", `Bearer ${token}`);\nexpect(response.status).to.equal(200);\nexpect(response.body).to.have.property(\"id\");\nexpect(response.body).to.have.property(\"username\", validUser.username);",
              "err": {},
              "uuid": "e3352837-8ca5-48f1-af35-34690f4db993",
              "parentUUID": "bbd597f5-8f0a-489a-90a2-217a9f8201a4",
              "isHook": false,
              "skipped": false
            },
            {
              "title": "13 - Acessar informações do usuário com autenticação ausente",
              "fullTitle": "GET /api/users/user 13 - Acessar informações do usuário com autenticação ausente",
              "timedOut": false,
              "duration": 0,
              "state": "passed",
              "speed": "fast",
              "pass": true,
              "fail": false,
              "pending": false,
              "context": null,
              "code": "const tokenVazio = \"\";\nconst response = await request(baseUrl)\n  .get(endpoint)\n  .set(\"Authorization\", `Bearer ${tokenVazio}`);\nexpect(response.status).to.equal(401);",
              "err": {},
              "uuid": "8d9eb805-1f36-42f2-9d16-cb815287e1b9",
              "parentUUID": "bbd597f5-8f0a-489a-90a2-217a9f8201a4",
              "isHook": false,
              "skipped": false
            },
            {
              "title": "14 - Acessar informações do usuário com autenticação inválida",
              "fullTitle": "GET /api/users/user 14 - Acessar informações do usuário com autenticação inválida",
              "timedOut": false,
              "duration": 1,
              "state": "passed",
              "speed": "fast",
              "pass": true,
              "fail": false,
              "pending": false,
              "context": null,
              "code": "const tokenInvalido = \"token_invalido\";\nconst response = await request(baseUrl)\n  .get(endpoint)\n  .set(\"Authorization\", `Bearer ${tokenInvalido}`);\nexpect(response.status).to.equal(403);",
              "err": {},
              "uuid": "0f6d46b0-fc70-4441-8c22-001040ff2b39",
              "parentUUID": "bbd597f5-8f0a-489a-90a2-217a9f8201a4",
              "isHook": false,
              "skipped": false
            },
            {
              "title": "15 - Acessar informações de usuário com token expirado",
              "fullTitle": "GET /api/users/user 15 - Acessar informações de usuário com token expirado",
              "timedOut": false,
              "duration": 1,
              "state": "failed",
              "speed": null,
              "pass": false,
              "fail": true,
              "pending": false,
              "context": null,
              "code": "const tokenExpirado = \"eyJhbGciOiJIUzI1NiIsInR5cCI6IkpXVCJ9.eyJpZCI6IjEiLCJ1c2VybmFtZSI6ImNlbGlhLmJydW5vIiwiaWF0IjoxNzYyMzc4MTIwLCJleHAiOjE3NjIzODE3MjB9.pwb5j4At1iXHLc9hrEDyLtecdknL4_3P6xrpfTlvev4\";\nconst response = await request(baseUrl)\n  .get(endpoint)\n  .set(\"Authorization\", `Bearer ${tokenExpirado}`);\n  expect(response.status).to.equal(404);",
              "err": {
                "message": "AssertionError: expected 403 to equal 404",
                "estack": "AssertionError: expected 403 to equal 404\n    at Context.<anonymous> (test/tests/user.test.js:52:34)\n    at process.processTicksAndRejections (node:internal/process/task_queues:105:5)",
                "diff": "- 403\n+ 404\n"
              },
              "uuid": "1a68a41b-f3b0-4181-9f39-e3302b75d43d",
              "parentUUID": "bbd597f5-8f0a-489a-90a2-217a9f8201a4",
              "isHook": false,
              "skipped": false
            }
          ],
          "suites": [],
          "passes": [
            "e3352837-8ca5-48f1-af35-34690f4db993",
            "8d9eb805-1f36-42f2-9d16-cb815287e1b9",
            "0f6d46b0-fc70-4441-8c22-001040ff2b39"
          ],
          "failures": [
            "1a68a41b-f3b0-4181-9f39-e3302b75d43d"
          ],
          "pending": [],
          "skipped": [],
          "duration": 2,
          "root": false,
          "rootEmpty": false,
          "_timeout": 2000
        }
      ],
      "passes": [],
      "failures": [],
      "pending": [],
      "skipped": [],
      "duration": 0,
      "root": true,
      "rootEmpty": true,
      "_timeout": 2000
    }
  ],
  "meta": {
    "mocha": {
      "version": "11.7.5"
    },
    "mochawesome": {
      "options": {
        "quiet": true,
        "reportFilename": "index",
        "saveHtml": true,
        "saveJson": true,
        "consoleReporter": "spec",
        "useInlineDiffs": false,
        "code": true
      },
      "version": "7.1.4"
    },
    "marge": {
      "options": {
        "reportDir": "mochawesome-report",
        "reportFilename": "index",
        "quiet": "true"
      },
      "version": "6.3.2"
    }
  }
}