{
  "stats": {
    "suites": 5,
    "tests": 26,
    "passes": 23,
    "pending": 0,
    "failures": 3,
    "start": "2025-11-05T22:32:00.877Z",
    "end": "2025-11-05T22:32:01.061Z",
    "duration": 184,
    "testsRegistered": 26,
    "passPercent": 88.46153846153845,
    "pendingPercent": 0,
    "other": 0,
    "hasOther": false,
    "skipped": 0,
    "hasSkipped": false
  },
  "results": [
    {
      "uuid": "e510476d-ecf1-4ad4-ab82-f02deaa3ff48",
      "title": "",
      "fullFile": "",
      "file": "",
      "beforeHooks": [],
      "afterHooks": [],
      "tests": [],
      "suites": [
        {
          "uuid": "54d4900f-6a26-406f-9c39-95b78292deee",
          "title": "POST /api/destinations",
          "fullFile": "/Users/celiapaiva/M2.0/travel-manager-api/test/tests/createDestination.test.js",
          "file": "/test/tests/createDestination.test.js",
          "beforeHooks": [
            {
              "title": "\"before all\" hook in \"POST /api/destinations\"",
              "fullTitle": "POST /api/destinations \"before all\" hook in \"POST /api/destinations\"",
              "timedOut": false,
              "duration": 41,
              "state": null,
              "speed": null,
              "pass": false,
              "fail": false,
              "pending": false,
              "context": null,
              "code": "// Garante que o usuário existe e obtém token\nawait request(baseUrl)\n  .post(\"/api/users/register\")\n  .set(\"Content-Type\", \"application/json\")\n  .send(postLogin);\ntoken = await obterToken(postLogin.username, postLogin.password);",
              "err": {},
              "uuid": "b62e7887-9f12-4063-8a23-0df1e0e7bb59",
              "parentUUID": "54d4900f-6a26-406f-9c39-95b78292deee",
              "isHook": true,
              "skipped": false
            }
          ],
          "afterHooks": [],
          "tests": [
            {
              "title": "16 - Registrar informações de um novo destino com dados válidos",
              "fullTitle": "POST /api/destinations 16 - Registrar informações de um novo destino com dados válidos",
              "timedOut": false,
              "duration": 2,
              "state": "passed",
              "speed": "fast",
              "pass": true,
              "fail": false,
              "pending": false,
              "context": null,
              "code": "const response = await request(baseUrl)\n  .post(endpoint)\n  .set(\"Authorization\", `Bearer ${token}`)\n  .set(\"Content-Type\", \"application/json\")\n  .send(postDest);\nexpect(response.status).to.equal(201);\nexpect(response.body).to.have.property(\"id\");\nexpect(response.body).to.have.property(\"name\", postDest.name);\nexpect(response.body).to.have.property(\"status\", postDest.status);",
              "err": {},
              "uuid": "bf3fc458-12ca-4a98-b063-47dbe32f4f68",
              "parentUUID": "54d4900f-6a26-406f-9c39-95b78292deee",
              "isHook": false,
              "skipped": false
            },
            {
              "title": "17 - Registrar informações de um novo destino apenas com dados obrigatórios",
              "fullTitle": "POST /api/destinations 17 - Registrar informações de um novo destino apenas com dados obrigatórios",
              "timedOut": false,
              "duration": 1,
              "state": "passed",
              "speed": "fast",
              "pass": true,
              "fail": false,
              "pending": false,
              "context": null,
              "code": "const minimal = { name: \"Rio de Janeiro\", status: \"wishlist\" };\nconst response = await request(baseUrl)\n  .post(endpoint)\n  .set(\"Authorization\", `Bearer ${token}`)\n  .set(\"Content-Type\", \"application/json\")\n  .send(minimal);\nexpect(response.status).to.equal(201);\nexpect(response.body).to.have.property(\"id\");\nexpect(response.body).to.have.property(\"name\", minimal.name);\nexpect(response.body).to.have.property(\"status\", minimal.status);",
              "err": {},
              "uuid": "4279b9e1-a926-4688-93e8-ffd9f66599ca",
              "parentUUID": "54d4900f-6a26-406f-9c39-95b78292deee",
              "isHook": false,
              "skipped": false
            },
            {
              "title": "18 - Registrar informações sem o dado obrigatório nome",
              "fullTitle": "POST /api/destinations 18 - Registrar informações sem o dado obrigatório nome",
              "timedOut": false,
              "duration": 1,
              "state": "passed",
              "speed": "fast",
              "pass": true,
              "fail": false,
              "pending": false,
              "context": null,
              "code": "const { status, details, date } = postDest;\nconst response = await request(baseUrl)\n  .post(endpoint)\n  .set(\"Authorization\", `Bearer ${token}`)\n  .set(\"Content-Type\", \"application/json\")\n  .send({ status, details, date });\nexpect(response.status).to.equal(400);",
              "err": {},
              "uuid": "adc0b672-d613-4450-a066-a827d15ad9b4",
              "parentUUID": "54d4900f-6a26-406f-9c39-95b78292deee",
              "isHook": false,
              "skipped": false
            },
            {
              "title": "19 - Registrar informações sem o dado obrigatório status",
              "fullTitle": "POST /api/destinations 19 - Registrar informações sem o dado obrigatório status",
              "timedOut": false,
              "duration": 1,
              "state": "passed",
              "speed": "fast",
              "pass": true,
              "fail": false,
              "pending": false,
              "context": null,
              "code": "const { name, details, date } = postDest;\nconst response = await request(baseUrl)\n  .post(endpoint)\n  .set(\"Authorization\", `Bearer ${token}`)\n  .set(\"Content-Type\", \"application/json\")\n  .send({ name, details, date });\nexpect(response.status).to.equal(400);",
              "err": {},
              "uuid": "0bc88a4b-4b80-499c-a1a9-38ea8c8b7246",
              "parentUUID": "54d4900f-6a26-406f-9c39-95b78292deee",
              "isHook": false,
              "skipped": false
            },
            {
              "title": "20 - Registrar informações com dado obrigatório nome inválido",
              "fullTitle": "POST /api/destinations 20 - Registrar informações com dado obrigatório nome inválido",
              "timedOut": false,
              "duration": 2,
              "state": "passed",
              "speed": "fast",
              "pass": true,
              "fail": false,
              "pending": false,
              "context": null,
              "code": "const response = await request(baseUrl)\n  .post(endpoint)\n  .set(\"Authorization\", `Bearer ${token}`)\n  .set(\"Content-Type\", \"application/json\")\n  .send({ ...postDest, name: \"\" });\nexpect(response.status).to.equal(400);",
              "err": {},
              "uuid": "434166b7-f146-4446-b868-d7972eda51b8",
              "parentUUID": "54d4900f-6a26-406f-9c39-95b78292deee",
              "isHook": false,
              "skipped": false
            },
            {
              "title": "21 - Registrar informações com dado obrigatório status inválido",
              "fullTitle": "POST /api/destinations 21 - Registrar informações com dado obrigatório status inválido",
              "timedOut": false,
              "duration": 1,
              "state": "passed",
              "speed": "fast",
              "pass": true,
              "fail": false,
              "pending": false,
              "context": null,
              "code": "const response = await request(baseUrl)\n  .post(endpoint)\n  .set(\"Authorization\", `Bearer ${token}`)\n  .set(\"Content-Type\", \"application/json\")\n  .send({ ...postDest, status: \"\" });\nexpect(response.status).to.equal(400);",
              "err": {},
              "uuid": "c04f44c5-2a93-4d7d-acd8-5adf30bc3692",
              "parentUUID": "54d4900f-6a26-406f-9c39-95b78292deee",
              "isHook": false,
              "skipped": false
            },
            {
              "title": "22 - Registrar informações de um novo destino sem autenticação válida",
              "fullTitle": "POST /api/destinations 22 - Registrar informações de um novo destino sem autenticação válida",
              "timedOut": false,
              "duration": 1,
              "state": "passed",
              "speed": "fast",
              "pass": true,
              "fail": false,
              "pending": false,
              "context": null,
              "code": "const tokenVazio = \"\"\nconst response = await request(baseUrl)\n  .post(endpoint)\n  .set(\"Authorization\", `Bearer ${tokenVazio}`)\n  .set(\"Content-Type\", \"application/json\")\n  .send(postDest);\nexpect(response.status).to.equal(401);",
              "err": {},
              "uuid": "257ae6c0-1db1-4e0a-bbe9-44ccf4e8d2b1",
              "parentUUID": "54d4900f-6a26-406f-9c39-95b78292deee",
              "isHook": false,
              "skipped": false
            },
            {
              "title": "23 - Registrar informações de um novo destino com autenticação inválida",
              "fullTitle": "POST /api/destinations 23 - Registrar informações de um novo destino com autenticação inválida",
              "timedOut": false,
              "duration": 1,
              "state": "passed",
              "speed": "fast",
              "pass": true,
              "fail": false,
              "pending": false,
              "context": null,
              "code": "const tokenInvalido = \"token_invalido\";\nconst response = await request(baseUrl)\n  .post(endpoint)\n  .set(\"Authorization\", `Bearer ${tokenInvalido}`)\n  .set(\"Content-Type\", \"application/json\")\n  .send(postDest);\nexpect([401, 403]).to.include(response.status);",
              "err": {},
              "uuid": "771b265f-3351-44dc-a813-32d7d02916d4",
              "parentUUID": "54d4900f-6a26-406f-9c39-95b78292deee",
              "isHook": false,
              "skipped": false
            }
          ],
          "suites": [],
          "passes": [
            "bf3fc458-12ca-4a98-b063-47dbe32f4f68",
            "4279b9e1-a926-4688-93e8-ffd9f66599ca",
            "adc0b672-d613-4450-a066-a827d15ad9b4",
            "0bc88a4b-4b80-499c-a1a9-38ea8c8b7246",
            "434166b7-f146-4446-b868-d7972eda51b8",
            "c04f44c5-2a93-4d7d-acd8-5adf30bc3692",
            "257ae6c0-1db1-4e0a-bbe9-44ccf4e8d2b1",
            "771b265f-3351-44dc-a813-32d7d02916d4"
          ],
          "failures": [],
          "pending": [],
          "skipped": [],
          "duration": 10,
          "root": false,
          "rootEmpty": false,
          "_timeout": 2000
        },
        {
          "uuid": "8104dc46-dc50-4efe-9f23-f3b64ec3cf26",
          "title": "GET /api/destinations",
          "fullFile": "/Users/celiapaiva/M2.0/travel-manager-api/test/tests/getDestinations.test.js",
          "file": "/test/tests/getDestinations.test.js",
          "beforeHooks": [
            {
              "title": "\"before all\" hook in \"GET /api/destinations\"",
              "fullTitle": "GET /api/destinations \"before all\" hook in \"GET /api/destinations\"",
              "timedOut": false,
              "duration": 21,
              "state": null,
              "speed": null,
              "pass": false,
              "fail": false,
              "pending": false,
              "context": null,
              "code": "// Garante que o usuário existe e obtém token\nawait request(baseUrl)\n  .post(\"/api/users/register\")\n  .set(\"Content-Type\", \"application/json\")\n  .send(postLogin);\ntoken = await obterToken(postLogin.username, postLogin.password);\n// Cria pelo menos um destino usando o helper\nawait createDestination(token, postDest);",
              "err": {},
              "uuid": "1e16b6ff-824b-483a-8bf2-d0761ace7635",
              "parentUUID": "8104dc46-dc50-4efe-9f23-f3b64ec3cf26",
              "isHook": true,
              "skipped": false
            }
          ],
          "afterHooks": [],
          "tests": [
            {
              "title": "24 - Acessar lista de destinos do usuário com autenticação válida",
              "fullTitle": "GET /api/destinations 24 - Acessar lista de destinos do usuário com autenticação válida",
              "timedOut": false,
              "duration": 1,
              "state": "passed",
              "speed": "fast",
              "pass": true,
              "fail": false,
              "pending": false,
              "context": null,
              "code": "const response = await request(baseUrl)\n  .get(endpoint)\n  .set(\"Authorization\", `Bearer ${token}`);\nexpect(response.status).to.equal(200);\nexpect(response.body).to.be.an(\"array\");\nexpect(response.body.length).to.be.greaterThan(0);\nexpect(response.body[0]).to.have.property(\"name\");\nexpect(response.body[0]).to.have.property(\"status\");",
              "err": {},
              "uuid": "ca5ecf4f-fe50-4c36-b9f6-1b8525ac752e",
              "parentUUID": "8104dc46-dc50-4efe-9f23-f3b64ec3cf26",
              "isHook": false,
              "skipped": false
            },
            {
              "title": "25 - Acessar lista de destinos do usuário sem autenticação válida",
              "fullTitle": "GET /api/destinations 25 - Acessar lista de destinos do usuário sem autenticação válida",
              "timedOut": false,
              "duration": 1,
              "state": "passed",
              "speed": "fast",
              "pass": true,
              "fail": false,
              "pending": false,
              "context": null,
              "code": "const tokenVazio = \"\";\nconst response = await request(baseUrl)\n  .get(endpoint)\n  .set(\"Authorization\", `Bearer ${tokenVazio}`);\nexpect(response.status).to.equal(401);",
              "err": {},
              "uuid": "c91727e3-229a-4fba-8a1d-24b668c94ac8",
              "parentUUID": "8104dc46-dc50-4efe-9f23-f3b64ec3cf26",
              "isHook": false,
              "skipped": false
            },
            {
              "title": "26 - Acessar lista de destinos do usuário com autenticação inválida",
              "fullTitle": "GET /api/destinations 26 - Acessar lista de destinos do usuário com autenticação inválida",
              "timedOut": false,
              "duration": 0,
              "state": "passed",
              "speed": "fast",
              "pass": true,
              "fail": false,
              "pending": false,
              "context": null,
              "code": "const tokenInvalido = \"token_invalido\";\nconst response = await request(baseUrl)\n  .get(endpoint)\n  .set(\"Authorization\", `Bearer ${tokenInvalido}`);\nexpect(response.status).to.equal(403);",
              "err": {},
              "uuid": "09dd56e1-2e82-48e5-aff0-3e8197a4c068",
              "parentUUID": "8104dc46-dc50-4efe-9f23-f3b64ec3cf26",
              "isHook": false,
              "skipped": false
            }
          ],
          "suites": [],
          "passes": [
            "ca5ecf4f-fe50-4c36-b9f6-1b8525ac752e",
            "c91727e3-229a-4fba-8a1d-24b668c94ac8",
            "09dd56e1-2e82-48e5-aff0-3e8197a4c068"
          ],
          "failures": [],
          "pending": [],
          "skipped": [],
          "duration": 2,
          "root": false,
          "rootEmpty": false,
          "_timeout": 2000
        },
        {
          "uuid": "d944cb63-cf9b-49ca-bec8-a9130accb0f7",
          "title": "POST /api/users/login",
          "fullFile": "/Users/celiapaiva/M2.0/travel-manager-api/test/tests/login.test.js",
          "file": "/test/tests/login.test.js",
          "beforeHooks": [
            {
              "title": "\"before all\" hook in \"POST /api/users/login\"",
              "fullTitle": "POST /api/users/login \"before all\" hook in \"POST /api/users/login\"",
              "timedOut": false,
              "duration": 0,
              "state": null,
              "speed": null,
              "pass": false,
              "fail": false,
              "pending": false,
              "context": null,
              "code": "// Garante que o usuário válido existe\nawait request(baseUrl)\n  .post(\"/api/users/register\")\n  .set(\"Content-Type\", \"application/json\")\n  .send(validUser);",
              "err": {},
              "uuid": "e982d38c-667c-42a3-998f-f25dee849105",
              "parentUUID": "d944cb63-cf9b-49ca-bec8-a9130accb0f7",
              "isHook": true,
              "skipped": false
            }
          ],
          "afterHooks": [],
          "tests": [
            {
              "title": "07 - Fazer login de usuário com credenciais válidas",
              "fullTitle": "POST /api/users/login 07 - Fazer login de usuário com credenciais válidas",
              "timedOut": false,
              "duration": 18,
              "state": "passed",
              "speed": "fast",
              "pass": true,
              "fail": false,
              "pending": false,
              "context": null,
              "code": "const response = await request(baseUrl)\n  .post(endpoint)\n  .set(\"Content-Type\", \"application/json\")\n  .send(validUser);\nexpect(response.status).to.equal(200);\nexpect(response.body).to.have.property(\"token\");\nexpect(response.body.token).to.be.a(\"string\");",
              "err": {},
              "uuid": "6e12c944-5020-473a-a62e-fd78178697a3",
              "parentUUID": "d944cb63-cf9b-49ca-bec8-a9130accb0f7",
              "isHook": false,
              "skipped": false
            },
            {
              "title": "08 - Fazer login de usuário com nome inválido",
              "fullTitle": "POST /api/users/login 08 - Fazer login de usuário com nome inválido",
              "timedOut": false,
              "duration": 19,
              "state": "failed",
              "speed": null,
              "pass": false,
              "fail": true,
              "pending": false,
              "context": null,
              "code": "const response = await request(baseUrl)\n  .post(endpoint)\n  .set(\"Content-Type\", \"application/json\")\n  .send({ username: 123456, password: validUser.password });\nexpect(response.status).to.equal(401);",
              "err": {
                "message": "AssertionError: expected 200 to equal 401",
                "estack": "AssertionError: expected 200 to equal 401\n    at Context.<anonymous> (test/tests/login.test.js:34:32)\n    at process.processTicksAndRejections (node:internal/process/task_queues:105:5)",
                "diff": "- 200\n+ 401\n"
              },
              "uuid": "709cd510-611d-4de6-b309-efb497cd7833",
              "parentUUID": "d944cb63-cf9b-49ca-bec8-a9130accb0f7",
              "isHook": false,
              "skipped": false
            },
            {
              "title": "09 - Fazer login de usuário com senha inválida",
              "fullTitle": "POST /api/users/login 09 - Fazer login de usuário com senha inválida",
              "timedOut": false,
              "duration": 19,
              "state": "passed",
              "speed": "fast",
              "pass": true,
              "fail": false,
              "pending": false,
              "context": null,
              "code": "const response = await request(baseUrl)\n  .post(endpoint)\n  .set(\"Content-Type\", \"application/json\")\n  .send({ username: validUser.username, password: \"123\" });\nexpect(response.status).to.equal(401);",
              "err": {},
              "uuid": "c5d7fba7-4349-4f22-8c3d-c718e0a13a8f",
              "parentUUID": "d944cb63-cf9b-49ca-bec8-a9130accb0f7",
              "isHook": false,
              "skipped": false
            },
            {
              "title": "10 - Fazer login de usuário com nome ausente",
              "fullTitle": "POST /api/users/login 10 - Fazer login de usuário com nome ausente",
              "timedOut": false,
              "duration": 1,
              "state": "passed",
              "speed": "fast",
              "pass": true,
              "fail": false,
              "pending": false,
              "context": null,
              "code": "const response = await request(baseUrl)\n  .post(endpoint)\n  .set(\"Content-Type\", \"application/json\")\n  .send({ username: \"\", password: validUser.password });\nexpect(response.status).to.equal(400);",
              "err": {},
              "uuid": "78176029-7b22-4f55-a87f-03026c670a17",
              "parentUUID": "d944cb63-cf9b-49ca-bec8-a9130accb0f7",
              "isHook": false,
              "skipped": false
            },
            {
              "title": "11 - Fazer login de usuário com senha ausente",
              "fullTitle": "POST /api/users/login 11 - Fazer login de usuário com senha ausente",
              "timedOut": false,
              "duration": 1,
              "state": "passed",
              "speed": "fast",
              "pass": true,
              "fail": false,
              "pending": false,
              "context": null,
              "code": "const response = await request(baseUrl)\n  .post(endpoint)\n  .set(\"Content-Type\", \"application/json\")\n  .send({ username: validUser.username, password: \"\" });\nexpect(response.status).to.equal(400);",
              "err": {},
              "uuid": "4635f82e-fcd2-4c1e-a409-350ef59f206f",
              "parentUUID": "d944cb63-cf9b-49ca-bec8-a9130accb0f7",
              "isHook": false,
              "skipped": false
            }
          ],
          "suites": [],
          "passes": [
            "6e12c944-5020-473a-a62e-fd78178697a3",
            "c5d7fba7-4349-4f22-8c3d-c718e0a13a8f",
            "78176029-7b22-4f55-a87f-03026c670a17",
            "4635f82e-fcd2-4c1e-a409-350ef59f206f"
          ],
          "failures": [
            "709cd510-611d-4de6-b309-efb497cd7833"
          ],
          "pending": [],
          "skipped": [],
          "duration": 58,
          "root": false,
          "rootEmpty": false,
          "_timeout": 2000
        },
        {
          "uuid": "f0e1ddf5-b085-486a-a1b7-19662b72e8c4",
          "title": "POST /api/users/register",
          "fullFile": "/Users/celiapaiva/M2.0/travel-manager-api/test/tests/register.test.js",
          "file": "/test/tests/register.test.js",
          "beforeHooks": [
            {
              "title": "\"before each\" hook in \"POST /api/users/register\"",
              "fullTitle": "POST /api/users/register \"before each\" hook in \"POST /api/users/register\"",
              "timedOut": false,
              "duration": 0,
              "state": null,
              "speed": null,
              "pass": false,
              "fail": false,
              "pending": false,
              "context": null,
              "code": "validUser = { ...postLogin, username: generateUniqueUsername() };",
              "err": {},
              "uuid": "883835e2-66e8-4652-83af-24a19861fce9",
              "parentUUID": "f0e1ddf5-b085-486a-a1b7-19662b72e8c4",
              "isHook": true,
              "skipped": false
            }
          ],
          "afterHooks": [],
          "tests": [
            {
              "title": "01 - Registrar novo usuário com dados válidos",
              "fullTitle": "POST /api/users/register 01 - Registrar novo usuário com dados válidos",
              "timedOut": false,
              "duration": 19,
              "state": "passed",
              "speed": "fast",
              "pass": true,
              "fail": false,
              "pending": false,
              "context": null,
              "code": "const response = await request(baseUrl)\n  .post(endpoint)\n  .set(\"Content-Type\", \"application/json\")\n  .send(validUser);\nexpect(response.status).to.equal(201);\nexpect(response.body).to.have.property(\"id\");\nexpect(response.body).to.have.property(\"username\", validUser.username);",
              "err": {},
              "uuid": "e759b841-855f-4636-bd10-8a3a15028923",
              "parentUUID": "f0e1ddf5-b085-486a-a1b7-19662b72e8c4",
              "isHook": false,
              "skipped": false
            },
            {
              "title": "02 - Registrar novo usuário com username inválido",
              "fullTitle": "POST /api/users/register 02 - Registrar novo usuário com username inválido",
              "timedOut": false,
              "duration": 1,
              "state": "failed",
              "speed": null,
              "pass": false,
              "fail": true,
              "pending": false,
              "context": null,
              "code": "const response = await request(baseUrl)\n  .post(endpoint)\n  .set(\"Content-Type\", \"application/json\")\n  .send({ username: 123456, password: validUser.password });\nexpect(response.status).to.equal(400);",
              "err": {
                "message": "AssertionError: expected 409 to equal 400",
                "estack": "AssertionError: expected 409 to equal 400\n    at Context.<anonymous> (test/tests/register.test.js:37:32)\n    at process.processTicksAndRejections (node:internal/process/task_queues:105:5)",
                "diff": "- 409\n+ 400\n"
              },
              "uuid": "0a8a6c63-9144-4984-81de-682d607b678c",
              "parentUUID": "f0e1ddf5-b085-486a-a1b7-19662b72e8c4",
              "isHook": false,
              "skipped": false
            },
            {
              "title": "03 - Registrar novo usuário com senha inválida",
              "fullTitle": "POST /api/users/register 03 - Registrar novo usuário com senha inválida",
              "timedOut": false,
              "duration": 0,
              "state": "passed",
              "speed": "fast",
              "pass": true,
              "fail": false,
              "pending": false,
              "context": null,
              "code": "const response = await request(baseUrl)\n  .post(endpoint)\n  .set(\"Content-Type\", \"application/json\")\n  .send({ username: validUser.username, password: \"123\" });\nexpect(response.status).to.equal(400);",
              "err": {},
              "uuid": "88bd58da-70d8-4d2c-9a29-d33f7e461b86",
              "parentUUID": "f0e1ddf5-b085-486a-a1b7-19662b72e8c4",
              "isHook": false,
              "skipped": false
            },
            {
              "title": "04 - Registrar novo usuário com username ausente",
              "fullTitle": "POST /api/users/register 04 - Registrar novo usuário com username ausente",
              "timedOut": false,
              "duration": 0,
              "state": "passed",
              "speed": "fast",
              "pass": true,
              "fail": false,
              "pending": false,
              "context": null,
              "code": "const response = await request(baseUrl)\n  .post(endpoint)\n  .set(\"Content-Type\", \"application/json\")\n  .send({ username: \"\", password: validUser.password });\nexpect(response.status).to.equal(400);",
              "err": {},
              "uuid": "b3da0b05-11d9-43cc-a1f1-20928097c3df",
              "parentUUID": "f0e1ddf5-b085-486a-a1b7-19662b72e8c4",
              "isHook": false,
              "skipped": false
            },
            {
              "title": "05 - Registrar novo usuário com senha ausente",
              "fullTitle": "POST /api/users/register 05 - Registrar novo usuário com senha ausente",
              "timedOut": false,
              "duration": 1,
              "state": "passed",
              "speed": "fast",
              "pass": true,
              "fail": false,
              "pending": false,
              "context": null,
              "code": "const response = await request(baseUrl)\n  .post(endpoint)\n  .set(\"Content-Type\", \"application/json\")\n  .send({ username: validUser.username, password: \"\" });\nexpect(response.status).to.equal(400);",
              "err": {},
              "uuid": "1f2f5a15-60ce-4700-938b-b64a4deb85ce",
              "parentUUID": "f0e1ddf5-b085-486a-a1b7-19662b72e8c4",
              "isHook": false,
              "skipped": false
            },
            {
              "title": "06 - Registrar novo usuário já existente",
              "fullTitle": "POST /api/users/register 06 - Registrar novo usuário já existente",
              "timedOut": false,
              "duration": 2,
              "state": "passed",
              "speed": "fast",
              "pass": true,
              "fail": false,
              "pending": false,
              "context": null,
              "code": "const response = await request(baseUrl)\n  .post(endpoint)\n  .set(\"Content-Type\", \"application/json\")\n  .send({ username: \"celia.bruno\" , password: \"123456\" });\nexpect(response.status).to.equal(409);",
              "err": {},
              "uuid": "a203ba71-0fc1-4b55-8db2-5278387ab022",
              "parentUUID": "f0e1ddf5-b085-486a-a1b7-19662b72e8c4",
              "isHook": false,
              "skipped": false
            }
          ],
          "suites": [],
          "passes": [
            "e759b841-855f-4636-bd10-8a3a15028923",
            "88bd58da-70d8-4d2c-9a29-d33f7e461b86",
            "b3da0b05-11d9-43cc-a1f1-20928097c3df",
            "1f2f5a15-60ce-4700-938b-b64a4deb85ce",
            "a203ba71-0fc1-4b55-8db2-5278387ab022"
          ],
          "failures": [
            "0a8a6c63-9144-4984-81de-682d607b678c"
          ],
          "pending": [],
          "skipped": [],
          "duration": 23,
          "root": false,
          "rootEmpty": false,
          "_timeout": 2000
        },
        {
          "uuid": "091b2a4b-9db1-48b9-b207-4468944633e5",
          "title": "GET /api/users/user",
          "fullFile": "/Users/celiapaiva/M2.0/travel-manager-api/test/tests/user.test.js",
          "file": "/test/tests/user.test.js",
          "beforeHooks": [
            {
              "title": "\"before all\" hook in \"GET /api/users/user\"",
              "fullTitle": "GET /api/users/user \"before all\" hook in \"GET /api/users/user\"",
              "timedOut": false,
              "duration": 18,
              "state": null,
              "speed": null,
              "pass": false,
              "fail": false,
              "pending": false,
              "context": null,
              "code": "// Garante que o usuário existe antes dos testes\nawait request(baseUrl)\n  .post(\"/api/users/register\")\n  .set(\"Content-Type\", \"application/json\")\n  .send(validUser);\ntoken = await obterToken(validUser.username, validUser.password);",
              "err": {},
              "uuid": "46f21a7b-4c57-475f-b7fd-faee660803e9",
              "parentUUID": "091b2a4b-9db1-48b9-b207-4468944633e5",
              "isHook": true,
              "skipped": false
            }
          ],
          "afterHooks": [],
          "tests": [
            {
              "title": "12 - Acessar informações do usuário com autenticação válida",
              "fullTitle": "GET /api/users/user 12 - Acessar informações do usuário com autenticação válida",
              "timedOut": false,
              "duration": 0,
              "state": "passed",
              "speed": "fast",
              "pass": true,
              "fail": false,
              "pending": false,
              "context": null,
              "code": "const response = await request(baseUrl)\n  .get(endpoint)\n  .set(\"Authorization\", `Bearer ${token}`);\nexpect(response.status).to.equal(200);\nexpect(response.body).to.have.property(\"id\");\nexpect(response.body).to.have.property(\"username\", validUser.username);",
              "err": {},
              "uuid": "725fc178-87f3-4cc3-82eb-a3e0831d739a",
              "parentUUID": "091b2a4b-9db1-48b9-b207-4468944633e5",
              "isHook": false,
              "skipped": false
            },
            {
              "title": "13 - Acessar informações do usuário com autenticação ausente",
              "fullTitle": "GET /api/users/user 13 - Acessar informações do usuário com autenticação ausente",
              "timedOut": false,
              "duration": 0,
              "state": "passed",
              "speed": "fast",
              "pass": true,
              "fail": false,
              "pending": false,
              "context": null,
              "code": "const tokenVazio = \"\";\nconst response = await request(baseUrl)\n  .get(endpoint)\n  .set(\"Authorization\", `Bearer ${tokenVazio}`);\nexpect(response.status).to.equal(401);",
              "err": {},
              "uuid": "f29e5dc1-f82e-44d1-83f1-adf06dfe66f4",
              "parentUUID": "091b2a4b-9db1-48b9-b207-4468944633e5",
              "isHook": false,
              "skipped": false
            },
            {
              "title": "14 - Acessar informações do usuário com autenticação inválida",
              "fullTitle": "GET /api/users/user 14 - Acessar informações do usuário com autenticação inválida",
              "timedOut": false,
              "duration": 1,
              "state": "passed",
              "speed": "fast",
              "pass": true,
              "fail": false,
              "pending": false,
              "context": null,
              "code": "const tokenInvalido = \"token_invalido\";\nconst response = await request(baseUrl)\n  .get(endpoint)\n  .set(\"Authorization\", `Bearer ${tokenInvalido}`);\nexpect(response.status).to.equal(403);",
              "err": {},
              "uuid": "bda2de31-62de-48e7-886d-6bb908fa4c8c",
              "parentUUID": "091b2a4b-9db1-48b9-b207-4468944633e5",
              "isHook": false,
              "skipped": false
            },
            {
              "title": "15 - Acessar informações de usuário com token expirado",
              "fullTitle": "GET /api/users/user 15 - Acessar informações de usuário com token expirado",
              "timedOut": false,
              "duration": 1,
              "state": "failed",
              "speed": null,
              "pass": false,
              "fail": true,
              "pending": false,
              "context": null,
              "code": "const tokenExpirado = \"eyJhbGciOiJIUzI1NiIsInR5cCI6IkpXVCJ9.eyJpZCI6IjEiLCJ1c2VybmFtZSI6ImNlbGlhLmJydW5vIiwiaWF0IjoxNzYyMzc4MTIwLCJleHAiOjE3NjIzODE3MjB9.pwb5j4At1iXHLc9hrEDyLtecdknL4_3P6xrpfTlvev4\";\nconst response = await request(baseUrl)\n  .get(endpoint)\n  .set(\"Authorization\", `Bearer ${tokenExpirado}`);\nexpect(response.status).to.equal(404);",
              "err": {
                "message": "AssertionError: expected 403 to equal 404",
                "estack": "AssertionError: expected 403 to equal 404\n    at Context.<anonymous> (test/tests/user.test.js:52:32)\n    at process.processTicksAndRejections (node:internal/process/task_queues:105:5)",
                "diff": "- 403\n+ 404\n"
              },
              "uuid": "142ee271-1b80-49e9-9f30-e507fdaa61ce",
              "parentUUID": "091b2a4b-9db1-48b9-b207-4468944633e5",
              "isHook": false,
              "skipped": false
            }
          ],
          "suites": [],
          "passes": [
            "725fc178-87f3-4cc3-82eb-a3e0831d739a",
            "f29e5dc1-f82e-44d1-83f1-adf06dfe66f4",
            "bda2de31-62de-48e7-886d-6bb908fa4c8c"
          ],
          "failures": [
            "142ee271-1b80-49e9-9f30-e507fdaa61ce"
          ],
          "pending": [],
          "skipped": [],
          "duration": 2,
          "root": false,
          "rootEmpty": false,
          "_timeout": 2000
        }
      ],
      "passes": [],
      "failures": [],
      "pending": [],
      "skipped": [],
      "duration": 0,
      "root": true,
      "rootEmpty": true,
      "_timeout": 2000
    }
  ],
  "meta": {
    "mocha": {
      "version": "11.7.5"
    },
    "mochawesome": {
      "options": {
        "quiet": true,
        "reportFilename": "index",
        "saveHtml": true,
        "saveJson": true,
        "consoleReporter": "spec",
        "useInlineDiffs": false,
        "code": true
      },
      "version": "7.1.4"
    },
    "marge": {
      "options": {
        "reportDir": "mochawesome-report",
        "reportFilename": "index",
        "quiet": "true"
      },
      "version": "6.3.2"
    }
  }
}