{
  "stats": {
    "suites": 3,
    "tests": 15,
    "passes": 12,
    "pending": 0,
    "failures": 3,
    "start": "2025-11-05T21:36:19.994Z",
    "end": "2025-11-05T21:36:20.150Z",
    "duration": 156,
    "testsRegistered": 15,
    "passPercent": 80,
    "pendingPercent": 0,
    "other": 0,
    "hasOther": false,
    "skipped": 0,
    "hasSkipped": false
  },
  "results": [
    {
      "uuid": "ecc69d91-4d26-4219-98c8-63d0edf03067",
      "title": "",
      "fullFile": "",
      "file": "",
      "beforeHooks": [],
      "afterHooks": [],
      "tests": [],
      "suites": [
        {
          "uuid": "7d23ccaf-dac4-4891-aed5-78756b481864",
          "title": "POST /api/users/login",
          "fullFile": "/Users/celiapaiva/M2.0/travel-manager-api/test/tests/login.test.js",
          "file": "/test/tests/login.test.js",
          "beforeHooks": [
            {
              "title": "\"before all\" hook in \"POST /api/users/login\"",
              "fullTitle": "POST /api/users/login \"before all\" hook in \"POST /api/users/login\"",
              "timedOut": false,
              "duration": 20,
              "state": null,
              "speed": null,
              "pass": false,
              "fail": false,
              "pending": false,
              "context": null,
              "code": "// Garante que o usuário válido existe\nawait request(baseUrl)\n  .post(\"/api/users/register\")\n  .set(\"Content-Type\", \"application/json\")\n  .send(validUser);",
              "err": {},
              "uuid": "9ec7b7ed-569d-4f47-b22f-434f46f2f548",
              "parentUUID": "7d23ccaf-dac4-4891-aed5-78756b481864",
              "isHook": true,
              "skipped": false
            }
          ],
          "afterHooks": [],
          "tests": [
            {
              "title": "07 - Fazer login de usuário com credenciais válidas",
              "fullTitle": "POST /api/users/login 07 - Fazer login de usuário com credenciais válidas",
              "timedOut": false,
              "duration": 20,
              "state": "passed",
              "speed": "fast",
              "pass": true,
              "fail": false,
              "pending": false,
              "context": null,
              "code": "const response = await request(baseUrl)\n  .post(endpoint)\n  .set(\"Content-Type\", \"application/json\")\n  .send(validUser);\nexpect(response.status).to.equal(200);\nexpect(response.body).to.have.property(\"token\");\nexpect(response.body.token).to.be.a(\"string\");",
              "err": {},
              "uuid": "3260d332-9c11-43ab-91bc-b1a18c6aaf6a",
              "parentUUID": "7d23ccaf-dac4-4891-aed5-78756b481864",
              "isHook": false,
              "skipped": false
            },
            {
              "title": "08 - Fazer login de usuário com nome inválido",
              "fullTitle": "POST /api/users/login 08 - Fazer login de usuário com nome inválido",
              "timedOut": false,
              "duration": 29,
              "state": "failed",
              "speed": null,
              "pass": false,
              "fail": true,
              "pending": false,
              "context": null,
              "code": "const response = await request(baseUrl)\n  .post(endpoint)\n  .set(\"Content-Type\", \"application/json\")\n  .send({ username: 123456, password: validUser.password });\nexpect(response.status).to.equal(401);",
              "err": {
                "message": "AssertionError: expected 200 to equal 401",
                "estack": "AssertionError: expected 200 to equal 401\n    at Context.<anonymous> (test/tests/login.test.js:34:32)\n    at process.processTicksAndRejections (node:internal/process/task_queues:105:5)",
                "diff": "- 200\n+ 401\n"
              },
              "uuid": "991d474b-0db1-4ee3-a658-f68399192dca",
              "parentUUID": "7d23ccaf-dac4-4891-aed5-78756b481864",
              "isHook": false,
              "skipped": false
            },
            {
              "title": "09 - Fazer login de usuário com senha inválida",
              "fullTitle": "POST /api/users/login 09 - Fazer login de usuário com senha inválida",
              "timedOut": false,
              "duration": 19,
              "state": "passed",
              "speed": "fast",
              "pass": true,
              "fail": false,
              "pending": false,
              "context": null,
              "code": "const response = await request(baseUrl)\n  .post(endpoint)\n  .set(\"Content-Type\", \"application/json\")\n  .send({ username: validUser.username, password: \"123\" });\nexpect(response.status).to.equal(401);",
              "err": {},
              "uuid": "c0b63d01-71e4-4ebb-897a-792baa12fc4c",
              "parentUUID": "7d23ccaf-dac4-4891-aed5-78756b481864",
              "isHook": false,
              "skipped": false
            },
            {
              "title": "10 - Fazer login de usuário com nome ausente",
              "fullTitle": "POST /api/users/login 10 - Fazer login de usuário com nome ausente",
              "timedOut": false,
              "duration": 2,
              "state": "passed",
              "speed": "fast",
              "pass": true,
              "fail": false,
              "pending": false,
              "context": null,
              "code": "const response = await request(baseUrl)\n  .post(endpoint)\n  .set(\"Content-Type\", \"application/json\")\n  .send({ username: \"\", password: validUser.password });\nexpect(response.status).to.equal(400);",
              "err": {},
              "uuid": "302c6418-24cf-4496-a299-448c4128dc13",
              "parentUUID": "7d23ccaf-dac4-4891-aed5-78756b481864",
              "isHook": false,
              "skipped": false
            },
            {
              "title": "11 - Fazer login de usuário com senha ausente",
              "fullTitle": "POST /api/users/login 11 - Fazer login de usuário com senha ausente",
              "timedOut": false,
              "duration": 1,
              "state": "passed",
              "speed": "fast",
              "pass": true,
              "fail": false,
              "pending": false,
              "context": null,
              "code": "const response = await request(baseUrl)\n  .post(endpoint)\n  .set(\"Content-Type\", \"application/json\")\n  .send({ username: validUser.username, password: \"\" });\nexpect(response.status).to.equal(400);",
              "err": {},
              "uuid": "b8296f8b-0718-4e47-9a4b-45c8a67778c9",
              "parentUUID": "7d23ccaf-dac4-4891-aed5-78756b481864",
              "isHook": false,
              "skipped": false
            }
          ],
          "suites": [],
          "passes": [
            "3260d332-9c11-43ab-91bc-b1a18c6aaf6a",
            "c0b63d01-71e4-4ebb-897a-792baa12fc4c",
            "302c6418-24cf-4496-a299-448c4128dc13",
            "b8296f8b-0718-4e47-9a4b-45c8a67778c9"
          ],
          "failures": [
            "991d474b-0db1-4ee3-a658-f68399192dca"
          ],
          "pending": [],
          "skipped": [],
          "duration": 71,
          "root": false,
          "rootEmpty": false,
          "_timeout": 2000
        },
        {
          "uuid": "84254048-eb98-422b-be87-70a3e3de49cf",
          "title": "POST /api/users/register",
          "fullFile": "/Users/celiapaiva/M2.0/travel-manager-api/test/tests/register.test.js",
          "file": "/test/tests/register.test.js",
          "beforeHooks": [
            {
              "title": "\"before each\" hook in \"POST /api/users/register\"",
              "fullTitle": "POST /api/users/register \"before each\" hook in \"POST /api/users/register\"",
              "timedOut": false,
              "duration": 0,
              "state": null,
              "speed": null,
              "pass": false,
              "fail": false,
              "pending": false,
              "context": null,
              "code": "validUser = { ...postLogin, username: generateUniqueUsername() };",
              "err": {},
              "uuid": "4fbd0249-87de-4957-baed-ef8570f86e66",
              "parentUUID": "84254048-eb98-422b-be87-70a3e3de49cf",
              "isHook": true,
              "skipped": false
            }
          ],
          "afterHooks": [],
          "tests": [
            {
              "title": "01 - Registrar novo usuário com dados válidos",
              "fullTitle": "POST /api/users/register 01 - Registrar novo usuário com dados válidos",
              "timedOut": false,
              "duration": 23,
              "state": "passed",
              "speed": "fast",
              "pass": true,
              "fail": false,
              "pending": false,
              "context": null,
              "code": "const response = await request(baseUrl)\n  .post(endpoint)\n  .set(\"Content-Type\", \"application/json\")\n  .send(validUser);\nexpect(response.status).to.equal(201);\nexpect(response.body).to.have.property(\"id\");\nexpect(response.body).to.have.property(\"username\", validUser.username);",
              "err": {},
              "uuid": "78455890-8401-446c-84b1-c6c961feba76",
              "parentUUID": "84254048-eb98-422b-be87-70a3e3de49cf",
              "isHook": false,
              "skipped": false
            },
            {
              "title": "02 - Registrar novo usuário com username inválido",
              "fullTitle": "POST /api/users/register 02 - Registrar novo usuário com username inválido",
              "timedOut": false,
              "duration": 2,
              "state": "failed",
              "speed": null,
              "pass": false,
              "fail": true,
              "pending": false,
              "context": null,
              "code": "const response = await request(baseUrl)\n  .post(endpoint)\n  .set(\"Content-Type\", \"application/json\")\n  .send({ username: 123456, password: validUser.password });\nexpect(response.status).to.equal(400);",
              "err": {
                "message": "AssertionError: expected 409 to equal 400",
                "estack": "AssertionError: expected 409 to equal 400\n    at Context.<anonymous> (test/tests/register.test.js:37:32)\n    at process.processTicksAndRejections (node:internal/process/task_queues:105:5)",
                "diff": "- 409\n+ 400\n"
              },
              "uuid": "34d8f97d-5382-40dd-b1fa-2343625dbc91",
              "parentUUID": "84254048-eb98-422b-be87-70a3e3de49cf",
              "isHook": false,
              "skipped": false
            },
            {
              "title": "03 - Registrar novo usuário com senha inválida",
              "fullTitle": "POST /api/users/register 03 - Registrar novo usuário com senha inválida",
              "timedOut": false,
              "duration": 1,
              "state": "passed",
              "speed": "fast",
              "pass": true,
              "fail": false,
              "pending": false,
              "context": null,
              "code": "const response = await request(baseUrl)\n  .post(endpoint)\n  .set(\"Content-Type\", \"application/json\")\n  .send({ username: validUser.username, password: \"123\" });\nexpect(response.status).to.equal(400);",
              "err": {},
              "uuid": "489c206d-04f0-42de-b232-bd5cbc14409a",
              "parentUUID": "84254048-eb98-422b-be87-70a3e3de49cf",
              "isHook": false,
              "skipped": false
            },
            {
              "title": "04 - Registrar novo usuário com username ausente",
              "fullTitle": "POST /api/users/register 04 - Registrar novo usuário com username ausente",
              "timedOut": false,
              "duration": 1,
              "state": "passed",
              "speed": "fast",
              "pass": true,
              "fail": false,
              "pending": false,
              "context": null,
              "code": "const response = await request(baseUrl)\n  .post(endpoint)\n  .set(\"Content-Type\", \"application/json\")\n  .send({ username: \"\", password: validUser.password });\nexpect(response.status).to.equal(400);",
              "err": {},
              "uuid": "9eaa83b7-316c-4d05-8397-ece50f60b1f4",
              "parentUUID": "84254048-eb98-422b-be87-70a3e3de49cf",
              "isHook": false,
              "skipped": false
            },
            {
              "title": "05 - Registrar novo usuário com senha ausente",
              "fullTitle": "POST /api/users/register 05 - Registrar novo usuário com senha ausente",
              "timedOut": false,
              "duration": 0,
              "state": "passed",
              "speed": "fast",
              "pass": true,
              "fail": false,
              "pending": false,
              "context": null,
              "code": "const response = await request(baseUrl)\n  .post(endpoint)\n  .set(\"Content-Type\", \"application/json\")\n  .send({ username: validUser.username, password: \"\" });\nexpect(response.status).to.equal(400);",
              "err": {},
              "uuid": "7ada0e46-8f34-497f-bc7c-1fd601ca9804",
              "parentUUID": "84254048-eb98-422b-be87-70a3e3de49cf",
              "isHook": false,
              "skipped": false
            },
            {
              "title": "06 - Registrar novo usuário já existente",
              "fullTitle": "POST /api/users/register 06 - Registrar novo usuário já existente",
              "timedOut": false,
              "duration": 0,
              "state": "passed",
              "speed": "fast",
              "pass": true,
              "fail": false,
              "pending": false,
              "context": null,
              "code": "const response = await request(baseUrl)\n  .post(endpoint)\n  .set(\"Content-Type\", \"application/json\")\n  .send({ username: \"celia.bruno\" , password: \"123456\" });\nexpect(response.status).to.equal(409);",
              "err": {},
              "uuid": "bded9c6c-d8cf-4822-b9a2-1f0e79b99e43",
              "parentUUID": "84254048-eb98-422b-be87-70a3e3de49cf",
              "isHook": false,
              "skipped": false
            }
          ],
          "suites": [],
          "passes": [
            "78455890-8401-446c-84b1-c6c961feba76",
            "489c206d-04f0-42de-b232-bd5cbc14409a",
            "9eaa83b7-316c-4d05-8397-ece50f60b1f4",
            "7ada0e46-8f34-497f-bc7c-1fd601ca9804",
            "bded9c6c-d8cf-4822-b9a2-1f0e79b99e43"
          ],
          "failures": [
            "34d8f97d-5382-40dd-b1fa-2343625dbc91"
          ],
          "pending": [],
          "skipped": [],
          "duration": 27,
          "root": false,
          "rootEmpty": false,
          "_timeout": 2000
        },
        {
          "uuid": "e891bd91-03a7-4da1-89a4-b226a6526d49",
          "title": "GET /api/users/user",
          "fullFile": "/Users/celiapaiva/M2.0/travel-manager-api/test/tests/user.test.js",
          "file": "/test/tests/user.test.js",
          "beforeHooks": [
            {
              "title": "\"before all\" hook in \"GET /api/users/user\"",
              "fullTitle": "GET /api/users/user \"before all\" hook in \"GET /api/users/user\"",
              "timedOut": false,
              "duration": 25,
              "state": null,
              "speed": null,
              "pass": false,
              "fail": false,
              "pending": false,
              "context": null,
              "code": "// Garante que o usuário existe antes dos testes\nawait request(baseUrl)\n  .post(\"/api/users/register\")\n  .set(\"Content-Type\", \"application/json\")\n  .send(validUser);\ntoken = await obterToken(validUser.username, validUser.password);",
              "err": {},
              "uuid": "9858cee9-418a-4b73-93e4-b563edb3bfb6",
              "parentUUID": "e891bd91-03a7-4da1-89a4-b226a6526d49",
              "isHook": true,
              "skipped": false
            }
          ],
          "afterHooks": [],
          "tests": [
            {
              "title": "12 - Acessar informações do usuário com autenticação válida",
              "fullTitle": "GET /api/users/user 12 - Acessar informações do usuário com autenticação válida",
              "timedOut": false,
              "duration": 2,
              "state": "passed",
              "speed": "fast",
              "pass": true,
              "fail": false,
              "pending": false,
              "context": null,
              "code": "const response = await request(baseUrl)\n  .get(endpoint)\n  .set(\"Authorization\", `Bearer ${token}`);\nexpect(response.status).to.equal(200);\nexpect(response.body).to.have.property(\"id\");\nexpect(response.body).to.have.property(\"username\", validUser.username);",
              "err": {},
              "uuid": "2fac168f-cfd1-40aa-be44-9a70961eed63",
              "parentUUID": "e891bd91-03a7-4da1-89a4-b226a6526d49",
              "isHook": false,
              "skipped": false
            },
            {
              "title": "13 - Acessar informações do usuário com autenticação ausente",
              "fullTitle": "GET /api/users/user 13 - Acessar informações do usuário com autenticação ausente",
              "timedOut": false,
              "duration": 1,
              "state": "passed",
              "speed": "fast",
              "pass": true,
              "fail": false,
              "pending": false,
              "context": null,
              "code": "const tokenVazio = \"\";\nconst response = await request(baseUrl)\n  .get(endpoint)\n  .set(\"Authorization\", `Bearer ${tokenVazio}`);\nexpect(response.status).to.equal(401);",
              "err": {},
              "uuid": "bc4b51a3-7210-490a-b5a9-7a362915cfc9",
              "parentUUID": "e891bd91-03a7-4da1-89a4-b226a6526d49",
              "isHook": false,
              "skipped": false
            },
            {
              "title": "14 - Acessar informações do usuário com autenticação inválida",
              "fullTitle": "GET /api/users/user 14 - Acessar informações do usuário com autenticação inválida",
              "timedOut": false,
              "duration": 1,
              "state": "passed",
              "speed": "fast",
              "pass": true,
              "fail": false,
              "pending": false,
              "context": null,
              "code": "const tokenInvalido = \"token_invalido\";\nconst response = await request(baseUrl)\n  .get(endpoint)\n  .set(\"Authorization\", `Bearer ${tokenInvalido}`);\nexpect(response.status).to.equal(403);",
              "err": {},
              "uuid": "d4e355a1-350e-423e-9137-853ba9d0b675",
              "parentUUID": "e891bd91-03a7-4da1-89a4-b226a6526d49",
              "isHook": false,
              "skipped": false
            },
            {
              "title": "15 - Acessar informações de usuário com token expirado",
              "fullTitle": "GET /api/users/user 15 - Acessar informações de usuário com token expirado",
              "timedOut": false,
              "duration": 1,
              "state": "failed",
              "speed": null,
              "pass": false,
              "fail": true,
              "pending": false,
              "context": null,
              "code": "const tokenExpirado = \"eyJhbGciOiJIUzI1NiIsInR5cCI6IkpXVCJ9.eyJpZCI6IjEiLCJ1c2VybmFtZSI6ImNlbGlhLmJydW5vIiwiaWF0IjoxNzYyMzc4MTIwLCJleHAiOjE3NjIzODE3MjB9.pwb5j4At1iXHLc9hrEDyLtecdknL4_3P6xrpfTlvev4\";\nconst response = await request(baseUrl)\n  .get(endpoint)\n  .set(\"Authorization\", `Bearer ${tokenExpirado}`);\nexpect(404).to.include(response.status);",
              "err": {
                "message": "AssertionError: the given combination of arguments (number and number) is invalid for this assertion. You can use an array, a map, an object, a set, a string, or a weakset instead of a number",
                "estack": "AssertionError: the given combination of arguments (number and number) is invalid for this assertion. You can use an array, a map, an object, a set, a string, or a weakset instead of a number\n    at Context.<anonymous> (test/tests/user.test.js:52:20)\n    at process.processTicksAndRejections (node:internal/process/task_queues:105:5)",
                "diff": null
              },
              "uuid": "04554512-cb1f-49c7-8f32-bc3452290786",
              "parentUUID": "e891bd91-03a7-4da1-89a4-b226a6526d49",
              "isHook": false,
              "skipped": false
            }
          ],
          "suites": [],
          "passes": [
            "2fac168f-cfd1-40aa-be44-9a70961eed63",
            "bc4b51a3-7210-490a-b5a9-7a362915cfc9",
            "d4e355a1-350e-423e-9137-853ba9d0b675"
          ],
          "failures": [
            "04554512-cb1f-49c7-8f32-bc3452290786"
          ],
          "pending": [],
          "skipped": [],
          "duration": 5,
          "root": false,
          "rootEmpty": false,
          "_timeout": 2000
        }
      ],
      "passes": [],
      "failures": [],
      "pending": [],
      "skipped": [],
      "duration": 0,
      "root": true,
      "rootEmpty": true,
      "_timeout": 2000
    }
  ],
  "meta": {
    "mocha": {
      "version": "11.7.5"
    },
    "mochawesome": {
      "options": {
        "quiet": true,
        "reportFilename": "index",
        "saveHtml": true,
        "saveJson": true,
        "consoleReporter": "spec",
        "useInlineDiffs": false,
        "code": true
      },
      "version": "7.1.4"
    },
    "marge": {
      "options": {
        "reportDir": "mochawesome-report",
        "reportFilename": "index",
        "quiet": "true"
      },
      "version": "6.3.2"
    }
  }
}